<?xml version="1.0" encoding="UTF-8"?>
<!-- Generated by org.testng.reporters.JUnitXMLReporter -->
<testsuite ignored="28" hostname="TRPL-PUN-0268" failures="0" tests="1" name="Default test" time="89.211" errors="0" timestamp="2025-07-19T22:18:22 IST">
  <testcase classname="testCases.PerformerT" name="StaturyDocPF_Basic_EPFwagesMatching" time="63.491"/>
  <testcase classname="testCases.PerformerT" name="DesignationSearch" time="0.0">
    <ignored/>
  </testcase> <!-- DesignationSearch -->
  <testcase classname="testCases.PerformerT" name="LeaveTypeSearch" time="0.0">
    <ignored/>
  </testcase> <!-- LeaveTypeSearch -->
  <testcase classname="testCases.PerformerT" name="StaturyDocuPT" time="0.0">
    <ignored/>
  </testcase> <!-- StaturyDocuPT -->
  <testcase classname="testCases.PerformerT" name="MastersStaturyDoc" time="0.0">
    <ignored/>
  </testcase> <!-- MastersStaturyDoc -->
  <testcase classname="testCases.PerformerT" name="PaycodeMappingUpload" time="0.0">
    <ignored/>
  </testcase> <!-- PaycodeMappingUpload -->
  <testcase classname="testCases.PerformerT" name="WorkspaceRegistersForms" time="0.0">
    <ignored/>
  </testcase> <!-- WorkspaceRegistersForms -->
  <testcase classname="testCases.PerformerT" name="EntityExcelDownload" time="0.0">
    <ignored/>
  </testcase> <!-- EntityExcelDownload -->
  <testcase classname="testCases.PerformerT" name="EntitiesSearch" time="0.0">
    <ignored/>
  </testcase> <!-- EntitiesSearch -->
  <testcase classname="testCases.PerformerT" name="CompliedFilter" time="0.0">
    <ignored/>
  </testcase> <!-- CompliedFilter -->
  <testcase classname="testCases.PerformerT" name="Complied" time="0.0">
    <ignored/>
  </testcase> <!-- Complied -->
  <testcase classname="testCases.PerformerT" name="WorkspaceChallanActs" time="0.0">
    <ignored/>
  </testcase> <!-- WorkspaceChallanActs -->
  <testcase classname="testCases.PerformerT" name="PaycodeMappingAddNew" time="0.0">
    <ignored/>
  </testcase> <!-- PaycodeMappingAddNew -->
  <testcase classname="testCases.PerformerT" name="WorkspaceApplyClearProceed" time="0.0">
    <ignored/>
  </testcase> <!-- WorkspaceApplyClearProceed -->
  <testcase classname="testCases.PerformerT" name="WorkspaceChallanAct" time="0.0">
    <ignored/>
  </testcase> <!-- WorkspaceChallanAct -->
  <testcase classname="testCases.PerformerT" name="WorkspaceRegister" time="0.0">
    <ignored/>
  </testcase> <!-- WorkspaceRegister -->
  <testcase classname="testCases.PerformerT" name="WorkspaceRegistersSingleFormSelection" time="0.0">
    <ignored/>
  </testcase> <!-- WorkspaceRegistersSingleFormSelection -->
  <testcase classname="testCases.PerformerT" name="WorkspaceReturnForms" time="0.0">
    <ignored/>
  </testcase> <!-- WorkspaceReturnForms -->
  <testcase classname="testCases.PerformerT" name="StateCitySearch" time="0.0">
    <ignored/>
  </testcase> <!-- StateCitySearch -->
  <testcase classname="testCases.PerformerT" name="PortalLogin" time="0.0">
    <ignored/>
  </testcase> <!-- PortalLogin -->
  <testcase classname="testCases.PerformerT" name="Logout" time="0.0">
    <ignored/>
  </testcase> <!-- Logout -->
  <testcase classname="testCases.PerformerT" name="ChallanPTSlab" time="0.0">
    <ignored/>
  </testcase> <!-- ChallanPTSlab -->
  <testcase classname="testCases.PerformerT" name="PaycodeMappingSearchField" time="0.0">
    <ignored/>
  </testcase> <!-- PaycodeMappingSearchField -->
  <testcase classname="testCases.PerformerT" name="ChangePass" time="0.0">
    <ignored/>
  </testcase> <!-- ChangePass -->
  <testcase classname="testCases.PerformerT" name="CompliedChecking" time="0.0">
    <ignored/>
  </testcase> <!-- CompliedChecking -->
  <testcase classname="testCases.PerformerT" name="WorkspaceChallanForms" time="0.0">
    <ignored/>
  </testcase> <!-- WorkspaceChallanForms -->
  <testcase classname="testCases.PerformerT" name="CompanyLogo" time="0.0">
    <ignored/>
  </testcase> <!-- CompanyLogo -->
  <testcase classname="testCases.PerformerT" name="PaycodeMappingEditUpdate" time="0.0">
    <ignored/>
  </testcase> <!-- PaycodeMappingEditUpdate -->
  <testcase classname="testCases.PerformerT" name="OnBoardEntitySearch" time="0.0">
    <ignored/>
  </testcase> <!-- OnBoardEntitySearch -->
</testsuite> <!-- Default test -->
