<?xml version="1.0" encoding="UTF-8"?>
<!-- Generated by org.testng.reporters.JUnitXMLReporter -->
<testsuite ignored="116" hostname="TRPL-PUN-0268" failures="1" tests="1" name="Default test" time="123.689" errors="0" timestamp="2025-07-08T18:35:20 IST">
  <testcase classname="testCases.All_Client_Portal_TestCases" name="RegistrationSHistoryViewDownload" time="105.846">
    <failure type="org.openqa.selenium.NoSuchElementException" message="no such element: Unable to locate element: {&amp;quot;method&amp;quot;:&amp;quot;xpath&amp;quot;,&amp;quot;selector&amp;quot;:&amp;quot;//*[@class=&amp;apos;k-svg-i-x k-button-icon k-svg-icon k-icon ng-star-inserted&amp;apos;]&amp;quot;}
  (Session info: chrome=138.0.7204.51)
For documentation on this error, please visit: http://seleniumhq.org/exceptions/no_such_element.html
Build info: version: &amp;apos;3.141.0&amp;apos;, revision: &amp;apos;2ecb7d9a&amp;apos;, time: &amp;apos;2018-10-31T20:09:30&amp;apos;
System info: host: &amp;apos;TRPL-PUN-0268&amp;apos;, ip: &amp;apos;192.168.1.6&amp;apos;, os.name: &amp;apos;Windows 11&amp;apos;, os.arch: &amp;apos;amd64&amp;apos;, os.version: &amp;apos;10.0&amp;apos;, java.version: &amp;apos;23.0.1&amp;apos;
Driver info: org.openqa.selenium.chrome.ChromeDriver
Capabilities {acceptInsecureCerts: false, browserName: chrome, browserVersion: 138.0.7204.51, chrome: {chromedriverVersion: 138.0.7204.92 (f079b9bc781e..., userDataDir: C:\Users\bilali\AppData\Loc...}, fedcm:accounts: true, goog:chromeOptions: {debuggerAddress: localhost:52401}, javascriptEnabled: true, networkConnectionEnabled: false, pageLoadStrategy: normal, platform: WINDOWS, platformName: WINDOWS, proxy: Proxy(), setWindowRect: true, strictFileInteractability: false, timeouts: {implicit: 0, pageLoad: 300000, script: 30000}, unhandledPromptBehavior: dismiss and notify, webauthn:extension:credBlob: true, webauthn:extension:largeBlob: true, webauthn:extension:minPinLength: true, webauthn:extension:prf: true, webauthn:virtualAuthenticators: true}
Session ID: 51b6f9505b9582d5f951ffbd27282c5d
*** Element info: {Using=xpath, value=//*[@class=&amp;apos;k-svg-i-x k-button-icon k-svg-icon k-icon ng-star-inserted&amp;apos;]}">
      <![CDATA[org.openqa.selenium.NoSuchElementException: no such element: Unable to locate element: {"method":"xpath","selector":"//*[@class='k-svg-i-x k-button-icon k-svg-icon k-icon ng-star-inserted']"}
  (Session info: chrome=138.0.7204.51)
For documentation on this error, please visit: http://seleniumhq.org/exceptions/no_such_element.html
Build info: version: '3.141.0', revision: '2ecb7d9a', time: '2018-10-31T20:09:30'
System info: host: 'TRPL-PUN-0268', ip: '192.168.1.6', os.name: 'Windows 11', os.arch: 'amd64', os.version: '10.0', java.version: '23.0.1'
Driver info: org.openqa.selenium.chrome.ChromeDriver
Capabilities {acceptInsecureCerts: false, browserName: chrome, browserVersion: 138.0.7204.51, chrome: {chromedriverVersion: 138.0.7204.92 (f079b9bc781e..., userDataDir: C:\Users\bilali\AppData\Loc...}, fedcm:accounts: true, goog:chromeOptions: {debuggerAddress: localhost:52401}, javascriptEnabled: true, networkConnectionEnabled: false, pageLoadStrategy: normal, platform: WINDOWS, platformName: WINDOWS, proxy: Proxy(), setWindowRect: true, strictFileInteractability: false, timeouts: {implicit: 0, pageLoad: 300000, script: 30000}, unhandledPromptBehavior: dismiss and notify, webauthn:extension:credBlob: true, webauthn:extension:largeBlob: true, webauthn:extension:minPinLength: true, webauthn:extension:prf: true, webauthn:virtualAuthenticators: true}
Session ID: 51b6f9505b9582d5f951ffbd27282c5d
*** Element info: {Using=xpath, value=//*[@class='k-svg-i-x k-button-icon k-svg-icon k-icon ng-star-inserted']}
at java.base/jdk.internal.reflect.DirectConstructorHandleAccessor.newInstance(DirectConstructorHandleAccessor.java:62)
at java.base/java.lang.reflect.Constructor.newInstanceWithCaller(Constructor.java:501)
at java.base/java.lang.reflect.Constructor.newInstance(Constructor.java:485)
at org.openqa.selenium.remote.http.W3CHttpResponseCodec.createException(W3CHttpResponseCodec.java:187)
at org.openqa.selenium.remote.http.W3CHttpResponseCodec.decode(W3CHttpResponseCodec.java:122)
at org.openqa.selenium.remote.http.W3CHttpResponseCodec.decode(W3CHttpResponseCodec.java:49)
at org.openqa.selenium.remote.HttpCommandExecutor.execute(HttpCommandExecutor.java:158)
at org.openqa.selenium.remote.service.DriverCommandExecutor.execute(DriverCommandExecutor.java:83)
at org.openqa.selenium.remote.RemoteWebDriver.execute(RemoteWebDriver.java:552)
at org.openqa.selenium.remote.RemoteWebDriver.findElement(RemoteWebDriver.java:323)
at org.openqa.selenium.remote.RemoteWebDriver.findElementByXPath(RemoteWebDriver.java:428)
at org.openqa.selenium.By$ByXPath.findElement(By.java:353)
at org.openqa.selenium.remote.RemoteWebDriver.findElement(RemoteWebDriver.java:315)
at clientPortal.All_ClientPortal_Locators.OverviewClose(All_ClientPortal_Locators.java:180)
at clientPortal.All_ClientPortal_Methods.RegistrationSHistoryViewDownload(All_ClientPortal_Methods.java:3689)
at testCases.All_Client_Portal_TestCases.RegistrationSHistoryViewDownload(All_Client_Portal_TestCases.java:1433)
at java.base/jdk.internal.reflect.DirectMethodHandleAccessor.invoke(DirectMethodHandleAccessor.java:103)
at java.base/java.lang.reflect.Method.invoke(Method.java:580)
at org.testng.internal.invokers.MethodInvocationHelper.invokeMethod(MethodInvocationHelper.java:139)
at org.testng.internal.invokers.TestInvoker.invokeMethod(TestInvoker.java:677)
at org.testng.internal.invokers.TestInvoker.invokeTestMethod(TestInvoker.java:221)
at org.testng.internal.invokers.MethodRunner.runInSequence(MethodRunner.java:50)
at org.testng.internal.invokers.TestInvoker$MethodInvocationAgent.invoke(TestInvoker.java:969)
at org.testng.internal.invokers.TestInvoker.invokeTestMethods(TestInvoker.java:194)
at org.testng.internal.invokers.TestMethodWorker.invokeTestMethods(TestMethodWorker.java:148)
at org.testng.internal.invokers.TestMethodWorker.run(TestMethodWorker.java:128)
at java.base/java.util.ArrayList.forEach(ArrayList.java:1597)
at org.testng.TestRunner.privateRun(TestRunner.java:829)
at org.testng.TestRunner.run(TestRunner.java:602)
at org.testng.SuiteRunner.runTest(SuiteRunner.java:437)
at org.testng.SuiteRunner.runSequentially(SuiteRunner.java:431)
at org.testng.SuiteRunner.privateRun(SuiteRunner.java:391)
at org.testng.SuiteRunner.run(SuiteRunner.java:330)
at org.testng.SuiteRunnerWorker.runSuite(SuiteRunnerWorker.java:52)
at org.testng.SuiteRunnerWorker.run(SuiteRunnerWorker.java:95)
at org.testng.TestNG.runSuitesSequentially(TestNG.java:1256)
at org.testng.TestNG.runSuitesLocally(TestNG.java:1176)
at org.testng.TestNG.runSuites(TestNG.java:1099)
at org.testng.TestNG.run(TestNG.java:1067)
at org.testng.remote.AbstractRemoteTestNG.run(AbstractRemoteTestNG.java:115)
at org.testng.remote.RemoteTestNG.initAndRun(RemoteTestNG.java:293)
at org.testng.remote.RemoteTestNG.main(RemoteTestNG.java:91)
]]>
    </failure>
  </testcase> <!-- RegistrationSHistoryViewDownload -->
  <testcase classname="testCases.All_Client_Portal_TestCases" name="ExpiredRegistrationsEdit" time="0.0">
    <ignored/>
  </testcase> <!-- ExpiredRegistrationsEdit -->
  <testcase classname="testCases.All_Client_Portal_TestCases" name="exportERE" time="0.0">
    <ignored/>
  </testcase> <!-- exportERE -->
  <testcase classname="testCases.All_Client_Portal_TestCases" name="RegistrationActiveEditView" time="0.0">
    <ignored/>
  </testcase> <!-- RegistrationActiveEditView -->
  <testcase classname="testCases.All_Client_Portal_TestCases" name="ERSearch" time="0.0">
    <ignored/>
  </testcase> <!-- ERSearch -->
  <testcase classname="testCases.All_Client_Portal_TestCases" name="RegistrationSExport" time="0.0">
    <ignored/>
  </testcase> <!-- RegistrationSExport -->
  <testcase classname="testCases.All_Client_Portal_TestCases" name="RegistrationStatusEditDownloadbtn" time="0.0">
    <ignored/>
  </testcase> <!-- RegistrationStatusEditDownloadbtn -->
  <testcase classname="testCases.All_Client_Portal_TestCases" name="RegistrationSHistoryExportEx" time="0.0">
    <ignored/>
  </testcase> <!-- RegistrationSHistoryExportEx -->
  <testcase classname="testCases.All_Client_Portal_TestCases" name="RegistrationStatusExport" time="0.0">
    <ignored/>
  </testcase> <!-- RegistrationStatusExport -->
  <testcase classname="testCases.All_Client_Portal_TestCases" name="NoticeStatusSearch" time="0.0">
    <ignored/>
  </testcase> <!-- NoticeStatusSearch -->
  <testcase classname="testCases.All_Client_Portal_TestCases" name="NoticeViewEditDocumentDownload" time="0.0">
    <ignored/>
  </testcase> <!-- NoticeViewEditDocumentDownload -->
  <testcase classname="testCases.All_Client_Portal_TestCases" name="RegistrationSActivePagination" time="0.0">
    <ignored/>
  </testcase> <!-- RegistrationSActivePagination -->
  <testcase classname="testCases.All_Client_Portal_TestCases" name="downloadECComplied" time="0.0">
    <ignored/>
  </testcase> <!-- downloadECComplied -->
  <testcase classname="testCases.All_Client_Portal_TestCases" name="RCCompliedPagination" time="0.0">
    <ignored/>
  </testcase> <!-- RCCompliedPagination -->
  <testcase classname="testCases.All_Client_Portal_TestCases" name="NoticeStatusOpenPagination" time="0.0">
    <ignored/>
  </testcase> <!-- NoticeStatusOpenPagination -->
  <testcase classname="testCases.All_Client_Portal_TestCases" name="OpenNoticesView" time="0.0">
    <ignored/>
  </testcase> <!-- OpenNoticesView -->
  <testcase classname="testCases.All_Client_Portal_TestCases" name="ECOverduePagination" time="0.0">
    <ignored/>
  </testcase> <!-- ECOverduePagination -->
  <testcase classname="testCases.All_Client_Portal_TestCases" name="assignedSelectActFilter" time="0.0">
    <ignored/>
  </testcase> <!-- assignedSelectActFilter -->
  <testcase classname="testCases.All_Client_Portal_TestCases" name="RegistrationStatusEx" time="0.0">
    <ignored/>
  </testcase> <!-- RegistrationStatusEx -->
  <testcase classname="testCases.All_Client_Portal_TestCases" name="RegistrationSViewEx" time="0.0">
    <ignored/>
  </testcase> <!-- RegistrationSViewEx -->
  <testcase classname="testCases.All_Client_Portal_TestCases" name="RegistrationStatusEditExport" time="0.0">
    <ignored/>
  </testcase> <!-- RegistrationStatusEditExport -->
  <testcase classname="testCases.All_Client_Portal_TestCases" name="exportOpen" time="0.0">
    <ignored/>
  </testcase> <!-- exportOpen -->
  <testcase classname="testCases.All_Client_Portal_TestCases" name="InitiateActionBack" time="0.0">
    <ignored/>
  </testcase> <!-- InitiateActionBack -->
  <testcase classname="testCases.All_Client_Portal_TestCases" name="ClearExportRCComplied" time="0.0">
    <ignored/>
  </testcase> <!-- ClearExportRCComplied -->
  <testcase classname="testCases.All_Client_Portal_TestCases" name="OpenNoticesback" time="0.0">
    <ignored/>
  </testcase> <!-- OpenNoticesback -->
  <testcase classname="testCases.All_Client_Portal_TestCases" name="exportcount12" time="0.0">
    <ignored/>
  </testcase> <!-- exportcount12 -->
  <testcase classname="testCases.All_Client_Portal_TestCases" name="LocationsSearch" time="0.0">
    <ignored/>
  </testcase> <!-- LocationsSearch -->
  <testcase classname="testCases.All_Client_Portal_TestCases" name="CalendarCount" time="0.0">
    <ignored/>
  </testcase> <!-- CalendarCount -->
  <testcase classname="testCases.All_Client_Portal_TestCases" name="RegistrationSHistoryExport" time="0.0">
    <ignored/>
  </testcase> <!-- RegistrationSHistoryExport -->
  <testcase classname="testCases.All_Client_Portal_TestCases" name="RegistrationActiveEditDownloadbtn" time="0.0">
    <ignored/>
  </testcase> <!-- RegistrationActiveEditDownloadbtn -->
  <testcase classname="testCases.All_Client_Portal_TestCases" name="ActiveSearch" time="0.0">
    <ignored/>
  </testcase> <!-- ActiveSearch -->
  <testcase classname="testCases.All_Client_Portal_TestCases" name="RegistrationSHistoryEx" time="0.0">
    <ignored/>
  </testcase> <!-- RegistrationSHistoryEx -->
  <testcase classname="testCases.All_Client_Portal_TestCases" name="NoticeViewEditTabs" time="0.0">
    <ignored/>
  </testcase> <!-- NoticeViewEditTabs -->
  <testcase classname="testCases.All_Client_Portal_TestCases" name="assignedCompRegisterExport" time="0.0">
    <ignored/>
  </testcase> <!-- assignedCompRegisterExport -->
  <testcase classname="testCases.All_Client_Portal_TestCases" name="NoticeStatusOpenHyperLinkCount" time="0.0">
    <ignored/>
  </testcase> <!-- NoticeStatusOpenHyperLinkCount -->
  <testcase classname="testCases.All_Client_Portal_TestCases" name="OpenNoticesEditback" time="0.0">
    <ignored/>
  </testcase> <!-- OpenNoticesEditback -->
  <testcase classname="testCases.All_Client_Portal_TestCases" name="Locations" time="0.0">
    <ignored/>
  </testcase> <!-- Locations -->
  <testcase classname="testCases.All_Client_Portal_TestCases" name="NoticeSearch" time="0.0">
    <ignored/>
  </testcase> <!-- NoticeSearch -->
  <testcase classname="testCases.All_Client_Portal_TestCases" name="DownloadActiveEx" time="0.0">
    <ignored/>
  </testcase> <!-- DownloadActiveEx -->
  <testcase classname="testCases.All_Client_Portal_TestCases" name="RegistrationActiveEditInitiateActionSubmit" time="0.0">
    <ignored/>
  </testcase> <!-- RegistrationActiveEditInitiateActionSubmit -->
  <testcase classname="testCases.All_Client_Portal_TestCases" name="ViewAddNewNotices" time="0.0">
    <ignored/>
  </testcase> <!-- ViewAddNewNotices -->
  <testcase classname="testCases.All_Client_Portal_TestCases" name="CalendarOverviewPagination" time="0.0">
    <ignored/>
  </testcase> <!-- CalendarOverviewPagination -->
  <testcase classname="testCases.All_Client_Portal_TestCases" name="ERviewBack" time="0.0">
    <ignored/>
  </testcase> <!-- ERviewBack -->
  <testcase classname="testCases.All_Client_Portal_TestCases" name="NoticeStatusOpenClosedCountWithTotalNotices" time="0.0">
    <ignored/>
  </testcase> <!-- NoticeStatusOpenClosedCountWithTotalNotices -->
  <testcase classname="testCases.All_Client_Portal_TestCases" name="ERview" time="0.0">
    <ignored/>
  </testcase> <!-- ERview -->
  <testcase classname="testCases.All_Client_Portal_TestCases" name="RegistrationActiveEditExport" time="0.0">
    <ignored/>
  </testcase> <!-- RegistrationActiveEditExport -->
  <testcase classname="testCases.All_Client_Portal_TestCases" name="exportER" time="0.0">
    <ignored/>
  </testcase> <!-- exportER -->
  <testcase classname="testCases.All_Client_Portal_TestCases" name="ECOverdue" time="0.0">
    <ignored/>
  </testcase> <!-- ECOverdue -->
  <testcase classname="testCases.All_Client_Portal_TestCases" name="assignedCompReturnExport" time="0.0">
    <ignored/>
  </testcase> <!-- assignedCompReturnExport -->
  <testcase classname="testCases.All_Client_Portal_TestCases" name="searchEcComplied" time="0.0">
    <ignored/>
  </testcase> <!-- searchEcComplied -->
  <testcase classname="testCases.All_Client_Portal_TestCases" name="RegistrationStatusEditClearbtn" time="0.0">
    <ignored/>
  </testcase> <!-- RegistrationStatusEditClearbtn -->
  <testcase classname="testCases.All_Client_Portal_TestCases" name="NoticeSearchClear" time="0.0">
    <ignored/>
  </testcase> <!-- NoticeSearchClear -->
  <testcase classname="testCases.All_Client_Portal_TestCases" name="OpenNoticesEditDelete" time="0.0">
    <ignored/>
  </testcase> <!-- OpenNoticesEditDelete -->
  <testcase classname="testCases.All_Client_Portal_TestCases" name="searchECOverdue" time="0.0">
    <ignored/>
  </testcase> <!-- searchECOverdue -->
  <testcase classname="testCases.All_Client_Portal_TestCases" name="RegistrationSHistorySearch" time="0.0">
    <ignored/>
  </testcase> <!-- RegistrationSHistorySearch -->
  <testcase classname="testCases.All_Client_Portal_TestCases" name="ViewOverDownloadRCComplied" time="0.0">
    <ignored/>
  </testcase> <!-- ViewOverDownloadRCComplied -->
  <testcase classname="testCases.All_Client_Portal_TestCases" name="EntitiesTabPagination" time="0.0">
    <ignored/>
  </testcase> <!-- EntitiesTabPagination -->
  <testcase classname="testCases.All_Client_Portal_TestCases" name="assignedCompSearch" time="0.0">
    <ignored/>
  </testcase> <!-- assignedCompSearch -->
  <testcase classname="testCases.All_Client_Portal_TestCases" name="overviewECComplied" time="0.0">
    <ignored/>
  </testcase> <!-- overviewECComplied -->
  <testcase classname="testCases.All_Client_Portal_TestCases" name="ClosedView" time="0.0">
    <ignored/>
  </testcase> <!-- ClosedView -->
  <testcase classname="testCases.All_Client_Portal_TestCases" name="RCOverdueSearch" time="0.0">
    <ignored/>
  </testcase> <!-- RCOverdueSearch -->
  <testcase classname="testCases.All_Client_Portal_TestCases" name="RegistrationSearch" time="0.0">
    <ignored/>
  </testcase> <!-- RegistrationSearch -->
  <testcase classname="testCases.All_Client_Portal_TestCases" name="InitiateAction" time="0.0">
    <ignored/>
  </testcase> <!-- InitiateAction -->
  <testcase classname="testCases.All_Client_Portal_TestCases" name="exportEcComplied" time="0.0">
    <ignored/>
  </testcase> <!-- exportEcComplied -->
  <testcase classname="testCases.All_Client_Portal_TestCases" name="RegistrationActiveEditbtn" time="0.0">
    <ignored/>
  </testcase> <!-- RegistrationActiveEditbtn -->
  <testcase classname="testCases.All_Client_Portal_TestCases" name="RegistrationStatusExpiredPagination" time="0.0">
    <ignored/>
  </testcase> <!-- RegistrationStatusExpiredPagination -->
  <testcase classname="testCases.All_Client_Portal_TestCases" name="RegistrationStatusEditView" time="0.0">
    <ignored/>
  </testcase> <!-- RegistrationStatusEditView -->
  <testcase classname="testCases.All_Client_Portal_TestCases" name="DailyUpdates" time="0.0">
    <ignored/>
  </testcase> <!-- DailyUpdates -->
  <testcase classname="testCases.All_Client_Portal_TestCases" name="NoticeStatusClosedHyperLinkCount" time="0.0">
    <ignored/>
  </testcase> <!-- NoticeStatusClosedHyperLinkCount -->
  <testcase classname="testCases.All_Client_Portal_TestCases" name="exportEC" time="0.0">
    <ignored/>
  </testcase> <!-- exportEC -->
  <testcase classname="testCases.All_Client_Portal_TestCases" name="ClosedStatus" time="0.0">
    <ignored/>
  </testcase> <!-- ClosedStatus -->
  <testcase classname="testCases.All_Client_Portal_TestCases" name="OpenNoticeViewPagination" time="0.0">
    <ignored/>
  </testcase> <!-- OpenNoticeViewPagination -->
  <testcase classname="testCases.All_Client_Portal_TestCases" name="ERSearchClear" time="0.0">
    <ignored/>
  </testcase> <!-- ERSearchClear -->
  <testcase classname="testCases.All_Client_Portal_TestCases" name="AssignedCompliancesRgisterReturnChallanCount" time="0.0">
    <ignored/>
  </testcase> <!-- AssignedCompliancesRgisterReturnChallanCount -->
  <testcase classname="testCases.All_Client_Portal_TestCases" name="exportClosed" time="0.0">
    <ignored/>
  </testcase> <!-- exportClosed -->
  <testcase classname="testCases.All_Client_Portal_TestCases" name="clearBtnECOverdue" time="0.0">
    <ignored/>
  </testcase> <!-- clearBtnECOverdue -->
  <testcase classname="testCases.All_Client_Portal_TestCases" name="RCOverduePagination" time="0.0">
    <ignored/>
  </testcase> <!-- RCOverduePagination -->
  <testcase classname="testCases.All_Client_Portal_TestCases" name="RegistrationActiveEditClear" time="0.0">
    <ignored/>
  </testcase> <!-- RegistrationActiveEditClear -->
  <testcase classname="testCases.All_Client_Portal_TestCases" name="ECComplied" time="0.0">
    <ignored/>
  </testcase> <!-- ECComplied -->
  <testcase classname="testCases.All_Client_Portal_TestCases" name="AssignedCompliancesPagination" time="0.0">
    <ignored/>
  </testcase> <!-- AssignedCompliancesPagination -->
  <testcase classname="testCases.All_Client_Portal_TestCases" name="OpenNotices" time="0.0">
    <ignored/>
  </testcase> <!-- OpenNotices -->
  <testcase classname="testCases.All_Client_Portal_TestCases" name="PaginationECComplied" time="0.0">
    <ignored/>
  </testcase> <!-- PaginationECComplied -->
  <testcase classname="testCases.All_Client_Portal_TestCases" name="RegistrationActiveEditInitiateAction" time="0.0">
    <ignored/>
  </testcase> <!-- RegistrationActiveEditInitiateAction -->
  <testcase classname="testCases.All_Client_Portal_TestCases" name="ExpiredRegistrations" time="0.0">
    <ignored/>
  </testcase> <!-- ExpiredRegistrations -->
  <testcase classname="testCases.All_Client_Portal_TestCases" name="EntitiesSearch" time="0.0">
    <ignored/>
  </testcase> <!-- EntitiesSearch -->
  <testcase classname="testCases.All_Client_Portal_TestCases" name="RegistrationActiveEditSearch" time="0.0">
    <ignored/>
  </testcase> <!-- RegistrationActiveEditSearch -->
  <testcase classname="testCases.All_Client_Portal_TestCases" name="RegistrationStatusExportE" time="0.0">
    <ignored/>
  </testcase> <!-- RegistrationStatusExportE -->
  <testcase classname="testCases.All_Client_Portal_TestCases" name="RegistrationSHistory" time="0.0">
    <ignored/>
  </testcase> <!-- RegistrationSHistory -->
  <testcase classname="testCases.All_Client_Portal_TestCases" name="RegistrationStatusEditSearch" time="0.0">
    <ignored/>
  </testcase> <!-- RegistrationStatusEditSearch -->
  <testcase classname="testCases.All_Client_Portal_TestCases" name="RegistrationStatusPagination" time="0.0">
    <ignored/>
  </testcase> <!-- RegistrationStatusPagination -->
  <testcase classname="testCases.All_Client_Portal_TestCases" name="DownloadActive" time="0.0">
    <ignored/>
  </testcase> <!-- DownloadActive -->
  <testcase classname="testCases.All_Client_Portal_TestCases" name="clearbtnEcComplied" time="0.0">
    <ignored/>
  </testcase> <!-- clearbtnEcComplied -->
  <testcase classname="testCases.All_Client_Portal_TestCases" name="NoticeStatusPagination" time="0.0">
    <ignored/>
  </testcase> <!-- NoticeStatusPagination -->
  <testcase classname="testCases.All_Client_Portal_TestCases" name="AssignedCompliances" time="0.0">
    <ignored/>
  </testcase> <!-- AssignedCompliances -->
  <testcase classname="testCases.All_Client_Portal_TestCases" name="ExpiredRegistrationPagination" time="0.0">
    <ignored/>
  </testcase> <!-- ExpiredRegistrationPagination -->
  <testcase classname="testCases.All_Client_Portal_TestCases" name="NoticeStatusClosedPagination" time="0.0">
    <ignored/>
  </testcase> <!-- NoticeStatusClosedPagination -->
  <testcase classname="testCases.All_Client_Portal_TestCases" name="CalendarNextPreviousToday" time="0.0">
    <ignored/>
  </testcase> <!-- CalendarNextPreviousToday -->
  <testcase classname="testCases.All_Client_Portal_TestCases" name="assignedCompChallanExport" time="0.0">
    <ignored/>
  </testcase> <!-- assignedCompChallanExport -->
  <testcase classname="testCases.All_Client_Portal_TestCases" name="RegistrationSView" time="0.0">
    <ignored/>
  </testcase> <!-- RegistrationSView -->
  <testcase classname="testCases.All_Client_Portal_TestCases" name="OpenNoticesPagination" time="0.0">
    <ignored/>
  </testcase> <!-- OpenNoticesPagination -->
  <testcase classname="testCases.All_Client_Portal_TestCases" name="RCOverdueClearExport" time="0.0">
    <ignored/>
  </testcase> <!-- RCOverdueClearExport -->
  <testcase classname="testCases.All_Client_Portal_TestCases" name="Entities" time="0.0">
    <ignored/>
  </testcase> <!-- Entities -->
  <testcase classname="testCases.All_Client_Portal_TestCases" name="OpenStatus" time="0.0">
    <ignored/>
  </testcase> <!-- OpenStatus -->
  <testcase classname="testCases.All_Client_Portal_TestCases" name="RegistrationStatusActiveColumnCount" time="0.0">
    <ignored/>
  </testcase> <!-- RegistrationStatusActiveColumnCount -->
  <testcase classname="testCases.All_Client_Portal_TestCases" name="RCOverdueOverview" time="0.0">
    <ignored/>
  </testcase> <!-- RCOverdueOverview -->
  <testcase classname="testCases.All_Client_Portal_TestCases" name="AbstractStatusIsDisplayed" time="0.0">
    <ignored/>
  </testcase> <!-- AbstractStatusIsDisplayed -->
  <testcase classname="testCases.All_Client_Portal_TestCases" name="OverviewAC" time="0.0">
    <ignored/>
  </testcase> <!-- OverviewAC -->
  <testcase classname="testCases.All_Client_Portal_TestCases" name="RegistrationStatusEditInitiateAction" time="0.0">
    <ignored/>
  </testcase> <!-- RegistrationStatusEditInitiateAction -->
  <testcase classname="testCases.All_Client_Portal_TestCases" name="OpenView" time="0.0">
    <ignored/>
  </testcase> <!-- OpenView -->
  <testcase classname="testCases.All_Client_Portal_TestCases" name="searchRCComplied" time="0.0">
    <ignored/>
  </testcase> <!-- searchRCComplied -->
  <testcase classname="testCases.All_Client_Portal_TestCases" name="RegistrationStatusEdit" time="0.0">
    <ignored/>
  </testcase> <!-- RegistrationStatusEdit -->
  <testcase classname="testCases.All_Client_Portal_TestCases" name="exportNotice" time="0.0">
    <ignored/>
  </testcase> <!-- exportNotice -->
  <testcase classname="testCases.All_Client_Portal_TestCases" name="exportNoticeStatus" time="0.0">
    <ignored/>
  </testcase> <!-- exportNoticeStatus -->
  <testcase classname="testCases.All_Client_Portal_TestCases" name="ExpiredSearch" time="0.0">
    <ignored/>
  </testcase> <!-- ExpiredSearch -->
  <testcase classname="testCases.All_Client_Portal_TestCases" name="OverviewNotice" time="0.0">
    <ignored/>
  </testcase> <!-- OverviewNotice -->
  <testcase classname="testCases.All_Client_Portal_TestCases" name="CalendarExport" time="0.0">
    <ignored/>
  </testcase> <!-- CalendarExport -->
  <testcase classname="testCases.All_Client_Portal_TestCases" name="LocationsPagination" time="0.0">
    <ignored/>
  </testcase> <!-- LocationsPagination -->
</testsuite> <!-- Default test -->
