<?xml version="1.0" encoding="UTF-8"?>
<!-- Generated by org.testng.reporters.JUnitXMLReporter -->
<testsuite ignored="7" hostname="TRPL-PUN-0268" failures="0" tests="1" name="Default test" time="382.559" errors="0" timestamp="2025-09-23T17:54:44 IST">
  <testcase classname="BusinessUseCases.PT" name="Challan_PT_ANP_EmployeeID" time="363.255"/>
  <testcase classname="BusinessUseCases.PT" name="StaturyDocPF_Basic_EPFwagesMatching" time="0.0">
    <ignored/>
  </testcase> <!-- StaturyDocPF_Basic_EPFwagesMatching -->
  <testcase classname="BusinessUseCases.PT" name="Challan_PT_Test" time="0.0">
    <ignored/>
  </testcase> <!-- Challan_PT_Test -->
  <testcase classname="BusinessUseCases.PT" name="Challan_PT_PTGrossWages" time="0.0">
    <ignored/>
  </testcase> <!-- Challan_PT_PTGrossWages -->
  <testcase classname="BusinessUseCases.PT" name="Challan_PT_PTAmount" time="0.0">
    <ignored/>
  </testcase> <!-- Challan_PT_PTAmount -->
  <testcase classname="BusinessUseCases.PT" name="Challan_PT_Gender" time="0.0">
    <ignored/>
  </testcase> <!-- Challan_PT_Gender -->
  <testcase classname="BusinessUseCases.PT" name="Challan_PT_EmployeeNamee" time="0.0">
    <ignored/>
  </testcase> <!-- Challan_PT_EmployeeNamee -->
  <testcase classname="BusinessUseCases.PT" name="Challan_PT_Locations" time="0.0">
    <ignored/>
  </testcase> <!-- Challan_PT_Locations -->
</testsuite> <!-- Default test -->
