<?xml version="1.0" encoding="UTF-8"?>
<!-- Generated by org.testng.reporters.JUnitXMLReporter -->
<testsuite ignored="138" hostname="TRPL-PUN-0268" failures="0" tests="1" name="Default test" time="219.841" errors="0" timestamp="2026-03-10T14:09:57 IST">
  <testcase classname="testCases.All_Performer_TestCases" name="PayBonusStateDocZipFile" time="205.521"/>
  <testcase classname="testCases.All_Performer_TestCases" name="StateDocZipFileChallan" time="0.0">
    <ignored/>
  </testcase> <!-- StateDocZipFileChallan -->
  <testcase classname="testCases.All_Performer_TestCases" name="SubcodeMasterExportbutton" time="0.0">
    <ignored/>
  </testcase> <!-- SubcodeMasterExportbutton -->
  <testcase classname="testCases.All_Performer_TestCases" name="ESICInputs_Updation_SampleFile" time="0.0">
    <ignored/>
  </testcase> <!-- ESICInputs_Updation_SampleFile -->
  <testcase classname="testCases.All_Performer_TestCases" name="employeeFilters" time="0.0">
    <ignored/>
  </testcase> <!-- employeeFilters -->
  <testcase classname="testCases.All_Performer_TestCases" name="PendingActionBox" time="0.0">
    <ignored/>
  </testcase> <!-- PendingActionBox -->
  <testcase classname="testCases.All_Performer_TestCases" name="DesignationSearch" time="0.0">
    <ignored/>
  </testcase> <!-- DesignationSearch -->
  <testcase classname="testCases.All_Performer_TestCases" name="EPFConsolidatedW" time="0.0">
    <ignored/>
  </testcase> <!-- EPFConsolidatedW -->
  <testcase classname="testCases.All_Performer_TestCases" name="workspaceRegister" time="0.0">
    <ignored/>
  </testcase> <!-- workspaceRegister -->
  <testcase classname="testCases.All_Performer_TestCases" name="RiskSummaryNotCompliedGraph" time="0.0">
    <ignored/>
  </testcase> <!-- RiskSummaryNotCompliedGraph -->
  <testcase classname="testCases.All_Performer_TestCases" name="employeeMasterReportExport" time="0.0">
    <ignored/>
  </testcase> <!-- employeeMasterReportExport -->
  <testcase classname="testCases.All_Performer_TestCases" name="StatutoryDocApplyClaerBtn" time="0.0">
    <ignored/>
  </testcase> <!-- StatutoryDocApplyClaerBtn -->
  <testcase classname="testCases.All_Performer_TestCases" name="WorkspaceReturnActs" time="0.0">
    <ignored/>
  </testcase> <!-- WorkspaceReturnActs -->
  <testcase classname="testCases.All_Performer_TestCases" name="PendingReviewBox" time="0.0">
    <ignored/>
  </testcase> <!-- PendingReviewBox -->
  <testcase classname="testCases.All_Performer_TestCases" name="CorporateEntity_Verification" time="0.0">
    <ignored/>
  </testcase> <!-- CorporateEntity_Verification -->
  <testcase classname="testCases.All_Performer_TestCases" name="CompliedMediumRiskSummaryFilter" time="0.0">
    <ignored/>
  </testcase> <!-- CompliedMediumRiskSummaryFilter -->
  <testcase classname="testCases.All_Performer_TestCases" name="ApplicableStatues" time="0.0">
    <ignored/>
  </testcase> <!-- ApplicableStatues -->
  <testcase classname="testCases.All_Performer_TestCases" name="challanEPF" time="0.0">
    <ignored/>
  </testcase> <!-- challanEPF -->
  <testcase classname="testCases.All_Performer_TestCases" name="ReturnAction" time="0.0">
    <ignored/>
  </testcase> <!-- ReturnAction -->
  <testcase classname="testCases.All_Performer_TestCases" name="onBoardEntityPremiseViewBtn" time="0.0">
    <ignored/>
  </testcase> <!-- onBoardEntityPremiseViewBtn -->
  <testcase classname="testCases.All_Performer_TestCases" name="anchorDashboardSummary" time="0.0">
    <ignored/>
  </testcase> <!-- anchorDashboardSummary -->
  <testcase classname="testCases.All_Performer_TestCases" name="PaycodeMappingUpload" time="0.0">
    <ignored/>
  </testcase> <!-- PaycodeMappingUpload -->
  <testcase classname="testCases.All_Performer_TestCases" name="DailyUpdate" time="0.0">
    <ignored/>
  </testcase> <!-- DailyUpdate -->
  <testcase classname="testCases.All_Performer_TestCases" name="ESIConsolidatedW" time="0.0">
    <ignored/>
  </testcase> <!-- ESIConsolidatedW -->
  <testcase classname="testCases.All_Performer_TestCases" name="ECRConfirmationGrid" time="0.0">
    <ignored/>
  </testcase> <!-- ECRConfirmationGrid -->
  <testcase classname="testCases.All_Performer_TestCases" name="StateCitySearch" time="0.0">
    <ignored/>
  </testcase> <!-- StateCitySearch -->
  <testcase classname="testCases.All_Performer_TestCases" name="assignmentReportsRegister" time="0.0">
    <ignored/>
  </testcase> <!-- assignmentReportsRegister -->
  <testcase classname="testCases.All_Performer_TestCases" name="CorporateEntity_Edit" time="0.0">
    <ignored/>
  </testcase> <!-- CorporateEntity_Edit -->
  <testcase classname="testCases.All_Performer_TestCases" name="DispensaryMasterExport" time="0.0">
    <ignored/>
  </testcase> <!-- DispensaryMasterExport -->
  <testcase classname="testCases.All_Performer_TestCases" name="WorkspaceReturnAnnualActs" time="0.0">
    <ignored/>
  </testcase> <!-- WorkspaceReturnAnnualActs -->
  <testcase classname="testCases.All_Performer_TestCases" name="consolidatedStatusReport" time="0.0">
    <ignored/>
  </testcase> <!-- consolidatedStatusReport -->
  <testcase classname="testCases.All_Performer_TestCases" name="ESICInputs_Downloads_BrowseDelete" time="0.0">
    <ignored/>
  </testcase> <!-- ESICInputs_Downloads_BrowseDelete -->
  <testcase classname="testCases.All_Performer_TestCases" name="StateDocZipFile" time="0.0">
    <ignored/>
  </testcase> <!-- StateDocZipFile -->
  <testcase classname="testCases.All_Performer_TestCases" name="WorkspaceReturnForms" time="0.0">
    <ignored/>
  </testcase> <!-- WorkspaceReturnForms -->
  <testcase classname="testCases.All_Performer_TestCases" name="overdueRedirectionWorkspace" time="0.0">
    <ignored/>
  </testcase> <!-- overdueRedirectionWorkspace -->
  <testcase classname="testCases.All_Performer_TestCases" name="DispensaryMasterEditPopup" time="0.0">
    <ignored/>
  </testcase> <!-- DispensaryMasterEditPopup -->
  <testcase classname="testCases.All_Performer_TestCases" name="SubcodeMasterAddNew" time="0.0">
    <ignored/>
  </testcase> <!-- SubcodeMasterAddNew -->
  <testcase classname="testCases.All_Performer_TestCases" name="PortalLogin" time="0.0">
    <ignored/>
  </testcase> <!-- PortalLogin -->
  <testcase classname="testCases.All_Performer_TestCases" name="Complied" time="0.0">
    <ignored/>
  </testcase> <!-- Complied -->
  <testcase classname="testCases.All_Performer_TestCases" name="ECRMasterSearch" time="0.0">
    <ignored/>
  </testcase> <!-- ECRMasterSearch -->
  <testcase classname="testCases.All_Performer_TestCases" name="ESICInputs_Downloads_UploadValidation" time="0.0">
    <ignored/>
  </testcase> <!-- ESICInputs_Downloads_UploadValidation -->
  <testcase classname="testCases.All_Performer_TestCases" name="WorkspaceReturnBiAnnualActs" time="0.0">
    <ignored/>
  </testcase> <!-- WorkspaceReturnBiAnnualActs -->
  <testcase classname="testCases.All_Performer_TestCases" name="ReturnUpcomingFilter2" time="0.0">
    <ignored/>
  </testcase> <!-- ReturnUpcomingFilter2 -->
  <testcase classname="testCases.All_Performer_TestCases" name="PaycodeMappingUploadInvalid" time="0.0">
    <ignored/>
  </testcase> <!-- PaycodeMappingUploadInvalid -->
  <testcase classname="testCases.All_Performer_TestCases" name="WorkspaceRegister" time="0.0">
    <ignored/>
  </testcase> <!-- WorkspaceRegister -->
  <testcase classname="testCases.All_Performer_TestCases" name="CompliedLowRiskSummaryFilter" time="0.0">
    <ignored/>
  </testcase> <!-- CompliedLowRiskSummaryFilter -->
  <testcase classname="testCases.All_Performer_TestCases" name="StatutoryDocumentModule" time="0.0">
    <ignored/>
  </testcase> <!-- StatutoryDocumentModule -->
  <testcase classname="testCases.All_Performer_TestCases" name="WorkspaceRegisterActs" time="0.0">
    <ignored/>
  </testcase> <!-- WorkspaceRegisterActs -->
  <testcase classname="testCases.All_Performer_TestCases" name="assignmentReportsChallan" time="0.0">
    <ignored/>
  </testcase> <!-- assignmentReportsChallan -->
  <testcase classname="testCases.All_Performer_TestCases" name="DeleteDesignation" time="0.0">
    <ignored/>
  </testcase> <!-- DeleteDesignation -->
  <testcase classname="testCases.All_Performer_TestCases" name="OnBoardEntitySearch" time="0.0">
    <ignored/>
  </testcase> <!-- OnBoardEntitySearch -->
  <testcase classname="testCases.All_Performer_TestCases" name="DesignationExportBtn" time="0.0">
    <ignored/>
  </testcase> <!-- DesignationExportBtn -->
  <testcase classname="testCases.All_Performer_TestCases" name="PendingReviewFilter" time="0.0">
    <ignored/>
  </testcase> <!-- PendingReviewFilter -->
  <testcase classname="testCases.All_Performer_TestCases" name="OnBoardEntityUploadHolidayMaster" time="0.0">
    <ignored/>
  </testcase> <!-- OnBoardEntityUploadHolidayMaster -->
  <testcase classname="testCases.All_Performer_TestCases" name="WorkspaceReturnQuarterlyActs" time="0.0">
    <ignored/>
  </testcase> <!-- WorkspaceReturnQuarterlyActs -->
  <testcase classname="testCases.All_Performer_TestCases" name="ESICInputs_Downloads_SampleFile" time="0.0">
    <ignored/>
  </testcase> <!-- ESICInputs_Downloads_SampleFile -->
  <testcase classname="testCases.All_Performer_TestCases" name="AddDesignation" time="0.0">
    <ignored/>
  </testcase> <!-- AddDesignation -->
  <testcase classname="testCases.All_Performer_TestCases" name="DispensaryMasterSearch" time="0.0">
    <ignored/>
  </testcase> <!-- DispensaryMasterSearch -->
  <testcase classname="testCases.All_Performer_TestCases" name="assignmentReportsReturn" time="0.0">
    <ignored/>
  </testcase> <!-- assignmentReportsReturn -->
  <testcase classname="testCases.All_Performer_TestCases" name="OverdueBox" time="0.0">
    <ignored/>
  </testcase> <!-- OverdueBox -->
  <testcase classname="testCases.All_Performer_TestCases" name="EntitiesSearch" time="0.0">
    <ignored/>
  </testcase> <!-- EntitiesSearch -->
  <testcase classname="testCases.All_Performer_TestCases" name="SubcodeMasterSearch" time="0.0">
    <ignored/>
  </testcase> <!-- SubcodeMasterSearch -->
  <testcase classname="testCases.All_Performer_TestCases" name="ESICInputs_NewGeneration" time="0.0">
    <ignored/>
  </testcase> <!-- ESICInputs_NewGeneration -->
  <testcase classname="testCases.All_Performer_TestCases" name="ChallanUpcoming" time="0.0">
    <ignored/>
  </testcase> <!-- ChallanUpcoming -->
  <testcase classname="testCases.All_Performer_TestCases" name="ReturnUpcoming" time="0.0">
    <ignored/>
  </testcase> <!-- ReturnUpcoming -->
  <testcase classname="testCases.All_Performer_TestCases" name="StatusReport" time="0.0">
    <ignored/>
  </testcase> <!-- StatusReport -->
  <testcase classname="testCases.All_Performer_TestCases" name="ECRMasterAddNewInvalidId" time="0.0">
    <ignored/>
  </testcase> <!-- ECRMasterAddNewInvalidId -->
  <testcase classname="testCases.All_Performer_TestCases" name="History" time="0.0">
    <ignored/>
  </testcase> <!-- History -->
  <testcase classname="testCases.All_Performer_TestCases" name="staturyDocChallanForms" time="0.0">
    <ignored/>
  </testcase> <!-- staturyDocChallanForms -->
  <testcase classname="testCases.All_Performer_TestCases" name="CompanyLogo" time="0.0">
    <ignored/>
  </testcase> <!-- CompanyLogo -->
  <testcase classname="testCases.All_Performer_TestCases" name="leaveTypeExport" time="0.0">
    <ignored/>
  </testcase> <!-- leaveTypeExport -->
  <testcase classname="testCases.All_Performer_TestCases" name="authorityAddressUpload" time="0.0">
    <ignored/>
  </testcase> <!-- authorityAddressUpload -->
  <testcase classname="testCases.All_Performer_TestCases" name="AddEmployee" time="0.0">
    <ignored/>
  </testcase> <!-- AddEmployee -->
  <testcase classname="testCases.All_Performer_TestCases" name="WorkspaceSelectYearColumn" time="0.0">
    <ignored/>
  </testcase> <!-- WorkspaceSelectYearColumn -->
  <testcase classname="testCases.All_Performer_TestCases" name="ESICInputs_Failed_BrowseDelete" time="0.0">
    <ignored/>
  </testcase> <!-- ESICInputs_Failed_BrowseDelete -->
  <testcase classname="testCases.All_Performer_TestCases" name="UpcomingBox" time="0.0">
    <ignored/>
  </testcase> <!-- UpcomingBox -->
  <testcase classname="testCases.All_Performer_TestCases" name="WorkspaceErrorFileUpload" time="0.0">
    <ignored/>
  </testcase> <!-- WorkspaceErrorFileUpload -->
  <testcase classname="testCases.All_Performer_TestCases" name="CompliedHighRiskSummaryFilter" time="0.0">
    <ignored/>
  </testcase> <!-- CompliedHighRiskSummaryFilter -->
  <testcase classname="testCases.All_Performer_TestCases" name="ESICInputs_NewGeneration_BrowseDelete" time="0.0">
    <ignored/>
  </testcase> <!-- ESICInputs_NewGeneration_BrowseDelete -->
  <testcase classname="testCases.All_Performer_TestCases" name="ComplianceBox" time="0.0">
    <ignored/>
  </testcase> <!-- ComplianceBox -->
  <testcase classname="testCases.All_Performer_TestCases" name="OverdueFilter" time="0.0">
    <ignored/>
  </testcase> <!-- OverdueFilter -->
  <testcase classname="testCases.All_Performer_TestCases" name="ESICInputs_NewGeneration_UploadValidation" time="0.0">
    <ignored/>
  </testcase> <!-- ESICInputs_NewGeneration_UploadValidation -->
  <testcase classname="testCases.All_Performer_TestCases" name="myreportComplianceAssignment" time="0.0">
    <ignored/>
  </testcase> <!-- myreportComplianceAssignment -->
  <testcase classname="testCases.All_Performer_TestCases" name="employeeEdit" time="0.0">
    <ignored/>
  </testcase> <!-- employeeEdit -->
  <testcase classname="testCases.All_Performer_TestCases" name="challanOverdueFilters" time="0.0">
    <ignored/>
  </testcase> <!-- challanOverdueFilters -->
  <testcase classname="testCases.All_Performer_TestCases" name="WorkspaceApplyClearProceed" time="0.0">
    <ignored/>
  </testcase> <!-- WorkspaceApplyClearProceed -->
  <testcase classname="testCases.All_Performer_TestCases" name="abstractSummary" time="0.0">
    <ignored/>
  </testcase> <!-- abstractSummary -->
  <testcase classname="testCases.All_Performer_TestCases" name="RegisterOverdueFilter" time="0.0">
    <ignored/>
  </testcase> <!-- RegisterOverdueFilter -->
  <testcase classname="testCases.All_Performer_TestCases" name="ESICInputs_Updation_UploadValidation" time="0.0">
    <ignored/>
  </testcase> <!-- ESICInputs_Updation_UploadValidation -->
  <testcase classname="testCases.All_Performer_TestCases" name="WorkspaceSampleTemplate" time="0.0">
    <ignored/>
  </testcase> <!-- WorkspaceSampleTemplate -->
  <testcase classname="testCases.All_Performer_TestCases" name="challanESIC" time="0.0">
    <ignored/>
  </testcase> <!-- challanESIC -->
  <testcase classname="testCases.All_Performer_TestCases" name="challanUpcomingFilters" time="0.0">
    <ignored/>
  </testcase> <!-- challanUpcomingFilters -->
  <testcase classname="testCases.All_Performer_TestCases" name="Corporate_Verification" time="0.0">
    <ignored/>
  </testcase> <!-- Corporate_Verification -->
  <testcase classname="testCases.All_Performer_TestCases" name="employeeBulkUploadHistory" time="0.0">
    <ignored/>
  </testcase> <!-- employeeBulkUploadHistory -->
  <testcase classname="testCases.All_Performer_TestCases" name="ubExportsFilters" time="0.0">
    <ignored/>
  </testcase> <!-- ubExportsFilters -->
  <testcase classname="testCases.All_Performer_TestCases" name="ChallanAction" time="0.0">
    <ignored/>
  </testcase> <!-- ChallanAction -->
  <testcase classname="testCases.All_Performer_TestCases" name="WorkspaceRegistersSingleFormSelection" time="0.0">
    <ignored/>
  </testcase> <!-- WorkspaceRegistersSingleFormSelection -->
  <testcase classname="testCases.All_Performer_TestCases" name="MastersStaturyDoc" time="0.0">
    <ignored/>
  </testcase> <!-- MastersStaturyDoc -->
  <testcase classname="testCases.All_Performer_TestCases" name="DesignationClearBtn" time="0.0">
    <ignored/>
  </testcase> <!-- DesignationClearBtn -->
  <testcase classname="testCases.All_Performer_TestCases" name="WorkspaceChallanActs" time="0.0">
    <ignored/>
  </testcase> <!-- WorkspaceChallanActs -->
  <testcase classname="testCases.All_Performer_TestCases" name="ReturnActionFilter" time="0.0">
    <ignored/>
  </testcase> <!-- ReturnActionFilter -->
  <testcase classname="testCases.All_Performer_TestCases" name="EntityExcelDownload" time="0.0">
    <ignored/>
  </testcase> <!-- EntityExcelDownload -->
  <testcase classname="testCases.All_Performer_TestCases" name="ComplianceFilter1" time="0.0">
    <ignored/>
  </testcase> <!-- ComplianceFilter1 -->
  <testcase classname="testCases.All_Performer_TestCases" name="ChallanOverdue" time="0.0">
    <ignored/>
  </testcase> <!-- ChallanOverdue -->
  <testcase classname="testCases.All_Performer_TestCases" name="PaycodeMappingEditUpdate" time="0.0">
    <ignored/>
  </testcase> <!-- PaycodeMappingEditUpdate -->
  <testcase classname="testCases.All_Performer_TestCases" name="challanActionsFilters" time="0.0">
    <ignored/>
  </testcase> <!-- challanActionsFilters -->
  <testcase classname="testCases.All_Performer_TestCases" name="WorkspaceProceedBtn" time="0.0">
    <ignored/>
  </testcase> <!-- WorkspaceProceedBtn -->
  <testcase classname="testCases.All_Performer_TestCases" name="WorkspaceChallanForms" time="0.0">
    <ignored/>
  </testcase> <!-- WorkspaceChallanForms -->
  <testcase classname="testCases.All_Performer_TestCases" name="WorkspaceSelectPeriodColumn" time="0.0">
    <ignored/>
  </testcase> <!-- WorkspaceSelectPeriodColumn -->
  <testcase classname="testCases.All_Performer_TestCases" name="ESICInputs_Failed_SampleDownload" time="0.0">
    <ignored/>
  </testcase> <!-- ESICInputs_Failed_SampleDownload -->
  <testcase classname="testCases.All_Performer_TestCases" name="OnBoardEntityExport" time="0.0">
    <ignored/>
  </testcase> <!-- OnBoardEntityExport -->
  <testcase classname="testCases.All_Performer_TestCases" name="LeaveTypeSearch" time="0.0">
    <ignored/>
  </testcase> <!-- LeaveTypeSearch -->
  <testcase classname="testCases.All_Performer_TestCases" name="clraAssignmentReport" time="0.0">
    <ignored/>
  </testcase> <!-- clraAssignmentReport -->
  <testcase classname="testCases.All_Performer_TestCases" name="PaycodeMappingSearchField" time="0.0">
    <ignored/>
  </testcase> <!-- PaycodeMappingSearchField -->
  <testcase classname="testCases.All_Performer_TestCases" name="ubExport" time="0.0">
    <ignored/>
  </testcase> <!-- ubExport -->
  <testcase classname="testCases.All_Performer_TestCases" name="employeeBulkUpload" time="0.0">
    <ignored/>
  </testcase> <!-- employeeBulkUpload -->
  <testcase classname="testCases.All_Performer_TestCases" name="employeeLimitedExport" time="0.0">
    <ignored/>
  </testcase> <!-- employeeLimitedExport -->
  <testcase classname="testCases.All_Performer_TestCases" name="PaycodeMappingAddNew" time="0.0">
    <ignored/>
  </testcase> <!-- PaycodeMappingAddNew -->
  <testcase classname="testCases.All_Performer_TestCases" name="ubDelete" time="0.0">
    <ignored/>
  </testcase> <!-- ubDelete -->
  <testcase classname="testCases.All_Performer_TestCases" name="WorkspaceRegistersForms" time="0.0">
    <ignored/>
  </testcase> <!-- WorkspaceRegistersForms -->
  <testcase classname="testCases.All_Performer_TestCases" name="ECRMasterExport" time="0.0">
    <ignored/>
  </testcase> <!-- ECRMasterExport -->
  <testcase classname="testCases.All_Performer_TestCases" name="ChangePass" time="0.0">
    <ignored/>
  </testcase> <!-- ChangePass -->
  <testcase classname="testCases.All_Performer_TestCases" name="WorkspaceChallanAct" time="0.0">
    <ignored/>
  </testcase> <!-- WorkspaceChallanAct -->
  <testcase classname="testCases.All_Performer_TestCases" name="RegisterUpcoming" time="0.0">
    <ignored/>
  </testcase> <!-- RegisterUpcoming -->
  <testcase classname="testCases.All_Performer_TestCases" name="DispensaryMasterAddNew" time="0.0">
    <ignored/>
  </testcase> <!-- DispensaryMasterAddNew -->
  <testcase classname="testCases.All_Performer_TestCases" name="PTConsolidatedW" time="0.0">
    <ignored/>
  </testcase> <!-- PTConsolidatedW -->
  <testcase classname="testCases.All_Performer_TestCases" name="ReturnOverdue" time="0.0">
    <ignored/>
  </testcase> <!-- ReturnOverdue -->
  <testcase classname="testCases.All_Performer_TestCases" name="PendingActionFilter" time="0.0">
    <ignored/>
  </testcase> <!-- PendingActionFilter -->
  <testcase classname="testCases.All_Performer_TestCases" name="StatutoryDocRegisterForms" time="0.0">
    <ignored/>
  </testcase> <!-- StatutoryDocRegisterForms -->
  <testcase classname="testCases.All_Performer_TestCases" name="Logout" time="0.0">
    <ignored/>
  </testcase> <!-- Logout -->
  <testcase classname="testCases.All_Performer_TestCases" name="ESICInputs_Updation_BrowseDelete" time="0.0">
    <ignored/>
  </testcase> <!-- ESICInputs_Updation_BrowseDelete -->
  <testcase classname="testCases.All_Performer_TestCases" name="RiskSummaryCompliedGraph" time="0.0">
    <ignored/>
  </testcase> <!-- RiskSummaryCompliedGraph -->
  <testcase classname="testCases.All_Performer_TestCases" name="ESICInputs_Failed_UploadValidation" time="0.0">
    <ignored/>
  </testcase> <!-- ESICInputs_Failed_UploadValidation -->
  <testcase classname="testCases.All_Performer_TestCases" name="WorkspaceEmptyFile" time="0.0">
    <ignored/>
  </testcase> <!-- WorkspaceEmptyFile -->
  <testcase classname="testCases.All_Performer_TestCases" name="UpcomingFilter" time="0.0">
    <ignored/>
  </testcase> <!-- UpcomingFilter -->
  <testcase classname="testCases.All_Performer_TestCases" name="WorkspaceReturnHalfYearlyActs" time="0.0">
    <ignored/>
  </testcase> <!-- WorkspaceReturnHalfYearlyActs -->
  <testcase classname="testCases.All_Performer_TestCases" name="RegisterOverdue" time="0.0">
    <ignored/>
  </testcase> <!-- RegisterOverdue -->
  <testcase classname="testCases.All_Performer_TestCases" name="WorkspaceInvalidFileDownloadErrorFile" time="0.0">
    <ignored/>
  </testcase> <!-- WorkspaceInvalidFileDownloadErrorFile -->
  <testcase classname="testCases.All_Performer_TestCases" name="ReturnOverdueFilter2" time="0.0">
    <ignored/>
  </testcase> <!-- ReturnOverdueFilter2 -->
</testsuite> <!-- Default test -->
