<?xml version="1.0" encoding="UTF-8"?>
<!-- Generated by org.testng.reporters.JUnitXMLReporter -->
<testsuite ignored="0" hostname="TRPL-PUN-0268" failures="0" tests="10" name="Default test" time="1210.118" errors="0" timestamp="2025-07-09T19:35:36 IST">
  <testcase classname="testCases.FailedTC2" name="clearbtnEcComplied" time="86.949"/>
  <testcase classname="testCases.FailedTC2" name="exportEcComplied" time="106.616"/>
  <testcase classname="testCases.FailedTC2" name="ECComplied" time="78.121"/>
  <testcase classname="testCases.FailedTC2" name="overviewECComplied" time="72.91"/>
  <testcase classname="testCases.FailedTC2" name="downloadECComplied" time="98.85"/>
  <testcase classname="testCases.FailedTC2" name="PaginationECComplied" time="161.777"/>
  <testcase classname="testCases.FailedTC2" name="searchECOverdue" time="81.213"/>
  <testcase classname="testCases.FailedTC2" name="clearBtnECOverdue" time="81.57"/>
  <testcase classname="testCases.FailedTC2" name="exportEC" time="98.83"/>
  <testcase classname="testCases.FailedTC2" name="ECOverdue" time="88.232"/>
</testsuite> <!-- Default test -->
