<?xml version="1.0" encoding="UTF-8"?>
<!-- Generated by org.testng.reporters.JUnitXMLReporter -->
<testsuite ignored="10" hostname="TRPL-PUN-0268" failures="0" tests="1" name="Default test" time="119.282" errors="0" timestamp="2025-09-14T19:14:10 IST">
  <testcase classname="testCases.PerformerT" name="PF_AllEMPWorkings_Test2" time="77.484"/>
  <testcase classname="testCases.PerformerT" name="StaturyDocPF_Basic_EPFwagesMatching" time="0.0">
    <ignored/>
  </testcase> <!-- StaturyDocPF_Basic_EPFwagesMatching -->
  <testcase classname="testCases.PerformerT" name="Challan_PT_GUJFormATest" time="0.0">
    <ignored/>
  </testcase> <!-- Challan_PT_GUJFormATest -->
  <testcase classname="testCases.PerformerT" name="StaturyDocuPT" time="0.0">
    <ignored/>
  </testcase> <!-- StaturyDocuPT -->
  <testcase classname="testCases.PerformerT" name="PF_AllEMPWorkings_Test" time="0.0">
    <ignored/>
  </testcase> <!-- PF_AllEMPWorkings_Test -->
  <testcase classname="testCases.PerformerT" name="Registers_KAR_FormA" time="0.0">
    <ignored/>
  </testcase> <!-- Registers_KAR_FormA -->
  <testcase classname="testCases.PerformerT" name="ESIC_AllEMPWorkings_Test" time="0.0">
    <ignored/>
  </testcase> <!-- ESIC_AllEMPWorkings_Test -->
  <testcase classname="testCases.PerformerT" name="RegisterFormB_Test" time="0.0">
    <ignored/>
  </testcase> <!-- RegisterFormB_Test -->
  <testcase classname="testCases.PerformerT" name="RegisterFolderRedirectionChecking" time="0.0">
    <ignored/>
  </testcase> <!-- RegisterFolderRedirectionChecking -->
  <testcase classname="testCases.PerformerT" name="Challan_PT_GUJA" time="0.0">
    <ignored/>
  </testcase> <!-- Challan_PT_GUJA -->
  <testcase classname="testCases.PerformerT" name="StaturyDocPF_Basic_BasicWagesColumn" time="0.0">
    <ignored/>
  </testcase> <!-- StaturyDocPF_Basic_BasicWagesColumn -->
</testsuite> <!-- Default test -->
