<?xml version="1.0" encoding="UTF-8"?>
<!-- Generated by org.testng.reporters.JUnitXMLReporter -->
<testsuite ignored="2" hostname="TRPL-PUN-0268" failures="0" tests="1" name="Default test" time="80.351" errors="0" timestamp="2025-07-22T16:58:30 IST">
  <testcase classname="testCases.PerformerT" name="StaturyDocPF_Basic_EPFwagesMatching" time="55.542"/>
  <testcase classname="testCases.PerformerT" name="StaturyDocuPT" time="0.0">
    <ignored/>
  </testcase> <!-- StaturyDocuPT -->
  <testcase classname="testCases.PerformerT" name="StaturyDocPF_Basic_BasicWagesColumn" time="0.0">
    <ignored/>
  </testcase> <!-- StaturyDocPF_Basic_BasicWagesColumn -->
</testsuite> <!-- Default test -->
