<?xml version="1.0" encoding="UTF-8"?>
<!-- Generated by org.testng.reporters.JUnitXMLReporter -->
<testsuite ignored="61" hostname="TRPL-PUN-0268" failures="1" tests="1" name="Default test" time="66.814" errors="0" timestamp="2025-07-10T17:36:05 IST">
  <testcase classname="testCases.All_Distributor_TWO" name="ComplianceAssignmentRegisterCLRA" time="38.994">
    <failure type="org.openqa.selenium.NoSuchElementException" message="no such element: Unable to locate element: {&amp;quot;method&amp;quot;:&amp;quot;xpath&amp;quot;,&amp;quot;selector&amp;quot;:&amp;quot;//*[@class=&amp;apos;k-list-ul&amp;apos;]/li&amp;quot;}
  (Session info: chrome=138.0.7204.51)
For documentation on this error, please visit: http://seleniumhq.org/exceptions/no_such_element.html
Build info: version: &amp;apos;3.141.0&amp;apos;, revision: &amp;apos;2ecb7d9a&amp;apos;, time: &amp;apos;2018-10-31T20:09:30&amp;apos;
System info: host: &amp;apos;TRPL-PUN-0268&amp;apos;, ip: &amp;apos;192.168.1.6&amp;apos;, os.name: &amp;apos;Windows 11&amp;apos;, os.arch: &amp;apos;amd64&amp;apos;, os.version: &amp;apos;10.0&amp;apos;, java.version: &amp;apos;23.0.1&amp;apos;
Driver info: org.openqa.selenium.chrome.ChromeDriver
Capabilities {acceptInsecureCerts: false, browserName: chrome, browserVersion: 138.0.7204.51, chrome: {chromedriverVersion: 138.0.7204.92 (f079b9bc781e..., userDataDir: C:\Users\bilali\AppData\Loc...}, fedcm:accounts: true, goog:chromeOptions: {debuggerAddress: localhost:64270}, javascriptEnabled: true, networkConnectionEnabled: false, pageLoadStrategy: normal, platform: WINDOWS, platformName: WINDOWS, proxy: Proxy(), setWindowRect: true, strictFileInteractability: false, timeouts: {implicit: 0, pageLoad: 300000, script: 30000}, unhandledPromptBehavior: dismiss and notify, webauthn:extension:credBlob: true, webauthn:extension:largeBlob: true, webauthn:extension:minPinLength: true, webauthn:extension:prf: true, webauthn:virtualAuthenticators: true}
Session ID: 95a586a93af0ef912257a781970920a7
*** Element info: {Using=xpath, value=//*[@class=&amp;apos;k-list-ul&amp;apos;]/li}">
      <![CDATA[org.openqa.selenium.NoSuchElementException: no such element: Unable to locate element: {"method":"xpath","selector":"//*[@class='k-list-ul']/li"}
  (Session info: chrome=138.0.7204.51)
For documentation on this error, please visit: http://seleniumhq.org/exceptions/no_such_element.html
Build info: version: '3.141.0', revision: '2ecb7d9a', time: '2018-10-31T20:09:30'
System info: host: 'TRPL-PUN-0268', ip: '192.168.1.6', os.name: 'Windows 11', os.arch: 'amd64', os.version: '10.0', java.version: '23.0.1'
Driver info: org.openqa.selenium.chrome.ChromeDriver
Capabilities {acceptInsecureCerts: false, browserName: chrome, browserVersion: 138.0.7204.51, chrome: {chromedriverVersion: 138.0.7204.92 (f079b9bc781e..., userDataDir: C:\Users\bilali\AppData\Loc...}, fedcm:accounts: true, goog:chromeOptions: {debuggerAddress: localhost:64270}, javascriptEnabled: true, networkConnectionEnabled: false, pageLoadStrategy: normal, platform: WINDOWS, platformName: WINDOWS, proxy: Proxy(), setWindowRect: true, strictFileInteractability: false, timeouts: {implicit: 0, pageLoad: 300000, script: 30000}, unhandledPromptBehavior: dismiss and notify, webauthn:extension:credBlob: true, webauthn:extension:largeBlob: true, webauthn:extension:minPinLength: true, webauthn:extension:prf: true, webauthn:virtualAuthenticators: true}
Session ID: 95a586a93af0ef912257a781970920a7
*** Element info: {Using=xpath, value=//*[@class='k-list-ul']/li}
at java.base/jdk.internal.reflect.DirectConstructorHandleAccessor.newInstance(DirectConstructorHandleAccessor.java:62)
at java.base/java.lang.reflect.Constructor.newInstanceWithCaller(Constructor.java:501)
at java.base/java.lang.reflect.Constructor.newInstance(Constructor.java:485)
at org.openqa.selenium.remote.http.W3CHttpResponseCodec.createException(W3CHttpResponseCodec.java:187)
at org.openqa.selenium.remote.http.W3CHttpResponseCodec.decode(W3CHttpResponseCodec.java:122)
at org.openqa.selenium.remote.http.W3CHttpResponseCodec.decode(W3CHttpResponseCodec.java:49)
at org.openqa.selenium.remote.HttpCommandExecutor.execute(HttpCommandExecutor.java:158)
at org.openqa.selenium.remote.service.DriverCommandExecutor.execute(DriverCommandExecutor.java:83)
at org.openqa.selenium.remote.RemoteWebDriver.execute(RemoteWebDriver.java:552)
at org.openqa.selenium.remote.RemoteWebDriver.findElement(RemoteWebDriver.java:323)
at org.openqa.selenium.remote.RemoteWebDriver.findElementByXPath(RemoteWebDriver.java:428)
at org.openqa.selenium.By$ByXPath.findElement(By.java:353)
at org.openqa.selenium.remote.RemoteWebDriver.findElement(RemoteWebDriver.java:315)
at distributor.DistributerLocators.selectComplianceType(DistributerLocators.java:319)
at distributor.All_Distributor_Methods.CLRA_CompAssignment(All_Distributor_Methods.java:4863)
at testCases.All_Distributor_TWO.ComplianceAssignmentRegisterCLRA(All_Distributor_TWO.java:870)
at java.base/jdk.internal.reflect.DirectMethodHandleAccessor.invoke(DirectMethodHandleAccessor.java:103)
at java.base/java.lang.reflect.Method.invoke(Method.java:580)
at org.testng.internal.invokers.MethodInvocationHelper.invokeMethod(MethodInvocationHelper.java:139)
at org.testng.internal.invokers.TestInvoker.invokeMethod(TestInvoker.java:677)
at org.testng.internal.invokers.TestInvoker.invokeTestMethod(TestInvoker.java:221)
at org.testng.internal.invokers.MethodRunner.runInSequence(MethodRunner.java:50)
at org.testng.internal.invokers.TestInvoker$MethodInvocationAgent.invoke(TestInvoker.java:969)
at org.testng.internal.invokers.TestInvoker.invokeTestMethods(TestInvoker.java:194)
at org.testng.internal.invokers.TestMethodWorker.invokeTestMethods(TestMethodWorker.java:148)
at org.testng.internal.invokers.TestMethodWorker.run(TestMethodWorker.java:128)
at java.base/java.util.ArrayList.forEach(ArrayList.java:1597)
at org.testng.TestRunner.privateRun(TestRunner.java:829)
at org.testng.TestRunner.run(TestRunner.java:602)
at org.testng.SuiteRunner.runTest(SuiteRunner.java:437)
at org.testng.SuiteRunner.runSequentially(SuiteRunner.java:431)
at org.testng.SuiteRunner.privateRun(SuiteRunner.java:391)
at org.testng.SuiteRunner.run(SuiteRunner.java:330)
at org.testng.SuiteRunnerWorker.runSuite(SuiteRunnerWorker.java:52)
at org.testng.SuiteRunnerWorker.run(SuiteRunnerWorker.java:95)
at org.testng.TestNG.runSuitesSequentially(TestNG.java:1256)
at org.testng.TestNG.runSuitesLocally(TestNG.java:1176)
at org.testng.TestNG.runSuites(TestNG.java:1099)
at org.testng.TestNG.run(TestNG.java:1067)
at org.testng.remote.AbstractRemoteTestNG.run(AbstractRemoteTestNG.java:115)
at org.testng.remote.RemoteTestNG.initAndRun(RemoteTestNG.java:293)
at org.testng.remote.RemoteTestNG.main(RemoteTestNG.java:91)
]]>
    </failure>
  </testcase> <!-- ComplianceAssignmentRegisterCLRA -->
  <testcase classname="testCases.All_Distributor_TWO" name="DailyUpdate" time="0.0">
    <ignored/>
  </testcase> <!-- DailyUpdate -->
  <testcase classname="testCases.All_Distributor_TWO" name="StateCitySearch" time="0.0">
    <ignored/>
  </testcase> <!-- StateCitySearch -->
  <testcase classname="testCases.All_Distributor_TWO" name="ReturnOverdue" time="0.0">
    <ignored/>
  </testcase> <!-- ReturnOverdue -->
  <testcase classname="testCases.All_Distributor_TWO" name="scheduleCreationValidation" time="0.0">
    <ignored/>
  </testcase> <!-- scheduleCreationValidation -->
  <testcase classname="testCases.All_Distributor_TWO" name="ProceedToDashboard" time="0.0">
    <ignored/>
  </testcase> <!-- ProceedToDashboard -->
  <testcase classname="testCases.All_Distributor_TWO" name="UpdateEmployer" time="0.0">
    <ignored/>
  </testcase> <!-- UpdateEmployer -->
  <testcase classname="testCases.All_Distributor_TWO" name="OnboardEntityPaycodeSearchDropdown" time="0.0">
    <ignored/>
  </testcase> <!-- OnboardEntityPaycodeSearchDropdown -->
  <testcase classname="testCases.All_Distributor_TWO" name="OverdueFilter" time="0.0">
    <ignored/>
  </testcase> <!-- OverdueFilter -->
  <testcase classname="testCases.All_Distributor_TWO" name="PendingReviewBox" time="0.0">
    <ignored/>
  </testcase> <!-- PendingReviewBox -->
  <testcase classname="testCases.All_Distributor_TWO" name="StateCityAddressMapping" time="0.0">
    <ignored/>
  </testcase> <!-- StateCityAddressMapping -->
  <testcase classname="testCases.All_Distributor_TWO" name="CLRA_Contractor" time="0.0">
    <ignored/>
  </testcase> <!-- CLRA_Contractor -->
  <testcase classname="testCases.All_Distributor_TWO" name="CLRASearchEmployee" time="0.0">
    <ignored/>
  </testcase> <!-- CLRASearchEmployee -->
  <testcase classname="testCases.All_Distributor_TWO" name="ApplicableStatues" time="0.0">
    <ignored/>
  </testcase> <!-- ApplicableStatues -->
  <testcase classname="testCases.All_Distributor_TWO" name="CLRA_EmployeeMap_Migrate" time="0.0">
    <ignored/>
  </testcase> <!-- CLRA_EmployeeMap_Migrate -->
  <testcase classname="testCases.All_Distributor_TWO" name="CLRA_EmployeeMap_Export" time="0.0">
    <ignored/>
  </testcase> <!-- CLRA_EmployeeMap_Export -->
  <testcase classname="testCases.All_Distributor_TWO" name="PayCodeUploadCheck" time="0.0">
    <ignored/>
  </testcase> <!-- PayCodeUploadCheck -->
  <testcase classname="testCases.All_Distributor_TWO" name="RegisterUpcomingFilter" time="0.0">
    <ignored/>
  </testcase> <!-- RegisterUpcomingFilter -->
  <testcase classname="testCases.All_Distributor_TWO" name="DesignationSearch" time="0.0">
    <ignored/>
  </testcase> <!-- DesignationSearch -->
  <testcase classname="testCases.All_Distributor_TWO" name="HolidayMaster" time="0.0">
    <ignored/>
  </testcase> <!-- HolidayMaster -->
  <testcase classname="testCases.All_Distributor_TWO" name="PayCodeUploadSampleFile" time="0.0">
    <ignored/>
  </testcase> <!-- PayCodeUploadSampleFile -->
  <testcase classname="testCases.All_Distributor_TWO" name="ComplianceBox" time="0.0">
    <ignored/>
  </testcase> <!-- ComplianceBox -->
  <testcase classname="testCases.All_Distributor_TWO" name="PayCodeEdit" time="0.0">
    <ignored/>
  </testcase> <!-- PayCodeEdit -->
  <testcase classname="testCases.All_Distributor_TWO" name="RegisterActionReview" time="0.0">
    <ignored/>
  </testcase> <!-- RegisterActionReview -->
  <testcase classname="testCases.All_Distributor_TWO" name="CLRA_EmployeeMap_Filters" time="0.0">
    <ignored/>
  </testcase> <!-- CLRA_EmployeeMap_Filters -->
  <testcase classname="testCases.All_Distributor_TWO" name="UpcomingBox" time="0.0">
    <ignored/>
  </testcase> <!-- UpcomingBox -->
  <testcase classname="testCases.All_Distributor_TWO" name="ChallanOverdue" time="0.0">
    <ignored/>
  </testcase> <!-- ChallanOverdue -->
  <testcase classname="testCases.All_Distributor_TWO" name="EmployeerExportBtn" time="0.0">
    <ignored/>
  </testcase> <!-- EmployeerExportBtn -->
  <testcase classname="testCases.All_Distributor_TWO" name="BulkUpateDesignationAlreadyExist" time="0.0">
    <ignored/>
  </testcase> <!-- BulkUpateDesignationAlreadyExist -->
  <testcase classname="testCases.All_Distributor_TWO" name="ComplainceReassignment" time="0.0">
    <ignored/>
  </testcase> <!-- ComplainceReassignment -->
  <testcase classname="testCases.All_Distributor_TWO" name="bulkUpload" time="0.0">
    <ignored/>
  </testcase> <!-- bulkUpload -->
  <testcase classname="testCases.All_Distributor_TWO" name="CompanyLogo" time="0.0">
    <ignored/>
  </testcase> <!-- CompanyLogo -->
  <testcase classname="testCases.All_Distributor_TWO" name="PayCodeAddNewError" time="0.0">
    <ignored/>
  </testcase> <!-- PayCodeAddNewError -->
  <testcase classname="testCases.All_Distributor_TWO" name="CLRAEmployerAddNew" time="0.0">
    <ignored/>
  </testcase> <!-- CLRAEmployerAddNew -->
  <testcase classname="testCases.All_Distributor_TWO" name="PendingActionFilter" time="0.0">
    <ignored/>
  </testcase> <!-- PendingActionFilter -->
  <testcase classname="testCases.All_Distributor_TWO" name="Premises_AddressMapping" time="0.0">
    <ignored/>
  </testcase> <!-- Premises_AddressMapping -->
  <testcase classname="testCases.All_Distributor_TWO" name="PendingReviewFilter" time="0.0">
    <ignored/>
  </testcase> <!-- PendingReviewFilter -->
  <testcase classname="testCases.All_Distributor_TWO" name="CLRA_Location_SearchField" time="0.0">
    <ignored/>
  </testcase> <!-- CLRA_Location_SearchField -->
  <testcase classname="testCases.All_Distributor_TWO" name="ChallanUpcoming" time="0.0">
    <ignored/>
  </testcase> <!-- ChallanUpcoming -->
  <testcase classname="testCases.All_Distributor_TWO" name="RegisterUpcoming" time="0.0">
    <ignored/>
  </testcase> <!-- RegisterUpcoming -->
  <testcase classname="testCases.All_Distributor_TWO" name="OverdueBox" time="0.0">
    <ignored/>
  </testcase> <!-- OverdueBox -->
  <testcase classname="testCases.All_Distributor_TWO" name="ReturnUpcoming" time="0.0">
    <ignored/>
  </testcase> <!-- ReturnUpcoming -->
  <testcase classname="testCases.All_Distributor_TWO" name="Logout" time="0.0">
    <ignored/>
  </testcase> <!-- Logout -->
  <testcase classname="testCases.All_Distributor_TWO" name="RegisterOverdue" time="0.0">
    <ignored/>
  </testcase> <!-- RegisterOverdue -->
  <testcase classname="testCases.All_Distributor_TWO" name="DeleteEmployer" time="0.0">
    <ignored/>
  </testcase> <!-- DeleteEmployer -->
  <testcase classname="testCases.All_Distributor_TWO" name="UpcomingFilter" time="0.0">
    <ignored/>
  </testcase> <!-- UpcomingFilter -->
  <testcase classname="testCases.All_Distributor_TWO" name="ChallanActionReview" time="0.0">
    <ignored/>
  </testcase> <!-- ChallanActionReview -->
  <testcase classname="testCases.All_Distributor_TWO" name="Mapuser" time="0.0">
    <ignored/>
  </testcase> <!-- Mapuser -->
  <testcase classname="testCases.All_Distributor_TWO" name="RiskSummaryCompliedGraph" time="0.0">
    <ignored/>
  </testcase> <!-- RiskSummaryCompliedGraph -->
  <testcase classname="testCases.All_Distributor_TWO" name="StateCitySealANDSignatureInvalid" time="0.0">
    <ignored/>
  </testcase> <!-- StateCitySealANDSignatureInvalid -->
  <testcase classname="testCases.All_Distributor_TWO" name="CLRA_AddLocation_Upload" time="0.0">
    <ignored/>
  </testcase> <!-- CLRA_AddLocation_Upload -->
  <testcase classname="testCases.All_Distributor_TWO" name="PendingActionBox" time="0.0">
    <ignored/>
  </testcase> <!-- PendingActionBox -->
  <testcase classname="testCases.All_Distributor_TWO" name="Complied" time="0.0">
    <ignored/>
  </testcase> <!-- Complied -->
  <testcase classname="testCases.All_Distributor_TWO" name="ExportPremises" time="0.0">
    <ignored/>
  </testcase> <!-- ExportPremises -->
  <testcase classname="testCases.All_Distributor_TWO" name="EditPremises" time="0.0">
    <ignored/>
  </testcase> <!-- EditPremises -->
  <testcase classname="testCases.All_Distributor_TWO" name="ReturnActionReview" time="0.0">
    <ignored/>
  </testcase> <!-- ReturnActionReview -->
  <testcase classname="testCases.All_Distributor_TWO" name="PayCodeAddNewErrorSequence" time="0.0">
    <ignored/>
  </testcase> <!-- PayCodeAddNewErrorSequence -->
  <testcase classname="testCases.All_Distributor_TWO" name="BulkUpateDesignationAlreadyExistForUpdate" time="0.0">
    <ignored/>
  </testcase> <!-- BulkUpateDesignationAlreadyExistForUpdate -->
  <testcase classname="testCases.All_Distributor_TWO" name="ComplianceFilter1" time="0.0">
    <ignored/>
  </testcase> <!-- ComplianceFilter1 -->
  <testcase classname="testCases.All_Distributor_TWO" name="CLRA_AddLocation_Error" time="0.0">
    <ignored/>
  </testcase> <!-- CLRA_AddLocation_Error -->
  <testcase classname="testCases.All_Distributor_TWO" name="CLRA_AddLocation_EditUpdate" time="0.0">
    <ignored/>
  </testcase> <!-- CLRA_AddLocation_EditUpdate -->
  <testcase classname="testCases.All_Distributor_TWO" name="BulkUpateDesignation" time="0.0">
    <ignored/>
  </testcase> <!-- BulkUpateDesignation -->
</testsuite> <!-- Default test -->
