<?xml version="1.0" encoding="UTF-8"?>
<!-- Generated by org.testng.reporters.JUnitXMLReporter -->
<testsuite ignored="59" hostname="TRPL-PUN-0268" failures="0" tests="1" name="Default test" time="366.675" errors="0" timestamp="2026-02-27T10:10:45 IST">
  <testcase classname="testCases.All_Performer_TestCases" name="Complied" time="355.525"/>
  <testcase classname="testCases.All_Performer_TestCases" name="ReturnUpcoming" time="0.0">
    <ignored/>
  </testcase> <!-- ReturnUpcoming -->
  <testcase classname="testCases.All_Performer_TestCases" name="EntitiesSearch" time="0.0">
    <ignored/>
  </testcase> <!-- EntitiesSearch -->
  <testcase classname="testCases.All_Performer_TestCases" name="OverdueBox" time="0.0">
    <ignored/>
  </testcase> <!-- OverdueBox -->
  <testcase classname="testCases.All_Performer_TestCases" name="DailyUpdate" time="0.0">
    <ignored/>
  </testcase> <!-- DailyUpdate -->
  <testcase classname="testCases.All_Performer_TestCases" name="ReturnOverdue" time="0.0">
    <ignored/>
  </testcase> <!-- ReturnOverdue -->
  <testcase classname="testCases.All_Performer_TestCases" name="anchorDashboardSummary" time="0.0">
    <ignored/>
  </testcase> <!-- anchorDashboardSummary -->
  <testcase classname="testCases.All_Performer_TestCases" name="PaycodeMappingAddNew" time="0.0">
    <ignored/>
  </testcase> <!-- PaycodeMappingAddNew -->
  <testcase classname="testCases.All_Performer_TestCases" name="overdueRedirectionWorkspace" time="0.0">
    <ignored/>
  </testcase> <!-- overdueRedirectionWorkspace -->
  <testcase classname="testCases.All_Performer_TestCases" name="leaveTypeExport" time="0.0">
    <ignored/>
  </testcase> <!-- leaveTypeExport -->
  <testcase classname="testCases.All_Performer_TestCases" name="PaycodeMappingEditUpdate" time="0.0">
    <ignored/>
  </testcase> <!-- PaycodeMappingEditUpdate -->
  <testcase classname="testCases.All_Performer_TestCases" name="ChallanOverdue" time="0.0">
    <ignored/>
  </testcase> <!-- ChallanOverdue -->
  <testcase classname="testCases.All_Performer_TestCases" name="CorporateEntity_Edit" time="0.0">
    <ignored/>
  </testcase> <!-- CorporateEntity_Edit -->
  <testcase classname="testCases.All_Performer_TestCases" name="PendingActionFilter" time="0.0">
    <ignored/>
  </testcase> <!-- PendingActionFilter -->
  <testcase classname="testCases.All_Performer_TestCases" name="AddDesignation" time="0.0">
    <ignored/>
  </testcase> <!-- AddDesignation -->
  <testcase classname="testCases.All_Performer_TestCases" name="EntityExcelDownload" time="0.0">
    <ignored/>
  </testcase> <!-- EntityExcelDownload -->
  <testcase classname="testCases.All_Performer_TestCases" name="ChallanAction" time="0.0">
    <ignored/>
  </testcase> <!-- ChallanAction -->
  <testcase classname="testCases.All_Performer_TestCases" name="ReturnAction" time="0.0">
    <ignored/>
  </testcase> <!-- ReturnAction -->
  <testcase classname="testCases.All_Performer_TestCases" name="ReturnUpcomingFilter2" time="0.0">
    <ignored/>
  </testcase> <!-- ReturnUpcomingFilter2 -->
  <testcase classname="testCases.All_Performer_TestCases" name="abstractSummary" time="0.0">
    <ignored/>
  </testcase> <!-- abstractSummary -->
  <testcase classname="testCases.All_Performer_TestCases" name="DesignationClearBtn" time="0.0">
    <ignored/>
  </testcase> <!-- DesignationClearBtn -->
  <testcase classname="testCases.All_Performer_TestCases" name="MastersStaturyDoc" time="0.0">
    <ignored/>
  </testcase> <!-- MastersStaturyDoc -->
  <testcase classname="testCases.All_Performer_TestCases" name="Corporate_Verification" time="0.0">
    <ignored/>
  </testcase> <!-- Corporate_Verification -->
  <testcase classname="testCases.All_Performer_TestCases" name="ComplianceBox" time="0.0">
    <ignored/>
  </testcase> <!-- ComplianceBox -->
  <testcase classname="testCases.All_Performer_TestCases" name="authorityAddressUpload" time="0.0">
    <ignored/>
  </testcase> <!-- authorityAddressUpload -->
  <testcase classname="testCases.All_Performer_TestCases" name="PaycodeMappingUploadInvalid" time="0.0">
    <ignored/>
  </testcase> <!-- PaycodeMappingUploadInvalid -->
  <testcase classname="testCases.All_Performer_TestCases" name="PaycodeMappingSearchField" time="0.0">
    <ignored/>
  </testcase> <!-- PaycodeMappingSearchField -->
  <testcase classname="testCases.All_Performer_TestCases" name="OverdueFilter" time="0.0">
    <ignored/>
  </testcase> <!-- OverdueFilter -->
  <testcase classname="testCases.All_Performer_TestCases" name="CorporateEntity_Verification" time="0.0">
    <ignored/>
  </testcase> <!-- CorporateEntity_Verification -->
  <testcase classname="testCases.All_Performer_TestCases" name="PendingReviewBox" time="0.0">
    <ignored/>
  </testcase> <!-- PendingReviewBox -->
  <testcase classname="testCases.All_Performer_TestCases" name="challanActionsFilters" time="0.0">
    <ignored/>
  </testcase> <!-- challanActionsFilters -->
  <testcase classname="testCases.All_Performer_TestCases" name="ReturnActionFilter" time="0.0">
    <ignored/>
  </testcase> <!-- ReturnActionFilter -->
  <testcase classname="testCases.All_Performer_TestCases" name="ApplicableStatues" time="0.0">
    <ignored/>
  </testcase> <!-- ApplicableStatues -->
  <testcase classname="testCases.All_Performer_TestCases" name="challanUpcomingFilters" time="0.0">
    <ignored/>
  </testcase> <!-- challanUpcomingFilters -->
  <testcase classname="testCases.All_Performer_TestCases" name="CompanyLogo" time="0.0">
    <ignored/>
  </testcase> <!-- CompanyLogo -->
  <testcase classname="testCases.All_Performer_TestCases" name="DesignationExportBtn" time="0.0">
    <ignored/>
  </testcase> <!-- DesignationExportBtn -->
  <testcase classname="testCases.All_Performer_TestCases" name="UpcomingBox" time="0.0">
    <ignored/>
  </testcase> <!-- UpcomingBox -->
  <testcase classname="testCases.All_Performer_TestCases" name="challanOverdueFilters" time="0.0">
    <ignored/>
  </testcase> <!-- challanOverdueFilters -->
  <testcase classname="testCases.All_Performer_TestCases" name="ReturnOverdueFilter2" time="0.0">
    <ignored/>
  </testcase> <!-- ReturnOverdueFilter2 -->
  <testcase classname="testCases.All_Performer_TestCases" name="CompliedHighRiskSummaryFilter" time="0.0">
    <ignored/>
  </testcase> <!-- CompliedHighRiskSummaryFilter -->
  <testcase classname="testCases.All_Performer_TestCases" name="ComplianceFilter1" time="0.0">
    <ignored/>
  </testcase> <!-- ComplianceFilter1 -->
  <testcase classname="testCases.All_Performer_TestCases" name="StateCitySearch" time="0.0">
    <ignored/>
  </testcase> <!-- StateCitySearch -->
  <testcase classname="testCases.All_Performer_TestCases" name="PaycodeMappingUpload" time="0.0">
    <ignored/>
  </testcase> <!-- PaycodeMappingUpload -->
  <testcase classname="testCases.All_Performer_TestCases" name="LeaveTypeSearch" time="0.0">
    <ignored/>
  </testcase> <!-- LeaveTypeSearch -->
  <testcase classname="testCases.All_Performer_TestCases" name="PendingActionBox" time="0.0">
    <ignored/>
  </testcase> <!-- PendingActionBox -->
  <testcase classname="testCases.All_Performer_TestCases" name="RegisterOverdue" time="0.0">
    <ignored/>
  </testcase> <!-- RegisterOverdue -->
  <testcase classname="testCases.All_Performer_TestCases" name="ChallanUpcoming" time="0.0">
    <ignored/>
  </testcase> <!-- ChallanUpcoming -->
  <testcase classname="testCases.All_Performer_TestCases" name="PendingReviewFilter" time="0.0">
    <ignored/>
  </testcase> <!-- PendingReviewFilter -->
  <testcase classname="testCases.All_Performer_TestCases" name="PortalLogin" time="0.0">
    <ignored/>
  </testcase> <!-- PortalLogin -->
  <testcase classname="testCases.All_Performer_TestCases" name="RegisterOverdueFilter" time="0.0">
    <ignored/>
  </testcase> <!-- RegisterOverdueFilter -->
  <testcase classname="testCases.All_Performer_TestCases" name="CompliedMediumRiskSummaryFilter" time="0.0">
    <ignored/>
  </testcase> <!-- CompliedMediumRiskSummaryFilter -->
  <testcase classname="testCases.All_Performer_TestCases" name="RegisterUpcoming" time="0.0">
    <ignored/>
  </testcase> <!-- RegisterUpcoming -->
  <testcase classname="testCases.All_Performer_TestCases" name="DeleteDesignation" time="0.0">
    <ignored/>
  </testcase> <!-- DeleteDesignation -->
  <testcase classname="testCases.All_Performer_TestCases" name="DesignationSearch" time="0.0">
    <ignored/>
  </testcase> <!-- DesignationSearch -->
  <testcase classname="testCases.All_Performer_TestCases" name="UpcomingFilter" time="0.0">
    <ignored/>
  </testcase> <!-- UpcomingFilter -->
  <testcase classname="testCases.All_Performer_TestCases" name="Logout" time="0.0">
    <ignored/>
  </testcase> <!-- Logout -->
  <testcase classname="testCases.All_Performer_TestCases" name="RiskSummaryNotCompliedGraph" time="0.0">
    <ignored/>
  </testcase> <!-- RiskSummaryNotCompliedGraph -->
  <testcase classname="testCases.All_Performer_TestCases" name="CompliedLowRiskSummaryFilter" time="0.0">
    <ignored/>
  </testcase> <!-- CompliedLowRiskSummaryFilter -->
  <testcase classname="testCases.All_Performer_TestCases" name="ChangePass" time="0.0">
    <ignored/>
  </testcase> <!-- ChangePass -->
  <testcase classname="testCases.All_Performer_TestCases" name="RiskSummaryCompliedGraph" time="0.0">
    <ignored/>
  </testcase> <!-- RiskSummaryCompliedGraph -->
</testsuite> <!-- Default test -->
