<?xml version="1.0" encoding="UTF-8"?>
<!-- Generated by org.testng.reporters.JUnitXMLReporter -->
<testsuite ignored="180" hostname="TRPL-PUN-0268" failures="1" tests="1" name="Default test" time="89.27" errors="0" timestamp="2026-03-11T12:33:59 IST">
  <testcase classname="testCases.All_Client_Portal_TestCases" name="ExistingLicenseInitiateAction" time="76.444">
    <failure type="org.openqa.selenium.NoSuchElementException" message="no such element: Unable to locate element: {&amp;quot;method&amp;quot;:&amp;quot;xpath&amp;quot;,&amp;quot;selector&amp;quot;:&amp;quot;(//*[@class=&amp;apos;k-svg-i-caret-alt-down k-button-icon k-svg-icon k-icon&amp;apos;])[4]&amp;quot;}
  (Session info: chrome=145.0.7632.117)
For documentation on this error, please visit: https://www.selenium.dev/documentation/webdriver/troubleshooting/errors#nosuchelementexception
Build info: version: &amp;apos;4.39.0&amp;apos;, revision: &amp;apos;126f156aee&amp;apos;
System info: os.name: &amp;apos;Windows 11&amp;apos;, os.arch: &amp;apos;amd64&amp;apos;, os.version: &amp;apos;10.0&amp;apos;, java.version: &amp;apos;23.0.1&amp;apos;
Driver info: org.openqa.selenium.chrome.ChromeDriver
Command: [cd1e5e28980b8059c29931e4a43072a3, findElement {value=(//*[@class=&amp;apos;k-svg-i-caret-alt-down k-button-icon k-svg-icon k-icon&amp;apos;])[4], using=xpath}]
Capabilities {acceptInsecureCerts: false, browserName: chrome, browserVersion: 145.0.7632.117, chrome: {chromedriverVersion: 144.0.7559.96 (d7b80622cfab..., userDataDir: C:\Users\bilali\AppData\Loc...}, fedcm:accounts: true, goog:chromeOptions: {debuggerAddress: localhost:57576}, goog:processID: 31752, networkConnectionEnabled: false, pageLoadStrategy: normal, platformName: windows, proxy: Proxy(), se:cdp: ws://localhost:57576/devtoo..., se:cdpVersion: 145.0.7632.117, setWindowRect: true, strictFileInteractability: false, timeouts: {implicit: 0, pageLoad: 300000, script: 30000}, unhandledPromptBehavior: dismiss and notify, webauthn:extension:credBlob: true, webauthn:extension:largeBlob: true, webauthn:extension:minPinLength: true, webauthn:extension:prf: true, webauthn:virtualAuthenticators: true}
Session ID: cd1e5e28980b8059c29931e4a43072a3">
      <![CDATA[org.openqa.selenium.NoSuchElementException: no such element: Unable to locate element: {"method":"xpath","selector":"(//*[@class='k-svg-i-caret-alt-down k-button-icon k-svg-icon k-icon'])[4]"}
  (Session info: chrome=145.0.7632.117)
For documentation on this error, please visit: https://www.selenium.dev/documentation/webdriver/troubleshooting/errors#nosuchelementexception
Build info: version: '4.39.0', revision: '126f156aee'
System info: os.name: 'Windows 11', os.arch: 'amd64', os.version: '10.0', java.version: '23.0.1'
Driver info: org.openqa.selenium.chrome.ChromeDriver
Command: [cd1e5e28980b8059c29931e4a43072a3, findElement {value=(//*[@class='k-svg-i-caret-alt-down k-button-icon k-svg-icon k-icon'])[4], using=xpath}]
Capabilities {acceptInsecureCerts: false, browserName: chrome, browserVersion: 145.0.7632.117, chrome: {chromedriverVersion: 144.0.7559.96 (d7b80622cfab..., userDataDir: C:\Users\bilali\AppData\Loc...}, fedcm:accounts: true, goog:chromeOptions: {debuggerAddress: localhost:57576}, goog:processID: 31752, networkConnectionEnabled: false, pageLoadStrategy: normal, platformName: windows, proxy: Proxy(), se:cdp: ws://localhost:57576/devtoo..., se:cdpVersion: 145.0.7632.117, setWindowRect: true, strictFileInteractability: false, timeouts: {implicit: 0, pageLoad: 300000, script: 30000}, unhandledPromptBehavior: dismiss and notify, webauthn:extension:credBlob: true, webauthn:extension:largeBlob: true, webauthn:extension:minPinLength: true, webauthn:extension:prf: true, webauthn:virtualAuthenticators: true}
Session ID: cd1e5e28980b8059c29931e4a43072a3
at java.base/jdk.internal.reflect.DirectConstructorHandleAccessor.newInstance(DirectConstructorHandleAccessor.java:62)
at java.base/java.lang.reflect.Constructor.newInstanceWithCaller(Constructor.java:501)
at java.base/java.lang.reflect.Constructor.newInstance(Constructor.java:485)
at org.openqa.selenium.remote.ErrorCodec.decode(ErrorCodec.java:167)
at org.openqa.selenium.remote.codec.w3c.W3CHttpResponseCodec.decode(W3CHttpResponseCodec.java:142)
at org.openqa.selenium.remote.codec.w3c.W3CHttpResponseCodec.decode(W3CHttpResponseCodec.java:49)
at org.openqa.selenium.remote.HttpCommandExecutor.execute(HttpCommandExecutor.java:215)
at org.openqa.selenium.remote.service.DriverCommandExecutor.invokeExecute(DriverCommandExecutor.java:216)
at org.openqa.selenium.remote.service.DriverCommandExecutor.execute(DriverCommandExecutor.java:174)
at org.openqa.selenium.remote.RemoteWebDriver.execute(RemoteWebDriver.java:561)
at org.openqa.selenium.remote.ElementLocation$ElementFinder$2.findElement(ElementLocation.java:166)
at org.openqa.selenium.remote.ElementLocation.findElement(ElementLocation.java:60)
at org.openqa.selenium.remote.RemoteWebDriver.findElement(RemoteWebDriver.java:384)
at org.openqa.selenium.remote.RemoteWebDriver.findElement(RemoteWebDriver.java:378)
at clientPortal.All_ClientPortal_Locators.clickActivityDropdown(All_ClientPortal_Locators.java:1474)
at clientPortal.All_ClientPortal_Methods.ExistingLicenseInitiateAction(All_ClientPortal_Methods.java:13086)
at testCases.All_Client_Portal_TestCases.ExistingLicenseInitiateAction(All_Client_Portal_TestCases.java:2781)
at java.base/jdk.internal.reflect.DirectMethodHandleAccessor.invoke(DirectMethodHandleAccessor.java:103)
at java.base/java.lang.reflect.Method.invoke(Method.java:580)
at org.testng.internal.invokers.MethodInvocationHelper.invokeMethod(MethodInvocationHelper.java:139)
at org.testng.internal.invokers.TestInvoker.invokeMethod(TestInvoker.java:677)
at org.testng.internal.invokers.TestInvoker.invokeTestMethod(TestInvoker.java:221)
at org.testng.internal.invokers.MethodRunner.runInSequence(MethodRunner.java:50)
at org.testng.internal.invokers.TestInvoker$MethodInvocationAgent.invoke(TestInvoker.java:969)
at org.testng.internal.invokers.TestInvoker.invokeTestMethods(TestInvoker.java:194)
at org.testng.internal.invokers.TestMethodWorker.invokeTestMethods(TestMethodWorker.java:148)
at org.testng.internal.invokers.TestMethodWorker.run(TestMethodWorker.java:128)
at java.base/java.util.ArrayList.forEach(ArrayList.java:1597)
at org.testng.TestRunner.privateRun(TestRunner.java:829)
at org.testng.TestRunner.run(TestRunner.java:602)
at org.testng.SuiteRunner.runTest(SuiteRunner.java:437)
at org.testng.SuiteRunner.runSequentially(SuiteRunner.java:431)
at org.testng.SuiteRunner.privateRun(SuiteRunner.java:391)
at org.testng.SuiteRunner.run(SuiteRunner.java:330)
at org.testng.SuiteRunnerWorker.runSuite(SuiteRunnerWorker.java:52)
at org.testng.SuiteRunnerWorker.run(SuiteRunnerWorker.java:95)
at org.testng.TestNG.runSuitesSequentially(TestNG.java:1256)
at org.testng.TestNG.runSuitesLocally(TestNG.java:1176)
at org.testng.TestNG.runSuites(TestNG.java:1099)
at org.testng.TestNG.run(TestNG.java:1067)
at org.testng.remote.AbstractRemoteTestNG.run(AbstractRemoteTestNG.java:115)
at org.testng.remote.RemoteTestNG.initAndRun(RemoteTestNG.java:293)
at org.testng.remote.RemoteTestNG.main(RemoteTestNG.java:91)
]]>
    </failure>
  </testcase> <!-- ExistingLicenseInitiateAction -->
  <testcase classname="testCases.All_Client_Portal_TestCases" name="CalendarNextPreviousToday" time="0.0">
    <ignored/>
  </testcase> <!-- CalendarNextPreviousToday -->
  <testcase classname="testCases.All_Client_Portal_TestCases" name="InputUploadNofile" time="0.0">
    <ignored/>
  </testcase> <!-- InputUploadNofile -->
  <testcase classname="testCases.All_Client_Portal_TestCases" name="OpenNoticesEditback" time="0.0">
    <ignored/>
  </testcase> <!-- OpenNoticesEditback -->
  <testcase classname="testCases.All_Client_Portal_TestCases" name="CriticalDocumentSubFolder" time="0.0">
    <ignored/>
  </testcase> <!-- CriticalDocumentSubFolder -->
  <testcase classname="testCases.All_Client_Portal_TestCases" name="CalendarCount" time="0.0">
    <ignored/>
  </testcase> <!-- CalendarCount -->
  <testcase classname="testCases.All_Client_Portal_TestCases" name="OpenNoticesPagination" time="0.0">
    <ignored/>
  </testcase> <!-- OpenNoticesPagination -->
  <testcase classname="testCases.All_Client_Portal_TestCases" name="ChallanDocBulkDownload" time="0.0">
    <ignored/>
  </testcase> <!-- ChallanDocBulkDownload -->
  <testcase classname="testCases.All_Client_Portal_TestCases" name="InputUploadReturnOtherUp" time="0.0">
    <ignored/>
  </testcase> <!-- InputUploadReturnOtherUp -->
  <testcase classname="testCases.All_Client_Portal_TestCases" name="ECCompliedCountVerification" time="0.0">
    <ignored/>
  </testcase> <!-- ECCompliedCountVerification -->
  <testcase classname="testCases.All_Client_Portal_TestCases" name="NoticeStatusOpenPagination" time="0.0">
    <ignored/>
  </testcase> <!-- NoticeStatusOpenPagination -->
  <testcase classname="testCases.All_Client_Portal_TestCases" name="NoticeStatusClosedPagination" time="0.0">
    <ignored/>
  </testcase> <!-- NoticeStatusClosedPagination -->
  <testcase classname="testCases.All_Client_Portal_TestCases" name="noticePopUpChecking" time="0.0">
    <ignored/>
  </testcase> <!-- noticePopUpChecking -->
  <testcase classname="testCases.All_Client_Portal_TestCases" name="ChallanViewComplianceFile" time="0.0">
    <ignored/>
  </testcase> <!-- ChallanViewComplianceFile -->
  <testcase classname="testCases.All_Client_Portal_TestCases" name="assignedSelectActFilter" time="0.0">
    <ignored/>
  </testcase> <!-- assignedSelectActFilter -->
  <testcase classname="testCases.All_Client_Portal_TestCases" name="CorporateExport" time="0.0">
    <ignored/>
  </testcase> <!-- CorporateExport -->
  <testcase classname="testCases.All_Client_Portal_TestCases" name="RegistrationSHistory" time="0.0">
    <ignored/>
  </testcase> <!-- RegistrationSHistory -->
  <testcase classname="testCases.All_Client_Portal_TestCases" name="assignedCompChallanExport" time="0.0">
    <ignored/>
  </testcase> <!-- assignedCompChallanExport -->
  <testcase classname="testCases.All_Client_Portal_TestCases" name="assignedCompRegisterExport" time="0.0">
    <ignored/>
  </testcase> <!-- assignedCompRegisterExport -->
  <testcase classname="testCases.All_Client_Portal_TestCases" name="RegistrationSView" time="0.0">
    <ignored/>
  </testcase> <!-- RegistrationSView -->
  <testcase classname="testCases.All_Client_Portal_TestCases" name="EnglishDocDownload" time="0.0">
    <ignored/>
  </testcase> <!-- EnglishDocDownload -->
  <testcase classname="testCases.All_Client_Portal_TestCases" name="RegistrationStatusExport" time="0.0">
    <ignored/>
  </testcase> <!-- RegistrationStatusExport -->
  <testcase classname="testCases.All_Client_Portal_TestCases" name="StatutoryDocFilter" time="0.0">
    <ignored/>
  </testcase> <!-- StatutoryDocFilter -->
  <testcase classname="testCases.All_Client_Portal_TestCases" name="assignedCompReturnExport" time="0.0">
    <ignored/>
  </testcase> <!-- assignedCompReturnExport -->
  <testcase classname="testCases.All_Client_Portal_TestCases" name="ERviewBack" time="0.0">
    <ignored/>
  </testcase> <!-- ERviewBack -->
  <testcase classname="testCases.All_Client_Portal_TestCases" name="RegistrationActiveEditInitiateActionSubmit" time="0.0">
    <ignored/>
  </testcase> <!-- RegistrationActiveEditInitiateActionSubmit -->
  <testcase classname="testCases.All_Client_Portal_TestCases" name="IUHistoryCh" time="0.0">
    <ignored/>
  </testcase> <!-- IUHistoryCh -->
  <testcase classname="testCases.All_Client_Portal_TestCases" name="NoticeStatusSearch" time="0.0">
    <ignored/>
  </testcase> <!-- NoticeStatusSearch -->
  <testcase classname="testCases.All_Client_Portal_TestCases" name="RCOverdueOverview" time="0.0">
    <ignored/>
  </testcase> <!-- RCOverdueOverview -->
  <testcase classname="testCases.All_Client_Portal_TestCases" name="criticalDocumentsCancelAndDelete" time="0.0">
    <ignored/>
  </testcase> <!-- criticalDocumentsCancelAndDelete -->
  <testcase classname="testCases.All_Client_Portal_TestCases" name="RCOverdueClearExport" time="0.0">
    <ignored/>
  </testcase> <!-- RCOverdueClearExport -->
  <testcase classname="testCases.All_Client_Portal_TestCases" name="NoticeStatusOpenClosedCountWithTotalNotices" time="0.0">
    <ignored/>
  </testcase> <!-- NoticeStatusOpenClosedCountWithTotalNotices -->
  <testcase classname="testCases.All_Client_Portal_TestCases" name="Entities" time="0.0">
    <ignored/>
  </testcase> <!-- Entities -->
  <testcase classname="testCases.All_Client_Portal_TestCases" name="IUHistoryDSA" time="0.0">
    <ignored/>
  </testcase> <!-- IUHistoryDSA -->
  <testcase classname="testCases.All_Client_Portal_TestCases" name="OpenView" time="0.0">
    <ignored/>
  </testcase> <!-- OpenView -->
  <testcase classname="testCases.All_Client_Portal_TestCases" name="DownloadActiveEx" time="0.0">
    <ignored/>
  </testcase> <!-- DownloadActiveEx -->
  <testcase classname="testCases.All_Client_Portal_TestCases" name="RegistrationRepositoryExportBtn" time="0.0">
    <ignored/>
  </testcase> <!-- RegistrationRepositoryExportBtn -->
  <testcase classname="testCases.All_Client_Portal_TestCases" name="exportERE" time="0.0">
    <ignored/>
  </testcase> <!-- exportERE -->
  <testcase classname="testCases.All_Client_Portal_TestCases" name="CriticalDocumentshare" time="0.0">
    <ignored/>
  </testcase> <!-- CriticalDocumentshare -->
  <testcase classname="testCases.All_Client_Portal_TestCases" name="ActiveSearch" time="0.0">
    <ignored/>
  </testcase> <!-- ActiveSearch -->
  <testcase classname="testCases.All_Client_Portal_TestCases" name="searchECOverdue" time="0.0">
    <ignored/>
  </testcase> <!-- searchECOverdue -->
  <testcase classname="testCases.All_Client_Portal_TestCases" name="RegistrationSHistoryExport" time="0.0">
    <ignored/>
  </testcase> <!-- RegistrationSHistoryExport -->
  <testcase classname="testCases.All_Client_Portal_TestCases" name="EditIconsMiniTabs" time="0.0">
    <ignored/>
  </testcase> <!-- EditIconsMiniTabs -->
  <testcase classname="testCases.All_Client_Portal_TestCases" name="ERview" time="0.0">
    <ignored/>
  </testcase> <!-- ERview -->
  <testcase classname="testCases.All_Client_Portal_TestCases" name="searchRCComplied" time="0.0">
    <ignored/>
  </testcase> <!-- searchRCComplied -->
  <testcase classname="testCases.All_Client_Portal_TestCases" name="LocationsPagination" time="0.0">
    <ignored/>
  </testcase> <!-- LocationsPagination -->
  <testcase classname="testCases.All_Client_Portal_TestCases" name="SearchBoxMasterAbstract" time="0.0">
    <ignored/>
  </testcase> <!-- SearchBoxMasterAbstract -->
  <testcase classname="testCases.All_Client_Portal_TestCases" name="OpenStatus" time="0.0">
    <ignored/>
  </testcase> <!-- OpenStatus -->
  <testcase classname="testCases.All_Client_Portal_TestCases" name="ExpiredSearch" time="0.0">
    <ignored/>
  </testcase> <!-- ExpiredSearch -->
  <testcase classname="testCases.All_Client_Portal_TestCases" name="RegistrationSHistoryExportEx" time="0.0">
    <ignored/>
  </testcase> <!-- RegistrationSHistoryExportEx -->
  <testcase classname="testCases.All_Client_Portal_TestCases" name="InitiateAction" time="0.0">
    <ignored/>
  </testcase> <!-- InitiateAction -->
  <testcase classname="testCases.All_Client_Portal_TestCases" name="CalendarExport" time="0.0">
    <ignored/>
  </testcase> <!-- CalendarExport -->
  <testcase classname="testCases.All_Client_Portal_TestCases" name="InitiateActionBack" time="0.0">
    <ignored/>
  </testcase> <!-- InitiateActionBack -->
  <testcase classname="testCases.All_Client_Portal_TestCases" name="exportNoticeStatus" time="0.0">
    <ignored/>
  </testcase> <!-- exportNoticeStatus -->
  <testcase classname="testCases.All_Client_Portal_TestCases" name="NoticeEditDocumentRepositoryDownload" time="0.0">
    <ignored/>
  </testcase> <!-- NoticeEditDocumentRepositoryDownload -->
  <testcase classname="testCases.All_Client_Portal_TestCases" name="IUHistoryDRe" time="0.0">
    <ignored/>
  </testcase> <!-- IUHistoryDRe -->
  <testcase classname="testCases.All_Client_Portal_TestCases" name="NoticeExportBtn" time="0.0">
    <ignored/>
  </testcase> <!-- NoticeExportBtn -->
  <testcase classname="testCases.All_Client_Portal_TestCases" name="InputUploadTem" time="0.0">
    <ignored/>
  </testcase> <!-- InputUploadTem -->
  <testcase classname="testCases.All_Client_Portal_TestCases" name="SearchBoxExistiongLicense" time="0.0">
    <ignored/>
  </testcase> <!-- SearchBoxExistiongLicense -->
  <testcase classname="testCases.All_Client_Portal_TestCases" name="registrationPagination" time="0.0">
    <ignored/>
  </testcase> <!-- registrationPagination -->
  <testcase classname="testCases.All_Client_Portal_TestCases" name="RCOverdueSearch" time="0.0">
    <ignored/>
  </testcase> <!-- RCOverdueSearch -->
  <testcase classname="testCases.All_Client_Portal_TestCases" name="ExpiredRegistrationsEdit" time="0.0">
    <ignored/>
  </testcase> <!-- ExpiredRegistrationsEdit -->
  <testcase classname="testCases.All_Client_Portal_TestCases" name="exportEcComplied" time="0.0">
    <ignored/>
  </testcase> <!-- exportEcComplied -->
  <testcase classname="testCases.All_Client_Portal_TestCases" name="ChallanDoc" time="0.0">
    <ignored/>
  </testcase> <!-- ChallanDoc -->
  <testcase classname="testCases.All_Client_Portal_TestCases" name="RegistrationStatusEditInitiateAction" time="0.0">
    <ignored/>
  </testcase> <!-- RegistrationStatusEditInitiateAction -->
  <testcase classname="testCases.All_Client_Portal_TestCases" name="NoticeViewEditDocumentDownload" time="0.0">
    <ignored/>
  </testcase> <!-- NoticeViewEditDocumentDownload -->
  <testcase classname="testCases.All_Client_Portal_TestCases" name="assignedCompSearch" time="0.0">
    <ignored/>
  </testcase> <!-- assignedCompSearch -->
  <testcase classname="testCases.All_Client_Portal_TestCases" name="OpenNotice_BrowseUploadValidation" time="0.0">
    <ignored/>
  </testcase> <!-- OpenNotice_BrowseUploadValidation -->
  <testcase classname="testCases.All_Client_Portal_TestCases" name="IUHistoryD" time="0.0">
    <ignored/>
  </testcase> <!-- IUHistoryD -->
  <testcase classname="testCases.All_Client_Portal_TestCases" name="InputUpload" time="0.0">
    <ignored/>
  </testcase> <!-- InputUpload -->
  <testcase classname="testCases.All_Client_Portal_TestCases" name="RegistrationSExport" time="0.0">
    <ignored/>
  </testcase> <!-- RegistrationSExport -->
  <testcase classname="testCases.All_Client_Portal_TestCases" name="RegistrationSearch" time="0.0">
    <ignored/>
  </testcase> <!-- RegistrationSearch -->
  <testcase classname="testCases.All_Client_Portal_TestCases" name="NoticeEditAllTabs" time="0.0">
    <ignored/>
  </testcase> <!-- NoticeEditAllTabs -->
  <testcase classname="testCases.All_Client_Portal_TestCases" name="RegisrationRespository" time="0.0">
    <ignored/>
  </testcase> <!-- RegisrationRespository -->
  <testcase classname="testCases.All_Client_Portal_TestCases" name="ClosedStatus" time="0.0">
    <ignored/>
  </testcase> <!-- ClosedStatus -->
  <testcase classname="testCases.All_Client_Portal_TestCases" name="RegistrationActiveEditbtn" time="0.0">
    <ignored/>
  </testcase> <!-- RegistrationActiveEditbtn -->
  <testcase classname="testCases.All_Client_Portal_TestCases" name="NoticeSearchBox" time="0.0">
    <ignored/>
  </testcase> <!-- NoticeSearchBox -->
  <testcase classname="testCases.All_Client_Portal_TestCases" name="AssignedCompliancesRgisterReturnChallanCount" time="0.0">
    <ignored/>
  </testcase> <!-- AssignedCompliancesRgisterReturnChallanCount -->
  <testcase classname="testCases.All_Client_Portal_TestCases" name="ERSearch" time="0.0">
    <ignored/>
  </testcase> <!-- ERSearch -->
  <testcase classname="testCases.All_Client_Portal_TestCases" name="RCCompliedCountVerification" time="0.0">
    <ignored/>
  </testcase> <!-- RCCompliedCountVerification -->
  <testcase classname="testCases.All_Client_Portal_TestCases" name="NoticeStatusClosedHyperLinkCount" time="0.0">
    <ignored/>
  </testcase> <!-- NoticeStatusClosedHyperLinkCount -->
  <testcase classname="testCases.All_Client_Portal_TestCases" name="DailyUpdates" time="0.0">
    <ignored/>
  </testcase> <!-- DailyUpdates -->
  <testcase classname="testCases.All_Client_Portal_TestCases" name="OpenNoticesback" time="0.0">
    <ignored/>
  </testcase> <!-- OpenNoticesback -->
  <testcase classname="testCases.All_Client_Portal_TestCases" name="StatutoryDocApplyClaerBtn" time="0.0">
    <ignored/>
  </testcase> <!-- StatutoryDocApplyClaerBtn -->
  <testcase classname="testCases.All_Client_Portal_TestCases" name="exportcount12" time="0.0">
    <ignored/>
  </testcase> <!-- exportcount12 -->
  <testcase classname="testCases.All_Client_Portal_TestCases" name="NoticeStatusPagination" time="0.0">
    <ignored/>
  </testcase> <!-- NoticeStatusPagination -->
  <testcase classname="testCases.All_Client_Portal_TestCases" name="RegistrationActiveEditInitiateAction" time="0.0">
    <ignored/>
  </testcase> <!-- RegistrationActiveEditInitiateAction -->
  <testcase classname="testCases.All_Client_Portal_TestCases" name="StatutoryDocViewandOverview" time="0.0">
    <ignored/>
  </testcase> <!-- StatutoryDocViewandOverview -->
  <testcase classname="testCases.All_Client_Portal_TestCases" name="clearBtnECOverdue" time="0.0">
    <ignored/>
  </testcase> <!-- clearBtnECOverdue -->
  <testcase classname="testCases.All_Client_Portal_TestCases" name="RegistrationActiveEditClear" time="0.0">
    <ignored/>
  </testcase> <!-- RegistrationActiveEditClear -->
  <testcase classname="testCases.All_Client_Portal_TestCases" name="RegistrationSActivePagination" time="0.0">
    <ignored/>
  </testcase> <!-- RegistrationSActivePagination -->
  <testcase classname="testCases.All_Client_Portal_TestCases" name="RegistrationStatusEditView" time="0.0">
    <ignored/>
  </testcase> <!-- RegistrationStatusEditView -->
  <testcase classname="testCases.All_Client_Portal_TestCases" name="RegistrationActiveEditSearch" time="0.0">
    <ignored/>
  </testcase> <!-- RegistrationActiveEditSearch -->
  <testcase classname="testCases.All_Client_Portal_TestCases" name="NoticeEditDownloadView" time="0.0">
    <ignored/>
  </testcase> <!-- NoticeEditDownloadView -->
  <testcase classname="testCases.All_Client_Portal_TestCases" name="RegistrationSViewEx" time="0.0">
    <ignored/>
  </testcase> <!-- RegistrationSViewEx -->
  <testcase classname="testCases.All_Client_Portal_TestCases" name="exportClosed" time="0.0">
    <ignored/>
  </testcase> <!-- exportClosed -->
  <testcase classname="testCases.All_Client_Portal_TestCases" name="AddNewNotices" time="0.0">
    <ignored/>
  </testcase> <!-- AddNewNotices -->
  <testcase classname="testCases.All_Client_Portal_TestCases" name="OpenNotices" time="0.0">
    <ignored/>
  </testcase> <!-- OpenNotices -->
  <testcase classname="testCases.All_Client_Portal_TestCases" name="RegistrationSHistoryEx" time="0.0">
    <ignored/>
  </testcase> <!-- RegistrationSHistoryEx -->
  <testcase classname="testCases.All_Client_Portal_TestCases" name="DownloadActive" time="0.0">
    <ignored/>
  </testcase> <!-- DownloadActive -->
  <testcase classname="testCases.All_Client_Portal_TestCases" name="ExpiredRegistrationPagination" time="0.0">
    <ignored/>
  </testcase> <!-- ExpiredRegistrationPagination -->
  <testcase classname="testCases.All_Client_Portal_TestCases" name="RegistrationActiveEditExport" time="0.0">
    <ignored/>
  </testcase> <!-- RegistrationActiveEditExport -->
  <testcase classname="testCases.All_Client_Portal_TestCases" name="AssignedCompliances" time="0.0">
    <ignored/>
  </testcase> <!-- AssignedCompliances -->
  <testcase classname="testCases.All_Client_Portal_TestCases" name="RegistrationRepositoryFilter" time="0.0">
    <ignored/>
  </testcase> <!-- RegistrationRepositoryFilter -->
  <testcase classname="testCases.All_Client_Portal_TestCases" name="EnglishDocView" time="0.0">
    <ignored/>
  </testcase> <!-- EnglishDocView -->
  <testcase classname="testCases.All_Client_Portal_TestCases" name="RegistrationStatusPagination" time="0.0">
    <ignored/>
  </testcase> <!-- RegistrationStatusPagination -->
  <testcase classname="testCases.All_Client_Portal_TestCases" name="InputUploadTemSa" time="0.0">
    <ignored/>
  </testcase> <!-- InputUploadTemSa -->
  <testcase classname="testCases.All_Client_Portal_TestCases" name="addLicenseFieldChecking" time="0.0">
    <ignored/>
  </testcase> <!-- addLicenseFieldChecking -->
  <testcase classname="testCases.All_Client_Portal_TestCases" name="RegistrationStatusEditSearch" time="0.0">
    <ignored/>
  </testcase> <!-- RegistrationStatusEditSearch -->
  <testcase classname="testCases.All_Client_Portal_TestCases" name="IUFianlUploadDownload" time="0.0">
    <ignored/>
  </testcase> <!-- IUFianlUploadDownload -->
  <testcase classname="testCases.All_Client_Portal_TestCases" name="filtersChecking" time="0.0">
    <ignored/>
  </testcase> <!-- filtersChecking -->
  <testcase classname="testCases.All_Client_Portal_TestCases" name="Locations" time="0.0">
    <ignored/>
  </testcase> <!-- Locations -->
  <testcase classname="testCases.All_Client_Portal_TestCases" name="ViewAddNewNotices" time="0.0">
    <ignored/>
  </testcase> <!-- ViewAddNewNotices -->
  <testcase classname="testCases.All_Client_Portal_TestCases" name="ViewAddNewNoticesNumberError" time="0.0">
    <ignored/>
  </testcase> <!-- ViewAddNewNoticesNumberError -->
  <testcase classname="testCases.All_Client_Portal_TestCases" name="RegistrationStatusEditClearbtn" time="0.0">
    <ignored/>
  </testcase> <!-- RegistrationStatusEditClearbtn -->
  <testcase classname="testCases.All_Client_Portal_TestCases" name="RegistrationStatusActiveColumnCount" time="0.0">
    <ignored/>
  </testcase> <!-- RegistrationStatusActiveColumnCount -->
  <testcase classname="testCases.All_Client_Portal_TestCases" name="ECOverdue" time="0.0">
    <ignored/>
  </testcase> <!-- ECOverdue -->
  <testcase classname="testCases.All_Client_Portal_TestCases" name="StatutoryDocBulkDownload" time="0.0">
    <ignored/>
  </testcase> <!-- StatutoryDocBulkDownload -->
  <testcase classname="testCases.All_Client_Portal_TestCases" name="exportNotice" time="0.0">
    <ignored/>
  </testcase> <!-- exportNotice -->
  <testcase classname="testCases.All_Client_Portal_TestCases" name="NoticeViewEditTabs" time="0.0">
    <ignored/>
  </testcase> <!-- NoticeViewEditTabs -->
  <testcase classname="testCases.All_Client_Portal_TestCases" name="NoticeSearch" time="0.0">
    <ignored/>
  </testcase> <!-- NoticeSearch -->
  <testcase classname="testCases.All_Client_Portal_TestCases" name="ExsitingLicenseExport" time="0.0">
    <ignored/>
  </testcase> <!-- ExsitingLicenseExport -->
  <testcase classname="testCases.All_Client_Portal_TestCases" name="CriticalDocumentNewFile" time="0.0">
    <ignored/>
  </testcase> <!-- CriticalDocumentNewFile -->
  <testcase classname="testCases.All_Client_Portal_TestCases" name="AbstractStatusIsDisplayed" time="0.0">
    <ignored/>
  </testcase> <!-- AbstractStatusIsDisplayed -->
  <testcase classname="testCases.All_Client_Portal_TestCases" name="OverviewAC" time="0.0">
    <ignored/>
  </testcase> <!-- OverviewAC -->
  <testcase classname="testCases.All_Client_Portal_TestCases" name="CalendarOverviewPagination" time="0.0">
    <ignored/>
  </testcase> <!-- CalendarOverviewPagination -->
  <testcase classname="testCases.All_Client_Portal_TestCases" name="InputUploadNofilere" time="0.0">
    <ignored/>
  </testcase> <!-- InputUploadNofilere -->
  <testcase classname="testCases.All_Client_Portal_TestCases" name="SearchBox" time="0.0">
    <ignored/>
  </testcase> <!-- SearchBox -->
  <testcase classname="testCases.All_Client_Portal_TestCases" name="NoticeDocMandatory" time="0.0">
    <ignored/>
  </testcase> <!-- NoticeDocMandatory -->
  <testcase classname="testCases.All_Client_Portal_TestCases" name="InputUploadFilters" time="0.0">
    <ignored/>
  </testcase> <!-- InputUploadFilters -->
  <testcase classname="testCases.All_Client_Portal_TestCases" name="IUHistoryRe" time="0.0">
    <ignored/>
  </testcase> <!-- IUHistoryRe -->
  <testcase classname="testCases.All_Client_Portal_TestCases" name="exportER" time="0.0">
    <ignored/>
  </testcase> <!-- exportER -->
  <testcase classname="testCases.All_Client_Portal_TestCases" name="NoticeSearchClear" time="0.0">
    <ignored/>
  </testcase> <!-- NoticeSearchClear -->
  <testcase classname="testCases.All_Client_Portal_TestCases" name="OpenNoticesEditDelete" time="0.0">
    <ignored/>
  </testcase> <!-- OpenNoticesEditDelete -->
  <testcase classname="testCases.All_Client_Portal_TestCases" name="OverviewNotice" time="0.0">
    <ignored/>
  </testcase> <!-- OverviewNotice -->
  <testcase classname="testCases.All_Client_Portal_TestCases" name="searchEcComplied" time="0.0">
    <ignored/>
  </testcase> <!-- searchEcComplied -->
  <testcase classname="testCases.All_Client_Portal_TestCases" name="Clientlogo" time="0.0">
    <ignored/>
  </testcase> <!-- Clientlogo -->
  <testcase classname="testCases.All_Client_Portal_TestCases" name="IUHistoryDCh" time="0.0">
    <ignored/>
  </testcase> <!-- IUHistoryDCh -->
  <testcase classname="testCases.All_Client_Portal_TestCases" name="ExistingLicenseDownload" time="0.0">
    <ignored/>
  </testcase> <!-- ExistingLicenseDownload -->
  <testcase classname="testCases.All_Client_Portal_TestCases" name="ChallanComplianceDoc" time="0.0">
    <ignored/>
  </testcase> <!-- ChallanComplianceDoc -->
  <testcase classname="testCases.All_Client_Portal_TestCases" name="RegistrationStatusEdit" time="0.0">
    <ignored/>
  </testcase> <!-- RegistrationStatusEdit -->
  <testcase classname="testCases.All_Client_Portal_TestCases" name="IUHistory" time="0.0">
    <ignored/>
  </testcase> <!-- IUHistory -->
  <testcase classname="testCases.All_Client_Portal_TestCases" name="exportOpen" time="0.0">
    <ignored/>
  </testcase> <!-- exportOpen -->
  <testcase classname="testCases.All_Client_Portal_TestCases" name="InputUploadCh" time="0.0">
    <ignored/>
  </testcase> <!-- InputUploadCh -->
  <testcase classname="testCases.All_Client_Portal_TestCases" name="EditIcon" time="0.0">
    <ignored/>
  </testcase> <!-- EditIcon -->
  <testcase classname="testCases.All_Client_Portal_TestCases" name="ExistingNoticesNo" time="0.0">
    <ignored/>
  </testcase> <!-- ExistingNoticesNo -->
  <testcase classname="testCases.All_Client_Portal_TestCases" name="RegistrationSHistorySearch" time="0.0">
    <ignored/>
  </testcase> <!-- RegistrationSHistorySearch -->
  <testcase classname="testCases.All_Client_Portal_TestCases" name="ChallanViewWorkingFile" time="0.0">
    <ignored/>
  </testcase> <!-- ChallanViewWorkingFile -->
  <testcase classname="testCases.All_Client_Portal_TestCases" name="CriticalDocument" time="0.0">
    <ignored/>
  </testcase> <!-- CriticalDocument -->
  <testcase classname="testCases.All_Client_Portal_TestCases" name="InputUploadReturn" time="0.0">
    <ignored/>
  </testcase> <!-- InputUploadReturn -->
  <testcase classname="testCases.All_Client_Portal_TestCases" name="RegistrationActiveEditView" time="0.0">
    <ignored/>
  </testcase> <!-- RegistrationActiveEditView -->
  <testcase classname="testCases.All_Client_Portal_TestCases" name="OpenNoticesView" time="0.0">
    <ignored/>
  </testcase> <!-- OpenNoticesView -->
  <testcase classname="testCases.All_Client_Portal_TestCases" name="OpenNoticeViewPagination" time="0.0">
    <ignored/>
  </testcase> <!-- OpenNoticeViewPagination -->
  <testcase classname="testCases.All_Client_Portal_TestCases" name="ExistingLicenseViewIcon" time="0.0">
    <ignored/>
  </testcase> <!-- ExistingLicenseViewIcon -->
  <testcase classname="testCases.All_Client_Portal_TestCases" name="ViewOverDownloadRCComplied" time="0.0">
    <ignored/>
  </testcase> <!-- ViewOverDownloadRCComplied -->
  <testcase classname="testCases.All_Client_Portal_TestCases" name="RegistrationStatusEditDownloadbtn" time="0.0">
    <ignored/>
  </testcase> <!-- RegistrationStatusEditDownloadbtn -->
  <testcase classname="testCases.All_Client_Portal_TestCases" name="ClosedView" time="0.0">
    <ignored/>
  </testcase> <!-- ClosedView -->
  <testcase classname="testCases.All_Client_Portal_TestCases" name="RegionalDocView" time="0.0">
    <ignored/>
  </testcase> <!-- RegionalDocView -->
  <testcase classname="testCases.All_Client_Portal_TestCases" name="ECOverduePagination" time="0.0">
    <ignored/>
  </testcase> <!-- ECOverduePagination -->
  <testcase classname="testCases.All_Client_Portal_TestCases" name="NoticeStatusOpenHyperLinkCount" time="0.0">
    <ignored/>
  </testcase> <!-- NoticeStatusOpenHyperLinkCount -->
  <testcase classname="testCases.All_Client_Portal_TestCases" name="IUFianlUploadDownloadSalary" time="0.0">
    <ignored/>
  </testcase> <!-- IUFianlUploadDownloadSalary -->
  <testcase classname="testCases.All_Client_Portal_TestCases" name="ERSearchClear" time="0.0">
    <ignored/>
  </testcase> <!-- ERSearchClear -->
  <testcase classname="testCases.All_Client_Portal_TestCases" name="StateDocZipFile" time="0.0">
    <ignored/>
  </testcase> <!-- StateDocZipFile -->
  <testcase classname="testCases.All_Client_Portal_TestCases" name="ChallanViewBranchese" time="0.0">
    <ignored/>
  </testcase> <!-- ChallanViewBranchese -->
  <testcase classname="testCases.All_Client_Portal_TestCases" name="AddNewLicense" time="0.0">
    <ignored/>
  </testcase> <!-- AddNewLicense -->
  <testcase classname="testCases.All_Client_Portal_TestCases" name="RegistrationStatusExpiredPagination" time="0.0">
    <ignored/>
  </testcase> <!-- RegistrationStatusExpiredPagination -->
  <testcase classname="testCases.All_Client_Portal_TestCases" name="exportEC" time="0.0">
    <ignored/>
  </testcase> <!-- exportEC -->
  <testcase classname="testCases.All_Client_Portal_TestCases" name="InputUploadSA" time="0.0">
    <ignored/>
  </testcase> <!-- InputUploadSA -->
  <testcase classname="testCases.All_Client_Portal_TestCases" name="RegistrationStatusEx" time="0.0">
    <ignored/>
  </testcase> <!-- RegistrationStatusEx -->
  <testcase classname="testCases.All_Client_Portal_TestCases" name="ExportBtn" time="0.0">
    <ignored/>
  </testcase> <!-- ExportBtn -->
  <testcase classname="testCases.All_Client_Portal_TestCases" name="EditIconChecktabs" time="0.0">
    <ignored/>
  </testcase> <!-- EditIconChecktabs -->
  <testcase classname="testCases.All_Client_Portal_TestCases" name="RegionalDocDownload" time="0.0">
    <ignored/>
  </testcase> <!-- RegionalDocDownload -->
  <testcase classname="testCases.All_Client_Portal_TestCases" name="RegistrationStatusEditExport" time="0.0">
    <ignored/>
  </testcase> <!-- RegistrationStatusEditExport -->
  <testcase classname="testCases.All_Client_Portal_TestCases" name="InputUploadTemChha" time="0.0">
    <ignored/>
  </testcase> <!-- InputUploadTemChha -->
  <testcase classname="testCases.All_Client_Portal_TestCases" name="RCOverduePagination" time="0.0">
    <ignored/>
  </testcase> <!-- RCOverduePagination -->
  <testcase classname="testCases.All_Client_Portal_TestCases" name="RegistrationSHistoryViewDownload" time="0.0">
    <ignored/>
  </testcase> <!-- RegistrationSHistoryViewDownload -->
  <testcase classname="testCases.All_Client_Portal_TestCases" name="RegistrationStatusExportE" time="0.0">
    <ignored/>
  </testcase> <!-- RegistrationStatusExportE -->
  <testcase classname="testCases.All_Client_Portal_TestCases" name="LocationsSearch" time="0.0">
    <ignored/>
  </testcase> <!-- LocationsSearch -->
  <testcase classname="testCases.All_Client_Portal_TestCases" name="AssignedCompliancesPagination" time="0.0">
    <ignored/>
  </testcase> <!-- AssignedCompliancesPagination -->
  <testcase classname="testCases.All_Client_Portal_TestCases" name="RegistrationActiveEditDownloadbtn" time="0.0">
    <ignored/>
  </testcase> <!-- RegistrationActiveEditDownloadbtn -->
  <testcase classname="testCases.All_Client_Portal_TestCases" name="ExpiredRegistrations" time="0.0">
    <ignored/>
  </testcase> <!-- ExpiredRegistrations -->
</testsuite> <!-- Default test -->
