<?xml version="1.0" encoding="UTF-8"?>
<!-- Generated by org.testng.reporters.JUnitXMLReporter -->
<testsuite ignored="2" hostname="TRPL-PUN-0268" failures="0" tests="1" name="Default test" time="155.396" errors="0" timestamp="2026-05-21T16:44:32 IST">
  <testcase classname="testCases.TC2" name="test3" time="138.415"/>
  <testcase classname="testCases.TC2" name="test" time="0.0">
    <ignored/>
  </testcase> <!-- test -->
  <testcase classname="testCases.TC2" name="StaturyDocPF_Basic_EPFwagesMatching" time="0.0">
    <ignored/>
  </testcase> <!-- StaturyDocPF_Basic_EPFwagesMatching -->
</testsuite> <!-- Default test -->
