<?xml version="1.0" encoding="UTF-8"?>
<!-- Generated by org.testng.reporters.JUnitXMLReporter -->
<testsuite ignored="2" hostname="TRPL-PUN-0268" failures="0" tests="1" name="Default test" time="111.275" errors="0" timestamp="2025-07-23T19:51:28 IST">
  <testcase classname="testCases.PerformerT" name="StaturyDocPF_Basic_BasicWagesColumn" time="78.945"/>
  <testcase classname="testCases.PerformerT" name="StaturyDocPF_Basic_EPFwagesMatching" time="0.0">
    <ignored/>
  </testcase> <!-- StaturyDocPF_Basic_EPFwagesMatching -->
  <testcase classname="testCases.PerformerT" name="StaturyDocuPT" time="0.0">
    <ignored/>
  </testcase> <!-- StaturyDocuPT -->
</testsuite> <!-- Default test -->
