<?xml version="1.0" encoding="UTF-8"?>
<!-- Generated by org.testng.reporters.JUnitXMLReporter -->
<testsuite ignored="35" hostname="TRPL-PUN-0268" failures="0" tests="1" name="Default test" time="136.084" errors="0" timestamp="2025-07-10T21:13:43 IST">
  <testcase classname="testCases.All_Reviewer_TestCase" name="ChangePassWithInvalidCurrentPass" time="109.52"/>
  <testcase classname="testCases.All_Reviewer_TestCase" name="ChallanActionReview" time="0.0">
    <ignored/>
  </testcase> <!-- ChallanActionReview -->
  <testcase classname="testCases.All_Reviewer_TestCase" name="RegulatoryAbstractRegional" time="0.0">
    <ignored/>
  </testcase> <!-- RegulatoryAbstractRegional -->
  <testcase classname="testCases.All_Reviewer_TestCase" name="StatutoryDocApplyClaerBtn" time="0.0">
    <ignored/>
  </testcase> <!-- StatutoryDocApplyClaerBtn -->
  <testcase classname="testCases.All_Reviewer_TestCase" name="PendingReviewBox" time="0.0">
    <ignored/>
  </testcase> <!-- PendingReviewBox -->
  <testcase classname="testCases.All_Reviewer_TestCase" name="UpcomingBox" time="0.0">
    <ignored/>
  </testcase> <!-- UpcomingBox -->
  <testcase classname="testCases.All_Reviewer_TestCase" name="ReturnActionReview" time="0.0">
    <ignored/>
  </testcase> <!-- ReturnActionReview -->
  <testcase classname="testCases.All_Reviewer_TestCase" name="RegulatoryAbstractAcknowledgement" time="0.0">
    <ignored/>
  </testcase> <!-- RegulatoryAbstractAcknowledgement -->
  <testcase classname="testCases.All_Reviewer_TestCase" name="EntitiesSearch" time="0.0">
    <ignored/>
  </testcase> <!-- EntitiesSearch -->
  <testcase classname="testCases.All_Reviewer_TestCase" name="ChallanUpcoming" time="0.0">
    <ignored/>
  </testcase> <!-- ChallanUpcoming -->
  <testcase classname="testCases.All_Reviewer_TestCase" name="ComplianceBox" time="0.0">
    <ignored/>
  </testcase> <!-- ComplianceBox -->
  <testcase classname="testCases.All_Reviewer_TestCase" name="PortalLogin" time="0.0">
    <ignored/>
  </testcase> <!-- PortalLogin -->
  <testcase classname="testCases.All_Reviewer_TestCase" name="StateDocZipFile" time="0.0">
    <ignored/>
  </testcase> <!-- StateDocZipFile -->
  <testcase classname="testCases.All_Reviewer_TestCase" name="ReturnUpcoming" time="0.0">
    <ignored/>
  </testcase> <!-- ReturnUpcoming -->
  <testcase classname="testCases.All_Reviewer_TestCase" name="StatutoryDocFilter" time="0.0">
    <ignored/>
  </testcase> <!-- StatutoryDocFilter -->
  <testcase classname="testCases.All_Reviewer_TestCase" name="Logout" time="0.0">
    <ignored/>
  </testcase> <!-- Logout -->
  <testcase classname="testCases.All_Reviewer_TestCase" name="RegisterUpcoming" time="0.0">
    <ignored/>
  </testcase> <!-- RegisterUpcoming -->
  <testcase classname="testCases.All_Reviewer_TestCase" name="ChangePass" time="0.0">
    <ignored/>
  </testcase> <!-- ChangePass -->
  <testcase classname="testCases.All_Reviewer_TestCase" name="CompanyLogo" time="0.0">
    <ignored/>
  </testcase> <!-- CompanyLogo -->
  <testcase classname="testCases.All_Reviewer_TestCase" name="StatutoryDocZipFile" time="0.0">
    <ignored/>
  </testcase> <!-- StatutoryDocZipFile -->
  <testcase classname="testCases.All_Reviewer_TestCase" name="ReturnOverdue" time="0.0">
    <ignored/>
  </testcase> <!-- ReturnOverdue -->
  <testcase classname="testCases.All_Reviewer_TestCase" name="DesignationSearch" time="0.0">
    <ignored/>
  </testcase> <!-- DesignationSearch -->
  <testcase classname="testCases.All_Reviewer_TestCase" name="RegulatoryAbstractEnglish" time="0.0">
    <ignored/>
  </testcase> <!-- RegulatoryAbstractEnglish -->
  <testcase classname="testCases.All_Reviewer_TestCase" name="StatutoryDocViewandOverview" time="0.0">
    <ignored/>
  </testcase> <!-- StatutoryDocViewandOverview -->
  <testcase classname="testCases.All_Reviewer_TestCase" name="StateDownloadDoc" time="0.0">
    <ignored/>
  </testcase> <!-- StateDownloadDoc -->
  <testcase classname="testCases.All_Reviewer_TestCase" name="RegisterActionReview" time="0.0">
    <ignored/>
  </testcase> <!-- RegisterActionReview -->
  <testcase classname="testCases.All_Reviewer_TestCase" name="PendingActionBox" time="0.0">
    <ignored/>
  </testcase> <!-- PendingActionBox -->
  <testcase classname="testCases.All_Reviewer_TestCase" name="RegulatoryAbstractFilters" time="0.0">
    <ignored/>
  </testcase> <!-- RegulatoryAbstractFilters -->
  <testcase classname="testCases.All_Reviewer_TestCase" name="MyDocumentSearch" time="0.0">
    <ignored/>
  </testcase> <!-- MyDocumentSearch -->
  <testcase classname="testCases.All_Reviewer_TestCase" name="RegisterOverdue" time="0.0">
    <ignored/>
  </testcase> <!-- RegisterOverdue -->
  <testcase classname="testCases.All_Reviewer_TestCase" name="ChallanOverdue" time="0.0">
    <ignored/>
  </testcase> <!-- ChallanOverdue -->
  <testcase classname="testCases.All_Reviewer_TestCase" name="EntityExcelDownload" time="0.0">
    <ignored/>
  </testcase> <!-- EntityExcelDownload -->
  <testcase classname="testCases.All_Reviewer_TestCase" name="StateCitySearch" time="0.0">
    <ignored/>
  </testcase> <!-- StateCitySearch -->
  <testcase classname="testCases.All_Reviewer_TestCase" name="RegulatoryAbstractUploadError" time="0.0">
    <ignored/>
  </testcase> <!-- RegulatoryAbstractUploadError -->
  <testcase classname="testCases.All_Reviewer_TestCase" name="OverdueBox" time="0.0">
    <ignored/>
  </testcase> <!-- OverdueBox -->
  <testcase classname="testCases.All_Reviewer_TestCase" name="RegulatoryAbstractUpload" time="0.0">
    <ignored/>
  </testcase> <!-- RegulatoryAbstractUpload -->
</testsuite> <!-- Default test -->
