<?xml version="1.0" encoding="UTF-8"?>
<!-- Generated by org.testng.reporters.JUnitXMLReporter -->
<testsuite ignored="64" hostname="TRPL-PUN-0268" failures="0" tests="1" name="Default test" time="124.998" errors="0" timestamp="2026-02-25T10:44:04 IST">
  <testcase classname="testCases.CoordinatorTestCases" name="EditDocReqOTActivity" time="102.703"/>
  <testcase classname="testCases.CoordinatorTestCases" name="SearchBoxExistiongLicense" time="0.0">
    <ignored/>
  </testcase> <!-- SearchBoxExistiongLicense -->
  <testcase classname="testCases.CoordinatorTestCases" name="RegistrationPendingAction" time="0.0">
    <ignored/>
  </testcase> <!-- RegistrationPendingAction -->
  <testcase classname="testCases.CoordinatorTestCases" name="extensionApplication" time="0.0">
    <ignored/>
  </testcase> <!-- extensionApplication -->
  <testcase classname="testCases.CoordinatorTestCases" name="ExistingLicenseClosed" time="0.0">
    <ignored/>
  </testcase> <!-- ExistingLicenseClosed -->
  <testcase classname="testCases.CoordinatorTestCases" name="ExistingLicenseOverdue" time="0.0">
    <ignored/>
  </testcase> <!-- ExistingLicenseOverdue -->
  <testcase classname="testCases.CoordinatorTestCases" name="addNoticeVerification" time="0.0">
    <ignored/>
  </testcase> <!-- addNoticeVerification -->
  <testcase classname="testCases.CoordinatorTestCases" name="RegistrationClosed" time="0.0">
    <ignored/>
  </testcase> <!-- RegistrationClosed -->
  <testcase classname="testCases.CoordinatorTestCases" name="smeResposeBackButton" time="0.0">
    <ignored/>
  </testcase> <!-- smeResposeBackButton -->
  <testcase classname="testCases.CoordinatorTestCases" name="EditIcon" time="0.0">
    <ignored/>
  </testcase> <!-- EditIcon -->
  <testcase classname="testCases.CoordinatorTestCases" name="doSectionDocReq" time="0.0">
    <ignored/>
  </testcase> <!-- doSectionDocReq -->
  <testcase classname="testCases.CoordinatorTestCases" name="CoordinatorLogo" time="0.0">
    <ignored/>
  </testcase> <!-- CoordinatorLogo -->
  <testcase classname="testCases.CoordinatorTestCases" name="EditIconActRelevantDatesLabelBar" time="0.0">
    <ignored/>
  </testcase> <!-- EditIconActRelevantDatesLabelBar -->
  <testcase classname="testCases.CoordinatorTestCases" name="ExistingLicenseCountMatch" time="0.0">
    <ignored/>
  </testcase> <!-- ExistingLicenseCountMatch -->
  <testcase classname="testCases.CoordinatorTestCases" name="noticeResponselabel" time="0.0">
    <ignored/>
  </testcase> <!-- noticeResponselabel -->
  <testcase classname="testCases.CoordinatorTestCases" name="NoticeEditDocumentRepositoryDownloadCheck" time="0.0">
    <ignored/>
  </testcase> <!-- NoticeEditDocumentRepositoryDownloadCheck -->
  <testcase classname="testCases.CoordinatorTestCases" name="EditIconBasicInfoSave" time="0.0">
    <ignored/>
  </testcase> <!-- EditIconBasicInfoSave -->
  <testcase classname="testCases.CoordinatorTestCases" name="Closed" time="0.0">
    <ignored/>
  </testcase> <!-- Closed -->
  <testcase classname="testCases.CoordinatorTestCases" name="Overdue" time="0.0">
    <ignored/>
  </testcase> <!-- Overdue -->
  <testcase classname="testCases.CoordinatorTestCases" name="NoticeExportBtn" time="0.0">
    <ignored/>
  </testcase> <!-- NoticeExportBtn -->
  <testcase classname="testCases.CoordinatorTestCases" name="ColumnExpandIcon" time="0.0">
    <ignored/>
  </testcase> <!-- ColumnExpandIcon -->
  <testcase classname="testCases.CoordinatorTestCases" name="translationReq" time="0.0">
    <ignored/>
  </testcase> <!-- translationReq -->
  <testcase classname="testCases.CoordinatorTestCases" name="RegistrationClosedExport" time="0.0">
    <ignored/>
  </testcase> <!-- RegistrationClosedExport -->
  <testcase classname="testCases.CoordinatorTestCases" name="ExportBtn" time="0.0">
    <ignored/>
  </testcase> <!-- ExportBtn -->
  <testcase classname="testCases.CoordinatorTestCases" name="RegistrationOverdueExport" time="0.0">
    <ignored/>
  </testcase> <!-- RegistrationOverdueExport -->
  <testcase classname="testCases.CoordinatorTestCases" name="AddNewLicense" time="0.0">
    <ignored/>
  </testcase> <!-- AddNewLicense -->
  <testcase classname="testCases.CoordinatorTestCases" name="SearchBox" time="0.0">
    <ignored/>
  </testcase> <!-- SearchBox -->
  <testcase classname="testCases.CoordinatorTestCases" name="NoticeSearchBox" time="0.0">
    <ignored/>
  </testcase> <!-- NoticeSearchBox -->
  <testcase classname="testCases.CoordinatorTestCases" name="ExistingLicenseViewIcon" time="0.0">
    <ignored/>
  </testcase> <!-- ExistingLicenseViewIcon -->
  <testcase classname="testCases.CoordinatorTestCases" name="CountMatch" time="0.0">
    <ignored/>
  </testcase> <!-- CountMatch -->
  <testcase classname="testCases.CoordinatorTestCases" name="NoticeEditAllTabsCheck" time="0.0">
    <ignored/>
  </testcase> <!-- NoticeEditAllTabsCheck -->
  <testcase classname="testCases.CoordinatorTestCases" name="ExistingLicenseDownload" time="0.0">
    <ignored/>
  </testcase> <!-- ExistingLicenseDownload -->
  <testcase classname="testCases.CoordinatorTestCases" name="ExistingNotice" time="0.0">
    <ignored/>
  </testcase> <!-- ExistingNotice -->
  <testcase classname="testCases.CoordinatorTestCases" name="StatutoryDocument" time="0.0">
    <ignored/>
  </testcase> <!-- StatutoryDocument -->
  <testcase classname="testCases.CoordinatorTestCases" name="sdExtNoticeResponse" time="0.0">
    <ignored/>
  </testcase> <!-- sdExtNoticeResponse -->
  <testcase classname="testCases.CoordinatorTestCases" name="EditIconDocumentRepoDownload" time="0.0">
    <ignored/>
  </testcase> <!-- EditIconDocumentRepoDownload -->
  <testcase classname="testCases.CoordinatorTestCases" name="ExistingLicenseInitiateAction" time="0.0">
    <ignored/>
  </testcase> <!-- ExistingLicenseInitiateAction -->
  <testcase classname="testCases.CoordinatorTestCases" name="RegistrationEditBasicInfo_DisabledFields" time="0.0">
    <ignored/>
  </testcase> <!-- RegistrationEditBasicInfo_DisabledFields -->
  <testcase classname="testCases.CoordinatorTestCases" name="NoticelinkbuttonDashboard" time="0.0">
    <ignored/>
  </testcase> <!-- NoticelinkbuttonDashboard -->
  <testcase classname="testCases.CoordinatorTestCases" name="PendingAction" time="0.0">
    <ignored/>
  </testcase> <!-- PendingAction -->
  <testcase classname="testCases.CoordinatorTestCases" name="PendingAssignmentExport" time="0.0">
    <ignored/>
  </testcase> <!-- PendingAssignmentExport -->
  <testcase classname="testCases.CoordinatorTestCases" name="RegistrationOverdue" time="0.0">
    <ignored/>
  </testcase> <!-- RegistrationOverdue -->
  <testcase classname="testCases.CoordinatorTestCases" name="RegistrationCountMatch" time="0.0">
    <ignored/>
  </testcase> <!-- RegistrationCountMatch -->
  <testcase classname="testCases.CoordinatorTestCases" name="noticeDocumentBrowse" time="0.0">
    <ignored/>
  </testcase> <!-- noticeDocumentBrowse -->
  <testcase classname="testCases.CoordinatorTestCases" name="sdExtTranslationReq" time="0.0">
    <ignored/>
  </testcase> <!-- sdExtTranslationReq -->
  <testcase classname="testCases.CoordinatorTestCases" name="RegistrationPendingActionExport" time="0.0">
    <ignored/>
  </testcase> <!-- RegistrationPendingActionExport -->
  <testcase classname="testCases.CoordinatorTestCases" name="sdExtExtensionApplication" time="0.0">
    <ignored/>
  </testcase> <!-- sdExtExtensionApplication -->
  <testcase classname="testCases.CoordinatorTestCases" name="ExistingLicenseendingAction" time="0.0">
    <ignored/>
  </testcase> <!-- ExistingLicenseendingAction -->
  <testcase classname="testCases.CoordinatorTestCases" name="docReqNoticeLabel" time="0.0">
    <ignored/>
  </testcase> <!-- docReqNoticeLabel -->
  <testcase classname="testCases.CoordinatorTestCases" name="ExsitingLicenseExport" time="0.0">
    <ignored/>
  </testcase> <!-- ExsitingLicenseExport -->
  <testcase classname="testCases.CoordinatorTestCases" name="docSectionBackButton" time="0.0">
    <ignored/>
  </testcase> <!-- docSectionBackButton -->
  <testcase classname="testCases.CoordinatorTestCases" name="Noticelinkbuttonworking" time="0.0">
    <ignored/>
  </testcase> <!-- Noticelinkbuttonworking -->
  <testcase classname="testCases.CoordinatorTestCases" name="EditIconBackButton" time="0.0">
    <ignored/>
  </testcase> <!-- EditIconBackButton -->
  <testcase classname="testCases.CoordinatorTestCases" name="RegistrationPendingAssignmentExport" time="0.0">
    <ignored/>
  </testcase> <!-- RegistrationPendingAssignmentExport -->
  <testcase classname="testCases.CoordinatorTestCases" name="relaventDate" time="0.0">
    <ignored/>
  </testcase> <!-- relaventDate -->
  <testcase classname="testCases.CoordinatorTestCases" name="NoticeEditVerification" time="0.0">
    <ignored/>
  </testcase> <!-- NoticeEditVerification -->
  <testcase classname="testCases.CoordinatorTestCases" name="sdExecutorBackButton" time="0.0">
    <ignored/>
  </testcase> <!-- sdExecutorBackButton -->
  <testcase classname="testCases.CoordinatorTestCases" name="ExistingLicenseDraftRCPcountMatch" time="0.0">
    <ignored/>
  </testcase> <!-- ExistingLicenseDraftRCPcountMatch -->
  <testcase classname="testCases.CoordinatorTestCases" name="PendingActionExport" time="0.0">
    <ignored/>
  </testcase> <!-- PendingActionExport -->
  <testcase classname="testCases.CoordinatorTestCases" name="NoticeEditDownload" time="0.0">
    <ignored/>
  </testcase> <!-- NoticeEditDownload -->
  <testcase classname="testCases.CoordinatorTestCases" name="EditIconOtherTabsView" time="0.0">
    <ignored/>
  </testcase> <!-- EditIconOtherTabsView -->
  <testcase classname="testCases.CoordinatorTestCases" name="NoticeDocumentsChecking" time="0.0">
    <ignored/>
  </testcase> <!-- NoticeDocumentsChecking -->
  <testcase classname="testCases.CoordinatorTestCases" name="EditIconMiniTabsLicense" time="0.0">
    <ignored/>
  </testcase> <!-- EditIconMiniTabsLicense -->
  <testcase classname="testCases.CoordinatorTestCases" name="RegistrationAddNewBackButton" time="0.0">
    <ignored/>
  </testcase> <!-- RegistrationAddNewBackButton -->
  <testcase classname="testCases.CoordinatorTestCases" name="NoticeDocMandatory" time="0.0">
    <ignored/>
  </testcase> <!-- NoticeDocMandatory -->
</testsuite> <!-- Default test -->
