<?xml version="1.0" encoding="UTF-8"?>
<!-- Generated by org.testng.reporters.JUnitXMLReporter -->
<testsuite ignored="80" hostname="TRPL-PUN-0268" failures="0" tests="1" name="Default test" time="197.061" errors="0" timestamp="2025-09-18T12:54:53 IST">
  <testcase classname="testCases.All_Distributor_TWO" name="CorporateEntity_BulkUploadVerification" time="181.591"/>
  <testcase classname="testCases.All_Distributor_TWO" name="StateCitySearch" time="0.0">
    <ignored/>
  </testcase> <!-- StateCitySearch -->
  <testcase classname="testCases.All_Distributor_TWO" name="scheduleCreationValidation" time="0.0">
    <ignored/>
  </testcase> <!-- scheduleCreationValidation -->
  <testcase classname="testCases.All_Distributor_TWO" name="BulkUpateDesignationAlreadyExist" time="0.0">
    <ignored/>
  </testcase> <!-- BulkUpateDesignationAlreadyExist -->
  <testcase classname="testCases.All_Distributor_TWO" name="CLRA_AddLocation_Error" time="0.0">
    <ignored/>
  </testcase> <!-- CLRA_AddLocation_Error -->
  <testcase classname="testCases.All_Distributor_TWO" name="DailyUpdate" time="0.0">
    <ignored/>
  </testcase> <!-- DailyUpdate -->
  <testcase classname="testCases.All_Distributor_TWO" name="UpdateEmployer" time="0.0">
    <ignored/>
  </testcase> <!-- UpdateEmployer -->
  <testcase classname="testCases.All_Distributor_TWO" name="OnboardEntityPaycodeSearchDropdown" time="0.0">
    <ignored/>
  </testcase> <!-- OnboardEntityPaycodeSearchDropdown -->
  <testcase classname="testCases.All_Distributor_TWO" name="ProceedToDashboard" time="0.0">
    <ignored/>
  </testcase> <!-- ProceedToDashboard -->
  <testcase classname="testCases.All_Distributor_TWO" name="StateCityAddressMapping" time="0.0">
    <ignored/>
  </testcase> <!-- StateCityAddressMapping -->
  <testcase classname="testCases.All_Distributor_TWO" name="EditPremises" time="0.0">
    <ignored/>
  </testcase> <!-- EditPremises -->
  <testcase classname="testCases.All_Distributor_TWO" name="CorporateEntity_Verification" time="0.0">
    <ignored/>
  </testcase> <!-- CorporateEntity_Verification -->
  <testcase classname="testCases.All_Distributor_TWO" name="CLRA_CompReassignment" time="0.0">
    <ignored/>
  </testcase> <!-- CLRA_CompReassignment -->
  <testcase classname="testCases.All_Distributor_TWO" name="ReturnOverdue" time="0.0">
    <ignored/>
  </testcase> <!-- ReturnOverdue -->
  <testcase classname="testCases.All_Distributor_TWO" name="UserMasterVerification" time="0.0">
    <ignored/>
  </testcase> <!-- UserMasterVerification -->
  <testcase classname="testCases.All_Distributor_TWO" name="CLRA_ManageComp_ScheduleRemoval" time="0.0">
    <ignored/>
  </testcase> <!-- CLRA_ManageComp_ScheduleRemoval -->
  <testcase classname="testCases.All_Distributor_TWO" name="PendingReviewBox" time="0.0">
    <ignored/>
  </testcase> <!-- PendingReviewBox -->
  <testcase classname="testCases.All_Distributor_TWO" name="Corporate_Verification" time="0.0">
    <ignored/>
  </testcase> <!-- Corporate_Verification -->
  <testcase classname="testCases.All_Distributor_TWO" name="CLRA_EmployeeMap_Migrate" time="0.0">
    <ignored/>
  </testcase> <!-- CLRA_EmployeeMap_Migrate -->
  <testcase classname="testCases.All_Distributor_TWO" name="CLRA_CompAssignment_Validations" time="0.0">
    <ignored/>
  </testcase> <!-- CLRA_CompAssignment_Validations -->
  <testcase classname="testCases.All_Distributor_TWO" name="CLRASearchEmployee" time="0.0">
    <ignored/>
  </testcase> <!-- CLRASearchEmployee -->
  <testcase classname="testCases.All_Distributor_TWO" name="ApplicableStatues" time="0.0">
    <ignored/>
  </testcase> <!-- ApplicableStatues -->
  <testcase classname="testCases.All_Distributor_TWO" name="CLRAcheduleCreationValidation" time="0.0">
    <ignored/>
  </testcase> <!-- CLRAcheduleCreationValidation -->
  <testcase classname="testCases.All_Distributor_TWO" name="CompliedHighRiskSummaryFilter" time="0.0">
    <ignored/>
  </testcase> <!-- CompliedHighRiskSummaryFilter -->
  <testcase classname="testCases.All_Distributor_TWO" name="Report" time="0.0">
    <ignored/>
  </testcase> <!-- Report -->
  <testcase classname="testCases.All_Distributor_TWO" name="ComplianceBox" time="0.0">
    <ignored/>
  </testcase> <!-- ComplianceBox -->
  <testcase classname="testCases.All_Distributor_TWO" name="CLRA_Contractor" time="0.0">
    <ignored/>
  </testcase> <!-- CLRA_Contractor -->
  <testcase classname="testCases.All_Distributor_TWO" name="RegisterUpcomingFilter" time="0.0">
    <ignored/>
  </testcase> <!-- RegisterUpcomingFilter -->
  <testcase classname="testCases.All_Distributor_TWO" name="VariousReport" time="0.0">
    <ignored/>
  </testcase> <!-- VariousReport -->
  <testcase classname="testCases.All_Distributor_TWO" name="DesignationSearch" time="0.0">
    <ignored/>
  </testcase> <!-- DesignationSearch -->
  <testcase classname="testCases.All_Distributor_TWO" name="RegisterActionReview" time="0.0">
    <ignored/>
  </testcase> <!-- RegisterActionReview -->
  <testcase classname="testCases.All_Distributor_TWO" name="CompliedMediumRiskSummaryFilter" time="0.0">
    <ignored/>
  </testcase> <!-- CompliedMediumRiskSummaryFilter -->
  <testcase classname="testCases.All_Distributor_TWO" name="CLRA_EmployeeMap_Export" time="0.0">
    <ignored/>
  </testcase> <!-- CLRA_EmployeeMap_Export -->
  <testcase classname="testCases.All_Distributor_TWO" name="PayCodeEdit" time="0.0">
    <ignored/>
  </testcase> <!-- PayCodeEdit -->
  <testcase classname="testCases.All_Distributor_TWO" name="PayCodeUploadSampleFile" time="0.0">
    <ignored/>
  </testcase> <!-- PayCodeUploadSampleFile -->
  <testcase classname="testCases.All_Distributor_TWO" name="CLRA_ManageComp_ScneduleCreation" time="0.0">
    <ignored/>
  </testcase> <!-- CLRA_ManageComp_ScneduleCreation -->
  <testcase classname="testCases.All_Distributor_TWO" name="CLRAAssignmentReport" time="0.0">
    <ignored/>
  </testcase> <!-- CLRAAssignmentReport -->
  <testcase classname="testCases.All_Distributor_TWO" name="PayCodeUploadCheck" time="0.0">
    <ignored/>
  </testcase> <!-- PayCodeUploadCheck -->
  <testcase classname="testCases.All_Distributor_TWO" name="EmployeerExportBtn" time="0.0">
    <ignored/>
  </testcase> <!-- EmployeerExportBtn -->
  <testcase classname="testCases.All_Distributor_TWO" name="ChallanOverdue" time="0.0">
    <ignored/>
  </testcase> <!-- ChallanOverdue -->
  <testcase classname="testCases.All_Distributor_TWO" name="CLRA_EmployeeMap_bulkUpload" time="0.0">
    <ignored/>
  </testcase> <!-- CLRA_EmployeeMap_bulkUpload -->
  <testcase classname="testCases.All_Distributor_TWO" name="UpcomingBox" time="0.0">
    <ignored/>
  </testcase> <!-- UpcomingBox -->
  <testcase classname="testCases.All_Distributor_TWO" name="CLRA_EmployeeMap_Filters" time="0.0">
    <ignored/>
  </testcase> <!-- CLRA_EmployeeMap_Filters -->
  <testcase classname="testCases.All_Distributor_TWO" name="ComplainceReassignment" time="0.0">
    <ignored/>
  </testcase> <!-- ComplainceReassignment -->
  <testcase classname="testCases.All_Distributor_TWO" name="bulkUpload" time="0.0">
    <ignored/>
  </testcase> <!-- bulkUpload -->
  <testcase classname="testCases.All_Distributor_TWO" name="PendingActionFilter" time="0.0">
    <ignored/>
  </testcase> <!-- PendingActionFilter -->
  <testcase classname="testCases.All_Distributor_TWO" name="Premises_AddressMapping" time="0.0">
    <ignored/>
  </testcase> <!-- Premises_AddressMapping -->
  <testcase classname="testCases.All_Distributor_TWO" name="CLRA_CompManage_ActDateChange" time="0.0">
    <ignored/>
  </testcase> <!-- CLRA_CompManage_ActDateChange -->
  <testcase classname="testCases.All_Distributor_TWO" name="PendingReviewFilter" time="0.0">
    <ignored/>
  </testcase> <!-- PendingReviewFilter -->
  <testcase classname="testCases.All_Distributor_TWO" name="Entity_UMapuser" time="0.0">
    <ignored/>
  </testcase> <!-- Entity_UMapuser -->
  <testcase classname="testCases.All_Distributor_TWO" name="RiskSummaryCompliedGraph" time="0.0">
    <ignored/>
  </testcase> <!-- RiskSummaryCompliedGraph -->
  <testcase classname="testCases.All_Distributor_TWO" name="CLRA_HolidayMaster_verification" time="0.0">
    <ignored/>
  </testcase> <!-- CLRA_HolidayMaster_verification -->
  <testcase classname="testCases.All_Distributor_TWO" name="StatusReport" time="0.0">
    <ignored/>
  </testcase> <!-- StatusReport -->
  <testcase classname="testCases.All_Distributor_TWO" name="PayCodeAddNewError" time="0.0">
    <ignored/>
  </testcase> <!-- PayCodeAddNewError -->
  <testcase classname="testCases.All_Distributor_TWO" name="Logout" time="0.0">
    <ignored/>
  </testcase> <!-- Logout -->
  <testcase classname="testCases.All_Distributor_TWO" name="CLRA_ManageComp_AssignmentRemoval" time="0.0">
    <ignored/>
  </testcase> <!-- CLRA_ManageComp_AssignmentRemoval -->
  <testcase classname="testCases.All_Distributor_TWO" name="ChallanUpcoming" time="0.0">
    <ignored/>
  </testcase> <!-- ChallanUpcoming -->
  <testcase classname="testCases.All_Distributor_TWO" name="RegisterUpcoming" time="0.0">
    <ignored/>
  </testcase> <!-- RegisterUpcoming -->
  <testcase classname="testCases.All_Distributor_TWO" name="UpcomingFilter" time="0.0">
    <ignored/>
  </testcase> <!-- UpcomingFilter -->
  <testcase classname="testCases.All_Distributor_TWO" name="CLRAEmployerAddNew" time="0.0">
    <ignored/>
  </testcase> <!-- CLRAEmployerAddNew -->
  <testcase classname="testCases.All_Distributor_TWO" name="DeleteEmployer" time="0.0">
    <ignored/>
  </testcase> <!-- DeleteEmployer -->
  <testcase classname="testCases.All_Distributor_TWO" name="ChallanActionReview" time="0.0">
    <ignored/>
  </testcase> <!-- ChallanActionReview -->
  <testcase classname="testCases.All_Distributor_TWO" name="CompanyLogo" time="0.0">
    <ignored/>
  </testcase> <!-- CompanyLogo -->
  <testcase classname="testCases.All_Distributor_TWO" name="RegisterOverdue" time="0.0">
    <ignored/>
  </testcase> <!-- RegisterOverdue -->
  <testcase classname="testCases.All_Distributor_TWO" name="PendingActionBox" time="0.0">
    <ignored/>
  </testcase> <!-- PendingActionBox -->
  <testcase classname="testCases.All_Distributor_TWO" name="ComplianceAssignmentRegisterCLRA" time="0.0">
    <ignored/>
  </testcase> <!-- ComplianceAssignmentRegisterCLRA -->
  <testcase classname="testCases.All_Distributor_TWO" name="StateCitySealANDSignatureInvalid" time="0.0">
    <ignored/>
  </testcase> <!-- StateCitySealANDSignatureInvalid -->
  <testcase classname="testCases.All_Distributor_TWO" name="CLRA_AddLocation_Upload" time="0.0">
    <ignored/>
  </testcase> <!-- CLRA_AddLocation_Upload -->
  <testcase classname="testCases.All_Distributor_TWO" name="StateCityAddNewPopUp" time="0.0">
    <ignored/>
  </testcase> <!-- StateCityAddNewPopUp -->
  <testcase classname="testCases.All_Distributor_TWO" name="ExportPremises" time="0.0">
    <ignored/>
  </testcase> <!-- ExportPremises -->
  <testcase classname="testCases.All_Distributor_TWO" name="OverdueFilter" time="0.0">
    <ignored/>
  </testcase> <!-- OverdueFilter -->
  <testcase classname="testCases.All_Distributor_TWO" name="OverdueBox" time="0.0">
    <ignored/>
  </testcase> <!-- OverdueBox -->
  <testcase classname="testCases.All_Distributor_TWO" name="ReturnActionReview" time="0.0">
    <ignored/>
  </testcase> <!-- ReturnActionReview -->
  <testcase classname="testCases.All_Distributor_TWO" name="ReturnUpcoming" time="0.0">
    <ignored/>
  </testcase> <!-- ReturnUpcoming -->
  <testcase classname="testCases.All_Distributor_TWO" name="BulkUpateDesignationAlreadyExistForUpdate" time="0.0">
    <ignored/>
  </testcase> <!-- BulkUpateDesignationAlreadyExistForUpdate -->
  <testcase classname="testCases.All_Distributor_TWO" name="CLRA_Location_SearchField" time="0.0">
    <ignored/>
  </testcase> <!-- CLRA_Location_SearchField -->
  <testcase classname="testCases.All_Distributor_TWO" name="PayCodeAddNewErrorSequence" time="0.0">
    <ignored/>
  </testcase> <!-- PayCodeAddNewErrorSequence -->
  <testcase classname="testCases.All_Distributor_TWO" name="Complied" time="0.0">
    <ignored/>
  </testcase> <!-- Complied -->
  <testcase classname="testCases.All_Distributor_TWO" name="ComplianceFilter1" time="0.0">
    <ignored/>
  </testcase> <!-- ComplianceFilter1 -->
  <testcase classname="testCases.All_Distributor_TWO" name="CLRA_AddLocation_EditUpdate" time="0.0">
    <ignored/>
  </testcase> <!-- CLRA_AddLocation_EditUpdate -->
  <testcase classname="testCases.All_Distributor_TWO" name="BulkUpateDesignation" time="0.0">
    <ignored/>
  </testcase> <!-- BulkUpateDesignation -->
</testsuite> <!-- Default test -->
