<?xml version="1.0" encoding="UTF-8"?>
<!-- Generated by org.testng.reporters.JUnitXMLReporter -->
<testsuite ignored="10" hostname="TRPL-PUN-0268" failures="0" tests="1" name="Default test" time="98.474" errors="0" timestamp="2025-10-08T14:25:29 IST">
  <testcase classname="BusinessUseCases.ESI" name="challan_ESI_400100_Pending_EmployeeID" time="78.143"/>
  <testcase classname="BusinessUseCases.ESI" name="challan_ESI_400100_Remittence_ESI_NO" time="0.0">
    <ignored/>
  </testcase> <!-- challan_ESI_400100_Remittence_ESI_NO -->
  <testcase classname="BusinessUseCases.ESI" name="challan_ESI_400100_Location" time="0.0">
    <ignored/>
  </testcase> <!-- challan_ESI_400100_Location -->
  <testcase classname="BusinessUseCases.ESI" name="challan_ESI_400100_Remittence_EmployeeName" time="0.0">
    <ignored/>
  </testcase> <!-- challan_ESI_400100_Remittence_EmployeeName -->
  <testcase classname="BusinessUseCases.ESI" name="challan_ESI_400100_ALL_EmployeeID" time="0.0">
    <ignored/>
  </testcase> <!-- challan_ESI_400100_ALL_EmployeeID -->
  <testcase classname="BusinessUseCases.ESI" name="challan_ESI_400100_ESI_NO" time="0.0">
    <ignored/>
  </testcase> <!-- challan_ESI_400100_ESI_NO -->
  <testcase classname="BusinessUseCases.ESI" name="challan_ESI_400100_Remittence_ClientESICode" time="0.0">
    <ignored/>
  </testcase> <!-- challan_ESI_400100_Remittence_ClientESICode -->
  <testcase classname="BusinessUseCases.ESI" name="challan_ESI_400100_Remittence_EmployeeID" time="0.0">
    <ignored/>
  </testcase> <!-- challan_ESI_400100_Remittence_EmployeeID -->
  <testcase classname="BusinessUseCases.ESI" name="challan_ESI_400100_Remittence_Location" time="0.0">
    <ignored/>
  </testcase> <!-- challan_ESI_400100_Remittence_Location -->
  <testcase classname="BusinessUseCases.ESI" name="challan_ESI_400100_ClientESICode" time="0.0">
    <ignored/>
  </testcase> <!-- challan_ESI_400100_ClientESICode -->
  <testcase classname="BusinessUseCases.ESI" name="challan_ESI_400100_EmployeeName" time="0.0">
    <ignored/>
  </testcase> <!-- challan_ESI_400100_EmployeeName -->
</testsuite> <!-- Default test -->
