<?xml version="1.0" encoding="UTF-8"?>
<!-- Generated by org.testng.reporters.JUnitXMLReporter -->
<testsuite ignored="97" hostname="TRPL-PUN-0268" failures="0" tests="1" name="Default test" time="108.161" errors="0" timestamp="2025-10-03T15:01:36 IST">
  <testcase classname="BusinessUseCases.ClientPTStateWise" name="Challan_PT_ANP_Location" time="78.117"/>
  <testcase classname="BusinessUseCases.ClientPTStateWise" name="Challan_PT_GUJ_PTGrossWages" time="0.0">
    <ignored/>
  </testcase> <!-- Challan_PT_GUJ_PTGrossWages -->
  <testcase classname="BusinessUseCases.ClientPTStateWise" name="Challan_PT_WEB_PTGrossWages" time="0.0">
    <ignored/>
  </testcase> <!-- Challan_PT_WEB_PTGrossWages -->
  <testcase classname="BusinessUseCases.ClientPTStateWise" name="Challan_PT_KRL_Gender" time="0.0">
    <ignored/>
  </testcase> <!-- Challan_PT_KRL_Gender -->
  <testcase classname="BusinessUseCases.ClientPTStateWise" name="Challan_PT_ORS_PTAmount" time="0.0">
    <ignored/>
  </testcase> <!-- Challan_PT_ORS_PTAmount -->
  <testcase classname="BusinessUseCases.ClientPTStateWise" name="Challan_PT_KAR_EmployeeID" time="0.0">
    <ignored/>
  </testcase> <!-- Challan_PT_KAR_EmployeeID -->
  <testcase classname="BusinessUseCases.ClientPTStateWise" name="Challan_PT_KRL_PTAmount" time="0.0">
    <ignored/>
  </testcase> <!-- Challan_PT_KRL_PTAmount -->
  <testcase classname="BusinessUseCases.ClientPTStateWise" name="Challan_PT_ANP_PTGrossWages" time="0.0">
    <ignored/>
  </testcase> <!-- Challan_PT_ANP_PTGrossWages -->
  <testcase classname="BusinessUseCases.ClientPTStateWise" name="Challan_PT_MAP_PTGrossWages" time="0.0">
    <ignored/>
  </testcase> <!-- Challan_PT_MAP_PTGrossWages -->
  <testcase classname="BusinessUseCases.ClientPTStateWise" name="Challan_PT_MAH_EmployeeID" time="0.0">
    <ignored/>
  </testcase> <!-- Challan_PT_MAH_EmployeeID -->
  <testcase classname="BusinessUseCases.ClientPTStateWise" name="Challan_PT_BHR_PTAmount" time="0.0">
    <ignored/>
  </testcase> <!-- Challan_PT_BHR_PTAmount -->
  <testcase classname="BusinessUseCases.ClientPTStateWise" name="Challan_PT_PJB_PTGrossWages" time="0.0">
    <ignored/>
  </testcase> <!-- Challan_PT_PJB_PTGrossWages -->
  <testcase classname="BusinessUseCases.ClientPTStateWise" name="Challan_PT_BHR_Location" time="0.0">
    <ignored/>
  </testcase> <!-- Challan_PT_BHR_Location -->
  <testcase classname="BusinessUseCases.ClientPTStateWise" name="Challan_PT_JAK_EmployeeName" time="0.0">
    <ignored/>
  </testcase> <!-- Challan_PT_JAK_EmployeeName -->
  <testcase classname="BusinessUseCases.ClientPTStateWise" name="Challan_PT_KAR_Gender" time="0.0">
    <ignored/>
  </testcase> <!-- Challan_PT_KAR_Gender -->
  <testcase classname="BusinessUseCases.ClientPTStateWise" name="Challan_PT_TRP_PTAmount" time="0.0">
    <ignored/>
  </testcase> <!-- Challan_PT_TRP_PTAmount -->
  <testcase classname="BusinessUseCases.ClientPTStateWise" name="Challan_PT_PND_EmployeeID" time="0.0">
    <ignored/>
  </testcase> <!-- Challan_PT_PND_EmployeeID -->
  <testcase classname="BusinessUseCases.ClientPTStateWise" name="Challan_PT_TMN_PTGrossWages" time="0.0">
    <ignored/>
  </testcase> <!-- Challan_PT_TMN_PTGrossWages -->
  <testcase classname="BusinessUseCases.ClientPTStateWise" name="Challan_PT_MAH_PTAmount" time="0.0">
    <ignored/>
  </testcase> <!-- Challan_PT_MAH_PTAmount -->
  <testcase classname="BusinessUseCases.ClientPTStateWise" name="Challan_PT_WEB_Location" time="0.0">
    <ignored/>
  </testcase> <!-- Challan_PT_WEB_Location -->
  <testcase classname="BusinessUseCases.ClientPTStateWise" name="Challan_PT_MAP_Gender" time="0.0">
    <ignored/>
  </testcase> <!-- Challan_PT_MAP_Gender -->
  <testcase classname="BusinessUseCases.ClientPTStateWise" name="Challan_PT_MAH_Location" time="0.0">
    <ignored/>
  </testcase> <!-- Challan_PT_MAH_Location -->
  <testcase classname="BusinessUseCases.ClientPTStateWise" name="Challan_PT_MAP_PTAmount" time="0.0">
    <ignored/>
  </testcase> <!-- Challan_PT_MAP_PTAmount -->
  <testcase classname="BusinessUseCases.ClientPTStateWise" name="Challan_PT_TMN_Gender" time="0.0">
    <ignored/>
  </testcase> <!-- Challan_PT_TMN_Gender -->
  <testcase classname="BusinessUseCases.ClientPTStateWise" name="Challan_PT_TMN_PTAmount" time="0.0">
    <ignored/>
  </testcase> <!-- Challan_PT_TMN_PTAmount -->
  <testcase classname="BusinessUseCases.ClientPTStateWise" name="Challan_PT_KAR_PTAmount" time="0.0">
    <ignored/>
  </testcase> <!-- Challan_PT_KAR_PTAmount -->
  <testcase classname="BusinessUseCases.ClientPTStateWise" name="Challan_PT_ORS_Gender" time="0.0">
    <ignored/>
  </testcase> <!-- Challan_PT_ORS_Gender -->
  <testcase classname="BusinessUseCases.ClientPTStateWise" name="Challan_PT_BHR_PTState" time="0.0">
    <ignored/>
  </testcase> <!-- Challan_PT_BHR_PTState -->
  <testcase classname="BusinessUseCases.ClientPTStateWise" name="Challan_PT_WEB_PTAmount" time="0.0">
    <ignored/>
  </testcase> <!-- Challan_PT_WEB_PTAmount -->
  <testcase classname="BusinessUseCases.ClientPTStateWise" name="Challan_PT_JAK_EmployeeID" time="0.0">
    <ignored/>
  </testcase> <!-- Challan_PT_JAK_EmployeeID -->
  <testcase classname="BusinessUseCases.ClientPTStateWise" name="Challan_PT_WEB_Gender" time="0.0">
    <ignored/>
  </testcase> <!-- Challan_PT_WEB_Gender -->
  <testcase classname="BusinessUseCases.ClientPTStateWise" name="Challan_PT_ANP_PTAmount" time="0.0">
    <ignored/>
  </testcase> <!-- Challan_PT_ANP_PTAmount -->
  <testcase classname="BusinessUseCases.ClientPTStateWise" name="Challan_PT_PJB_EmployeeID" time="0.0">
    <ignored/>
  </testcase> <!-- Challan_PT_PJB_EmployeeID -->
  <testcase classname="BusinessUseCases.ClientPTStateWise" name="Challan_PT_ANP_Gender" time="0.0">
    <ignored/>
  </testcase> <!-- Challan_PT_ANP_Gender -->
  <testcase classname="BusinessUseCases.ClientPTStateWise" name="Challan_PT_ANP_EmployeeName" time="0.0">
    <ignored/>
  </testcase> <!-- Challan_PT_ANP_EmployeeName -->
  <testcase classname="BusinessUseCases.ClientPTStateWise" name="Challan_PT_MAP_Location" time="0.0">
    <ignored/>
  </testcase> <!-- Challan_PT_MAP_Location -->
  <testcase classname="BusinessUseCases.ClientPTStateWise" name="Challan_PT_ANP_EmployeeID" time="0.0">
    <ignored/>
  </testcase> <!-- Challan_PT_ANP_EmployeeID -->
  <testcase classname="BusinessUseCases.ClientPTStateWise" name="Challan_PT_MAH_EmployeeName" time="0.0">
    <ignored/>
  </testcase> <!-- Challan_PT_MAH_EmployeeName -->
  <testcase classname="BusinessUseCases.ClientPTStateWise" name="Challan_PT_MAH_Gender" time="0.0">
    <ignored/>
  </testcase> <!-- Challan_PT_MAH_Gender -->
  <testcase classname="BusinessUseCases.ClientPTStateWise" name="Challan_PT_MAH_PTGrossWages" time="0.0">
    <ignored/>
  </testcase> <!-- Challan_PT_MAH_PTGrossWages -->
  <testcase classname="BusinessUseCases.ClientPTStateWise" name="Challan_PT_BHR_EmployeeName" time="0.0">
    <ignored/>
  </testcase> <!-- Challan_PT_BHR_EmployeeName -->
  <testcase classname="BusinessUseCases.ClientPTStateWise" name="Challan_PT_WEB_EmployeeID" time="0.0">
    <ignored/>
  </testcase> <!-- Challan_PT_WEB_EmployeeID -->
  <testcase classname="BusinessUseCases.ClientPTStateWise" name="Challan_PT_KAR_PTGrossWages" time="0.0">
    <ignored/>
  </testcase> <!-- Challan_PT_KAR_PTGrossWages -->
  <testcase classname="BusinessUseCases.ClientPTStateWise" name="Challan_PT_MAP_EmployeeName" time="0.0">
    <ignored/>
  </testcase> <!-- Challan_PT_MAP_EmployeeName -->
  <testcase classname="BusinessUseCases.ClientPTStateWise" name="Challan_PT_KRL_Location" time="0.0">
    <ignored/>
  </testcase> <!-- Challan_PT_KRL_Location -->
  <testcase classname="BusinessUseCases.ClientPTStateWise" name="Challan_PT_KRL_PTGrossWages" time="0.0">
    <ignored/>
  </testcase> <!-- Challan_PT_KRL_PTGrossWages -->
  <testcase classname="BusinessUseCases.ClientPTStateWise" name="Challan_PT_PJB_PTState" time="0.0">
    <ignored/>
  </testcase> <!-- Challan_PT_PJB_PTState -->
  <testcase classname="BusinessUseCases.ClientPTStateWise" name="Challan_PT_WEB_PTState" time="0.0">
    <ignored/>
  </testcase> <!-- Challan_PT_WEB_PTState -->
  <testcase classname="BusinessUseCases.ClientPTStateWise" name="Challan_PT_TRP_PTGrossWages" time="0.0">
    <ignored/>
  </testcase> <!-- Challan_PT_TRP_PTGrossWages -->
  <testcase classname="BusinessUseCases.ClientPTStateWise" name="Challan_PT_TMN_PTState" time="0.0">
    <ignored/>
  </testcase> <!-- Challan_PT_TMN_PTState -->
  <testcase classname="BusinessUseCases.ClientPTStateWise" name="Challan_PT_JAK_PTState" time="0.0">
    <ignored/>
  </testcase> <!-- Challan_PT_JAK_PTState -->
  <testcase classname="BusinessUseCases.ClientPTStateWise" name="Challan_PT_PND_EmployeeName" time="0.0">
    <ignored/>
  </testcase> <!-- Challan_PT_PND_EmployeeName -->
  <testcase classname="BusinessUseCases.ClientPTStateWise" name="Challan_PT_WEB_EmployeeName" time="0.0">
    <ignored/>
  </testcase> <!-- Challan_PT_WEB_EmployeeName -->
  <testcase classname="BusinessUseCases.ClientPTStateWise" name="Challan_PT_GUJ_PTAmount" time="0.0">
    <ignored/>
  </testcase> <!-- Challan_PT_GUJ_PTAmount -->
  <testcase classname="BusinessUseCases.ClientPTStateWise" name="Challan_PT_BHR_PTGrossWages" time="0.0">
    <ignored/>
  </testcase> <!-- Challan_PT_BHR_PTGrossWages -->
  <testcase classname="BusinessUseCases.ClientPTStateWise" name="Challan_PT_MAP_EmployeeID" time="0.0">
    <ignored/>
  </testcase> <!-- Challan_PT_MAP_EmployeeID -->
  <testcase classname="BusinessUseCases.ClientPTStateWise" name="Challan_PT_GUJ_EmployeeID" time="0.0">
    <ignored/>
  </testcase> <!-- Challan_PT_GUJ_EmployeeID -->
  <testcase classname="BusinessUseCases.ClientPTStateWise" name="Challan_PT_JAK_PTGrossWages" time="0.0">
    <ignored/>
  </testcase> <!-- Challan_PT_JAK_PTGrossWages -->
  <testcase classname="BusinessUseCases.ClientPTStateWise" name="Challan_PT_ANP_PTState" time="0.0">
    <ignored/>
  </testcase> <!-- Challan_PT_ANP_PTState -->
  <testcase classname="BusinessUseCases.ClientPTStateWise" name="Challan_PT_TMN_EmployeeID" time="0.0">
    <ignored/>
  </testcase> <!-- Challan_PT_TMN_EmployeeID -->
  <testcase classname="BusinessUseCases.ClientPTStateWise" name="Challan_PT_KAR_EmployeeName" time="0.0">
    <ignored/>
  </testcase> <!-- Challan_PT_KAR_EmployeeName -->
  <testcase classname="BusinessUseCases.ClientPTStateWise" name="Challan_PT_TRP_Location" time="0.0">
    <ignored/>
  </testcase> <!-- Challan_PT_TRP_Location -->
  <testcase classname="BusinessUseCases.ClientPTStateWise" name="Challan_PT_PND_PTGrossWages" time="0.0">
    <ignored/>
  </testcase> <!-- Challan_PT_PND_PTGrossWages -->
  <testcase classname="BusinessUseCases.ClientPTStateWise" name="Challan_PT_TRP_EmployeeName" time="0.0">
    <ignored/>
  </testcase> <!-- Challan_PT_TRP_EmployeeName -->
  <testcase classname="BusinessUseCases.ClientPTStateWise" name="Challan_PT_KAR_PTState" time="0.0">
    <ignored/>
  </testcase> <!-- Challan_PT_KAR_PTState -->
  <testcase classname="BusinessUseCases.ClientPTStateWise" name="Challan_PT_TMN_EmployeeName" time="0.0">
    <ignored/>
  </testcase> <!-- Challan_PT_TMN_EmployeeName -->
  <testcase classname="BusinessUseCases.ClientPTStateWise" name="Challan_PT_ORS_EmployeeName" time="0.0">
    <ignored/>
  </testcase> <!-- Challan_PT_ORS_EmployeeName -->
  <testcase classname="BusinessUseCases.ClientPTStateWise" name="Challan_PT_KRL_PTState" time="0.0">
    <ignored/>
  </testcase> <!-- Challan_PT_KRL_PTState -->
  <testcase classname="BusinessUseCases.ClientPTStateWise" name="Challan_PT_PJB_Location" time="0.0">
    <ignored/>
  </testcase> <!-- Challan_PT_PJB_Location -->
  <testcase classname="BusinessUseCases.ClientPTStateWise" name="Challan_PT_TRP_PTState" time="0.0">
    <ignored/>
  </testcase> <!-- Challan_PT_TRP_PTState -->
  <testcase classname="BusinessUseCases.ClientPTStateWise" name="Challan_PT_JAK_Gender" time="0.0">
    <ignored/>
  </testcase> <!-- Challan_PT_JAK_Gender -->
  <testcase classname="BusinessUseCases.ClientPTStateWise" name="Challan_PT_TMN_Location" time="0.0">
    <ignored/>
  </testcase> <!-- Challan_PT_TMN_Location -->
  <testcase classname="BusinessUseCases.ClientPTStateWise" name="Challan_PT_KRL_EmployeeName" time="0.0">
    <ignored/>
  </testcase> <!-- Challan_PT_KRL_EmployeeName -->
  <testcase classname="BusinessUseCases.ClientPTStateWise" name="Challan_PT_MAP_PTState" time="0.0">
    <ignored/>
  </testcase> <!-- Challan_PT_MAP_PTState -->
  <testcase classname="BusinessUseCases.ClientPTStateWise" name="Challan_PT_KRL_EmployeeID" time="0.0">
    <ignored/>
  </testcase> <!-- Challan_PT_KRL_EmployeeID -->
  <testcase classname="BusinessUseCases.ClientPTStateWise" name="Challan_PT_ORS_PTState" time="0.0">
    <ignored/>
  </testcase> <!-- Challan_PT_ORS_PTState -->
  <testcase classname="BusinessUseCases.ClientPTStateWise" name="Challan_PT_PND_PTState" time="0.0">
    <ignored/>
  </testcase> <!-- Challan_PT_PND_PTState -->
  <testcase classname="BusinessUseCases.ClientPTStateWise" name="Challan_PT_KAR_Location" time="0.0">
    <ignored/>
  </testcase> <!-- Challan_PT_KAR_Location -->
  <testcase classname="BusinessUseCases.ClientPTStateWise" name="Challan_PT_TRP_Gender" time="0.0">
    <ignored/>
  </testcase> <!-- Challan_PT_TRP_Gender -->
  <testcase classname="BusinessUseCases.ClientPTStateWise" name="Challan_PT_PJB_PTAmount" time="0.0">
    <ignored/>
  </testcase> <!-- Challan_PT_PJB_PTAmount -->
  <testcase classname="BusinessUseCases.ClientPTStateWise" name="Challan_PT_GUJ_PTState" time="0.0">
    <ignored/>
  </testcase> <!-- Challan_PT_GUJ_PTState -->
  <testcase classname="BusinessUseCases.ClientPTStateWise" name="Challan_PT_PND_Gender" time="0.0">
    <ignored/>
  </testcase> <!-- Challan_PT_PND_Gender -->
  <testcase classname="BusinessUseCases.ClientPTStateWise" name="Challan_PT_GUJ_Gender" time="0.0">
    <ignored/>
  </testcase> <!-- Challan_PT_GUJ_Gender -->
  <testcase classname="BusinessUseCases.ClientPTStateWise" name="Challan_PT_GUJ_EmployeeName" time="0.0">
    <ignored/>
  </testcase> <!-- Challan_PT_GUJ_EmployeeName -->
  <testcase classname="BusinessUseCases.ClientPTStateWise" name="Challan_PT_GUJ_Location" time="0.0">
    <ignored/>
  </testcase> <!-- Challan_PT_GUJ_Location -->
  <testcase classname="BusinessUseCases.ClientPTStateWise" name="Challan_PT_PND_PTAmount" time="0.0">
    <ignored/>
  </testcase> <!-- Challan_PT_PND_PTAmount -->
  <testcase classname="BusinessUseCases.ClientPTStateWise" name="Challan_PT_BHR_EmployeeID" time="0.0">
    <ignored/>
  </testcase> <!-- Challan_PT_BHR_EmployeeID -->
  <testcase classname="BusinessUseCases.ClientPTStateWise" name="Challan_PT_JAK_Location" time="0.0">
    <ignored/>
  </testcase> <!-- Challan_PT_JAK_Location -->
  <testcase classname="BusinessUseCases.ClientPTStateWise" name="Challan_PT_ORS_EmployeeID" time="0.0">
    <ignored/>
  </testcase> <!-- Challan_PT_ORS_EmployeeID -->
  <testcase classname="BusinessUseCases.ClientPTStateWise" name="Challan_PT_PJB_Gender" time="0.0">
    <ignored/>
  </testcase> <!-- Challan_PT_PJB_Gender -->
  <testcase classname="BusinessUseCases.ClientPTStateWise" name="Challan_PT_TRP_EmployeeID" time="0.0">
    <ignored/>
  </testcase> <!-- Challan_PT_TRP_EmployeeID -->
  <testcase classname="BusinessUseCases.ClientPTStateWise" name="Challan_PT_ORS_PTGrossWages" time="0.0">
    <ignored/>
  </testcase> <!-- Challan_PT_ORS_PTGrossWages -->
  <testcase classname="BusinessUseCases.ClientPTStateWise" name="Challan_PT_PJB_EmployeeName" time="0.0">
    <ignored/>
  </testcase> <!-- Challan_PT_PJB_EmployeeName -->
  <testcase classname="BusinessUseCases.ClientPTStateWise" name="Challan_PT_PND_Location" time="0.0">
    <ignored/>
  </testcase> <!-- Challan_PT_PND_Location -->
  <testcase classname="BusinessUseCases.ClientPTStateWise" name="Challan_PT_ORS_Location" time="0.0">
    <ignored/>
  </testcase> <!-- Challan_PT_ORS_Location -->
  <testcase classname="BusinessUseCases.ClientPTStateWise" name="Challan_PT_JAK_PTAmount" time="0.0">
    <ignored/>
  </testcase> <!-- Challan_PT_JAK_PTAmount -->
  <testcase classname="BusinessUseCases.ClientPTStateWise" name="Challan_PT_BHR_Gender" time="0.0">
    <ignored/>
  </testcase> <!-- Challan_PT_BHR_Gender -->
  <testcase classname="BusinessUseCases.ClientPTStateWise" name="Challan_PT_MAH_PTState" time="0.0">
    <ignored/>
  </testcase> <!-- Challan_PT_MAH_PTState -->
</testsuite> <!-- Default test -->
