<?xml version="1.0" encoding="UTF-8"?>
<!-- Generated by org.testng.reporters.JUnitXMLReporter -->
<testsuite ignored="178" hostname="TRPL-PUN-0310" failures="0" tests="1" name="Default test" time="47.327" errors="0" timestamp="2025-10-03T15:47:28 IST">
  <testcase classname="testCases.All_Client_Portal_TestCases" name="Clientlogo" time="30.777"/>
  <testcase classname="testCases.All_Client_Portal_TestCases" name="EnglishDocView" time="0.0">
    <ignored/>
  </testcase> <!-- EnglishDocView -->
  <testcase classname="testCases.All_Client_Portal_TestCases" name="AbstractStatusIsDisplayed" time="0.0">
    <ignored/>
  </testcase> <!-- AbstractStatusIsDisplayed -->
  <testcase classname="testCases.All_Client_Portal_TestCases" name="ExpiredRegistrationPagination" time="0.0">
    <ignored/>
  </testcase> <!-- ExpiredRegistrationPagination -->
  <testcase classname="testCases.All_Client_Portal_TestCases" name="CalendarOverviewPagination" time="0.0">
    <ignored/>
  </testcase> <!-- CalendarOverviewPagination -->
  <testcase classname="testCases.All_Client_Portal_TestCases" name="RegistrationStatusActiveColumnCount" time="0.0">
    <ignored/>
  </testcase> <!-- RegistrationStatusActiveColumnCount -->
  <testcase classname="testCases.All_Client_Portal_TestCases" name="RegistrationActiveEditbtn" time="0.0">
    <ignored/>
  </testcase> <!-- RegistrationActiveEditbtn -->
  <testcase classname="testCases.All_Client_Portal_TestCases" name="RegistrationSHistoryEx" time="0.0">
    <ignored/>
  </testcase> <!-- RegistrationSHistoryEx -->
  <testcase classname="testCases.All_Client_Portal_TestCases" name="DailyUpdates" time="0.0">
    <ignored/>
  </testcase> <!-- DailyUpdates -->
  <testcase classname="testCases.All_Client_Portal_TestCases" name="NoticeStatusClosedHyperLinkCount" time="0.0">
    <ignored/>
  </testcase> <!-- NoticeStatusClosedHyperLinkCount -->
  <testcase classname="testCases.All_Client_Portal_TestCases" name="AssignedCompliances" time="0.0">
    <ignored/>
  </testcase> <!-- AssignedCompliances -->
  <testcase classname="testCases.All_Client_Portal_TestCases" name="OverviewAC" time="0.0">
    <ignored/>
  </testcase> <!-- OverviewAC -->
  <testcase classname="testCases.All_Client_Portal_TestCases" name="RegistrationStatusPagination" time="0.0">
    <ignored/>
  </testcase> <!-- RegistrationStatusPagination -->
  <testcase classname="testCases.All_Client_Portal_TestCases" name="filtersChecking" time="0.0">
    <ignored/>
  </testcase> <!-- filtersChecking -->
  <testcase classname="testCases.All_Client_Portal_TestCases" name="DownloadActive" time="0.0">
    <ignored/>
  </testcase> <!-- DownloadActive -->
  <testcase classname="testCases.All_Client_Portal_TestCases" name="IUHistoryD" time="0.0">
    <ignored/>
  </testcase> <!-- IUHistoryD -->
  <testcase classname="testCases.All_Client_Portal_TestCases" name="IUFianlUploadDownload" time="0.0">
    <ignored/>
  </testcase> <!-- IUFianlUploadDownload -->
  <testcase classname="testCases.All_Client_Portal_TestCases" name="RegistrationStatusExpiredPagination" time="0.0">
    <ignored/>
  </testcase> <!-- RegistrationStatusExpiredPagination -->
  <testcase classname="testCases.All_Client_Portal_TestCases" name="addLicenseFieldChecking" time="0.0">
    <ignored/>
  </testcase> <!-- addLicenseFieldChecking -->
  <testcase classname="testCases.All_Client_Portal_TestCases" name="InputUploadTemChha" time="0.0">
    <ignored/>
  </testcase> <!-- InputUploadTemChha -->
  <testcase classname="testCases.All_Client_Portal_TestCases" name="InputUploadSA" time="0.0">
    <ignored/>
  </testcase> <!-- InputUploadSA -->
  <testcase classname="testCases.All_Client_Portal_TestCases" name="exportEcComplied" time="0.0">
    <ignored/>
  </testcase> <!-- exportEcComplied -->
  <testcase classname="testCases.All_Client_Portal_TestCases" name="Locations" time="0.0">
    <ignored/>
  </testcase> <!-- Locations -->
  <testcase classname="testCases.All_Client_Portal_TestCases" name="RegistrationStatusEditExport" time="0.0">
    <ignored/>
  </testcase> <!-- RegistrationStatusEditExport -->
  <testcase classname="testCases.All_Client_Portal_TestCases" name="registrationPagination" time="0.0">
    <ignored/>
  </testcase> <!-- registrationPagination -->
  <testcase classname="testCases.All_Client_Portal_TestCases" name="RegistrationActiveEditDownloadbtn" time="0.0">
    <ignored/>
  </testcase> <!-- RegistrationActiveEditDownloadbtn -->
  <testcase classname="testCases.All_Client_Portal_TestCases" name="AssignedCompliancesPagination" time="0.0">
    <ignored/>
  </testcase> <!-- AssignedCompliancesPagination -->
  <testcase classname="testCases.All_Client_Portal_TestCases" name="RegistrationActiveEditClear" time="0.0">
    <ignored/>
  </testcase> <!-- RegistrationActiveEditClear -->
  <testcase classname="testCases.All_Client_Portal_TestCases" name="RegistrationStatusEditSearch" time="0.0">
    <ignored/>
  </testcase> <!-- RegistrationStatusEditSearch -->
  <testcase classname="testCases.All_Client_Portal_TestCases" name="AddNewLicense" time="0.0">
    <ignored/>
  </testcase> <!-- AddNewLicense -->
  <testcase classname="testCases.All_Client_Portal_TestCases" name="NoticeSearchBox" time="0.0">
    <ignored/>
  </testcase> <!-- NoticeSearchBox -->
  <testcase classname="testCases.All_Client_Portal_TestCases" name="ChallanViewWorkingFile" time="0.0">
    <ignored/>
  </testcase> <!-- ChallanViewWorkingFile -->
  <testcase classname="testCases.All_Client_Portal_TestCases" name="RegistrationStatusExportE" time="0.0">
    <ignored/>
  </testcase> <!-- RegistrationStatusExportE -->
  <testcase classname="testCases.All_Client_Portal_TestCases" name="LocationsSearch" time="0.0">
    <ignored/>
  </testcase> <!-- LocationsSearch -->
  <testcase classname="testCases.All_Client_Portal_TestCases" name="RegistrationRepositoryFilter" time="0.0">
    <ignored/>
  </testcase> <!-- RegistrationRepositoryFilter -->
  <testcase classname="testCases.All_Client_Portal_TestCases" name="AddNewNotices" time="0.0">
    <ignored/>
  </testcase> <!-- AddNewNotices -->
  <testcase classname="testCases.All_Client_Portal_TestCases" name="ExpiredRegistrations" time="0.0">
    <ignored/>
  </testcase> <!-- ExpiredRegistrations -->
  <testcase classname="testCases.All_Client_Portal_TestCases" name="EditIconChecktabs" time="0.0">
    <ignored/>
  </testcase> <!-- EditIconChecktabs -->
  <testcase classname="testCases.All_Client_Portal_TestCases" name="StatutoryDocViewandOverview" time="0.0">
    <ignored/>
  </testcase> <!-- StatutoryDocViewandOverview -->
  <testcase classname="testCases.All_Client_Portal_TestCases" name="RegistrationSHistoryViewDownload" time="0.0">
    <ignored/>
  </testcase> <!-- RegistrationSHistoryViewDownload -->
  <testcase classname="testCases.All_Client_Portal_TestCases" name="RegistrationActiveEditSearch" time="0.0">
    <ignored/>
  </testcase> <!-- RegistrationActiveEditSearch -->
  <testcase classname="testCases.All_Client_Portal_TestCases" name="InputUploadCh" time="0.0">
    <ignored/>
  </testcase> <!-- InputUploadCh -->
  <testcase classname="testCases.All_Client_Portal_TestCases" name="RegistrationActiveEditInitiateAction" time="0.0">
    <ignored/>
  </testcase> <!-- RegistrationActiveEditInitiateAction -->
  <testcase classname="testCases.All_Client_Portal_TestCases" name="OpenNotices" time="0.0">
    <ignored/>
  </testcase> <!-- OpenNotices -->
  <testcase classname="testCases.All_Client_Portal_TestCases" name="RegistrationStatusEditInitiateAction" time="0.0">
    <ignored/>
  </testcase> <!-- RegistrationStatusEditInitiateAction -->
  <testcase classname="testCases.All_Client_Portal_TestCases" name="InputUploadNofilere" time="0.0">
    <ignored/>
  </testcase> <!-- InputUploadNofilere -->
  <testcase classname="testCases.All_Client_Portal_TestCases" name="ChallanDoc" time="0.0">
    <ignored/>
  </testcase> <!-- ChallanDoc -->
  <testcase classname="testCases.All_Client_Portal_TestCases" name="RCOverdueSearch" time="0.0">
    <ignored/>
  </testcase> <!-- RCOverdueSearch -->
  <testcase classname="testCases.All_Client_Portal_TestCases" name="CriticalDocumentNewFile" time="0.0">
    <ignored/>
  </testcase> <!-- CriticalDocumentNewFile -->
  <testcase classname="testCases.All_Client_Portal_TestCases" name="RegistrationStatusEdit" time="0.0">
    <ignored/>
  </testcase> <!-- RegistrationStatusEdit -->
  <testcase classname="testCases.All_Client_Portal_TestCases" name="IUHistory" time="0.0">
    <ignored/>
  </testcase> <!-- IUHistory -->
  <testcase classname="testCases.All_Client_Portal_TestCases" name="OpenStatus" time="0.0">
    <ignored/>
  </testcase> <!-- OpenStatus -->
  <testcase classname="testCases.All_Client_Portal_TestCases" name="IUHistoryRe" time="0.0">
    <ignored/>
  </testcase> <!-- IUHistoryRe -->
  <testcase classname="testCases.All_Client_Portal_TestCases" name="clearBtnECOverdue" time="0.0">
    <ignored/>
  </testcase> <!-- clearBtnECOverdue -->
  <testcase classname="testCases.All_Client_Portal_TestCases" name="RegistrationStatusEditView" time="0.0">
    <ignored/>
  </testcase> <!-- RegistrationStatusEditView -->
  <testcase classname="testCases.All_Client_Portal_TestCases" name="OpenNoticeViewPagination" time="0.0">
    <ignored/>
  </testcase> <!-- OpenNoticeViewPagination -->
  <testcase classname="testCases.All_Client_Portal_TestCases" name="InputUploadFilters" time="0.0">
    <ignored/>
  </testcase> <!-- InputUploadFilters -->
  <testcase classname="testCases.All_Client_Portal_TestCases" name="InputUpload" time="0.0">
    <ignored/>
  </testcase> <!-- InputUpload -->
  <testcase classname="testCases.All_Client_Portal_TestCases" name="InitiateActionBack" time="0.0">
    <ignored/>
  </testcase> <!-- InitiateActionBack -->
  <testcase classname="testCases.All_Client_Portal_TestCases" name="RegisrationRespository" time="0.0">
    <ignored/>
  </testcase> <!-- RegisrationRespository -->
  <testcase classname="testCases.All_Client_Portal_TestCases" name="ClosedStatus" time="0.0">
    <ignored/>
  </testcase> <!-- ClosedStatus -->
  <testcase classname="testCases.All_Client_Portal_TestCases" name="assignedCompSearch" time="0.0">
    <ignored/>
  </testcase> <!-- assignedCompSearch -->
  <testcase classname="testCases.All_Client_Portal_TestCases" name="RCOverdueClearExport" time="0.0">
    <ignored/>
  </testcase> <!-- RCOverdueClearExport -->
  <testcase classname="testCases.All_Client_Portal_TestCases" name="RegistrationSExport" time="0.0">
    <ignored/>
  </testcase> <!-- RegistrationSExport -->
  <testcase classname="testCases.All_Client_Portal_TestCases" name="RegistrationSHistoryExportEx" time="0.0">
    <ignored/>
  </testcase> <!-- RegistrationSHistoryExportEx -->
  <testcase classname="testCases.All_Client_Portal_TestCases" name="InitiateAction" time="0.0">
    <ignored/>
  </testcase> <!-- InitiateAction -->
  <testcase classname="testCases.All_Client_Portal_TestCases" name="IUHistoryDRe" time="0.0">
    <ignored/>
  </testcase> <!-- IUHistoryDRe -->
  <testcase classname="testCases.All_Client_Portal_TestCases" name="EnglishDocDownload" time="0.0">
    <ignored/>
  </testcase> <!-- EnglishDocDownload -->
  <testcase classname="testCases.All_Client_Portal_TestCases" name="SearchBox" time="0.0">
    <ignored/>
  </testcase> <!-- SearchBox -->
  <testcase classname="testCases.All_Client_Portal_TestCases" name="ExpiredSearch" time="0.0">
    <ignored/>
  </testcase> <!-- ExpiredSearch -->
  <testcase classname="testCases.All_Client_Portal_TestCases" name="RegistrationSHistory" time="0.0">
    <ignored/>
  </testcase> <!-- RegistrationSHistory -->
  <testcase classname="testCases.All_Client_Portal_TestCases" name="NoticeStatusClosedPagination" time="0.0">
    <ignored/>
  </testcase> <!-- NoticeStatusClosedPagination -->
  <testcase classname="testCases.All_Client_Portal_TestCases" name="RCOverdueOverview" time="0.0">
    <ignored/>
  </testcase> <!-- RCOverdueOverview -->
  <testcase classname="testCases.All_Client_Portal_TestCases" name="searchRCComplied" time="0.0">
    <ignored/>
  </testcase> <!-- searchRCComplied -->
  <testcase classname="testCases.All_Client_Portal_TestCases" name="InputUploadTemSa" time="0.0">
    <ignored/>
  </testcase> <!-- InputUploadTemSa -->
  <testcase classname="testCases.All_Client_Portal_TestCases" name="ViewAddNewNoticesNumberError" time="0.0">
    <ignored/>
  </testcase> <!-- ViewAddNewNoticesNumberError -->
  <testcase classname="testCases.All_Client_Portal_TestCases" name="InputUploadTem" time="0.0">
    <ignored/>
  </testcase> <!-- InputUploadTem -->
  <testcase classname="testCases.All_Client_Portal_TestCases" name="Entities" time="0.0">
    <ignored/>
  </testcase> <!-- Entities -->
  <testcase classname="testCases.All_Client_Portal_TestCases" name="StatutoryDocFilter" time="0.0">
    <ignored/>
  </testcase> <!-- StatutoryDocFilter -->
  <testcase classname="testCases.All_Client_Portal_TestCases" name="CalendarExport" time="0.0">
    <ignored/>
  </testcase> <!-- CalendarExport -->
  <testcase classname="testCases.All_Client_Portal_TestCases" name="StatutoryDocBulkDownload" time="0.0">
    <ignored/>
  </testcase> <!-- StatutoryDocBulkDownload -->
  <testcase classname="testCases.All_Client_Portal_TestCases" name="NoticeExportBtn" time="0.0">
    <ignored/>
  </testcase> <!-- NoticeExportBtn -->
  <testcase classname="testCases.All_Client_Portal_TestCases" name="OverviewNotice" time="0.0">
    <ignored/>
  </testcase> <!-- OverviewNotice -->
  <testcase classname="testCases.All_Client_Portal_TestCases" name="LocationsPagination" time="0.0">
    <ignored/>
  </testcase> <!-- LocationsPagination -->
  <testcase classname="testCases.All_Client_Portal_TestCases" name="exportNotice" time="0.0">
    <ignored/>
  </testcase> <!-- exportNotice -->
  <testcase classname="testCases.All_Client_Portal_TestCases" name="exportNoticeStatus" time="0.0">
    <ignored/>
  </testcase> <!-- exportNoticeStatus -->
  <testcase classname="testCases.All_Client_Portal_TestCases" name="ERview" time="0.0">
    <ignored/>
  </testcase> <!-- ERview -->
  <testcase classname="testCases.All_Client_Portal_TestCases" name="exportcount12" time="0.0">
    <ignored/>
  </testcase> <!-- exportcount12 -->
  <testcase classname="testCases.All_Client_Portal_TestCases" name="CriticalDocumentshare" time="0.0">
    <ignored/>
  </testcase> <!-- CriticalDocumentshare -->
  <testcase classname="testCases.All_Client_Portal_TestCases" name="ExistingLicenseInitiateAction" time="0.0">
    <ignored/>
  </testcase> <!-- ExistingLicenseInitiateAction -->
  <testcase classname="testCases.All_Client_Portal_TestCases" name="assignedCompChallanExport" time="0.0">
    <ignored/>
  </testcase> <!-- assignedCompChallanExport -->
  <testcase classname="testCases.All_Client_Portal_TestCases" name="ChallanDocBulkDownload" time="0.0">
    <ignored/>
  </testcase> <!-- ChallanDocBulkDownload -->
  <testcase classname="testCases.All_Client_Portal_TestCases" name="RegistrationSViewEx" time="0.0">
    <ignored/>
  </testcase> <!-- RegistrationSViewEx -->
  <testcase classname="testCases.All_Client_Portal_TestCases" name="assignedSelectActFilter" time="0.0">
    <ignored/>
  </testcase> <!-- assignedSelectActFilter -->
  <testcase classname="testCases.All_Client_Portal_TestCases" name="RegistrationSActivePagination" time="0.0">
    <ignored/>
  </testcase> <!-- RegistrationSActivePagination -->
  <testcase classname="testCases.All_Client_Portal_TestCases" name="CalendarNextPreviousToday" time="0.0">
    <ignored/>
  </testcase> <!-- CalendarNextPreviousToday -->
  <testcase classname="testCases.All_Client_Portal_TestCases" name="InputUploadNofile" time="0.0">
    <ignored/>
  </testcase> <!-- InputUploadNofile -->
  <testcase classname="testCases.All_Client_Portal_TestCases" name="OpenView" time="0.0">
    <ignored/>
  </testcase> <!-- OpenView -->
  <testcase classname="testCases.All_Client_Portal_TestCases" name="NoticeStatusOpenPagination" time="0.0">
    <ignored/>
  </testcase> <!-- NoticeStatusOpenPagination -->
  <testcase classname="testCases.All_Client_Portal_TestCases" name="StatutoryDocApplyClaerBtn" time="0.0">
    <ignored/>
  </testcase> <!-- StatutoryDocApplyClaerBtn -->
  <testcase classname="testCases.All_Client_Portal_TestCases" name="noticePopUpChecking" time="0.0">
    <ignored/>
  </testcase> <!-- noticePopUpChecking -->
  <testcase classname="testCases.All_Client_Portal_TestCases" name="NoticeStatusSearch" time="0.0">
    <ignored/>
  </testcase> <!-- NoticeStatusSearch -->
  <testcase classname="testCases.All_Client_Portal_TestCases" name="OpenNoticesEditback" time="0.0">
    <ignored/>
  </testcase> <!-- OpenNoticesEditback -->
  <testcase classname="testCases.All_Client_Portal_TestCases" name="RegistrationStatusEx" time="0.0">
    <ignored/>
  </testcase> <!-- RegistrationStatusEx -->
  <testcase classname="testCases.All_Client_Portal_TestCases" name="ChallanViewComplianceFile" time="0.0">
    <ignored/>
  </testcase> <!-- ChallanViewComplianceFile -->
  <testcase classname="testCases.All_Client_Portal_TestCases" name="OpenNoticesPagination" time="0.0">
    <ignored/>
  </testcase> <!-- OpenNoticesPagination -->
  <testcase classname="testCases.All_Client_Portal_TestCases" name="RegistrationStatusExport" time="0.0">
    <ignored/>
  </testcase> <!-- RegistrationStatusExport -->
  <testcase classname="testCases.All_Client_Portal_TestCases" name="NoticeStatusPagination" time="0.0">
    <ignored/>
  </testcase> <!-- NoticeStatusPagination -->
  <testcase classname="testCases.All_Client_Portal_TestCases" name="NoticeEditAllTabs" time="0.0">
    <ignored/>
  </testcase> <!-- NoticeEditAllTabs -->
  <testcase classname="testCases.All_Client_Portal_TestCases" name="ERSearch" time="0.0">
    <ignored/>
  </testcase> <!-- ERSearch -->
  <testcase classname="testCases.All_Client_Portal_TestCases" name="RCOverduePagination" time="0.0">
    <ignored/>
  </testcase> <!-- RCOverduePagination -->
  <testcase classname="testCases.All_Client_Portal_TestCases" name="exportClosed" time="0.0">
    <ignored/>
  </testcase> <!-- exportClosed -->
  <testcase classname="testCases.All_Client_Portal_TestCases" name="RegistrationStatusEditDownloadbtn" time="0.0">
    <ignored/>
  </testcase> <!-- RegistrationStatusEditDownloadbtn -->
  <testcase classname="testCases.All_Client_Portal_TestCases" name="RegistrationSView" time="0.0">
    <ignored/>
  </testcase> <!-- RegistrationSView -->
  <testcase classname="testCases.All_Client_Portal_TestCases" name="NoticeEditDownloadView" time="0.0">
    <ignored/>
  </testcase> <!-- NoticeEditDownloadView -->
  <testcase classname="testCases.All_Client_Portal_TestCases" name="ExportBtn" time="0.0">
    <ignored/>
  </testcase> <!-- ExportBtn -->
  <testcase classname="testCases.All_Client_Portal_TestCases" name="StateDocZipFile" time="0.0">
    <ignored/>
  </testcase> <!-- StateDocZipFile -->
  <testcase classname="testCases.All_Client_Portal_TestCases" name="ERSearchClear" time="0.0">
    <ignored/>
  </testcase> <!-- ERSearchClear -->
  <testcase classname="testCases.All_Client_Portal_TestCases" name="InputUploadReturnOtherUp" time="0.0">
    <ignored/>
  </testcase> <!-- InputUploadReturnOtherUp -->
  <testcase classname="testCases.All_Client_Portal_TestCases" name="ChallanViewBranchese" time="0.0">
    <ignored/>
  </testcase> <!-- ChallanViewBranchese -->
  <testcase classname="testCases.All_Client_Portal_TestCases" name="IUFianlUploadDownloadSalary" time="0.0">
    <ignored/>
  </testcase> <!-- IUFianlUploadDownloadSalary -->
  <testcase classname="testCases.All_Client_Portal_TestCases" name="CalendarCount" time="0.0">
    <ignored/>
  </testcase> <!-- CalendarCount -->
  <testcase classname="testCases.All_Client_Portal_TestCases" name="AssignedCompliancesRgisterReturnChallanCount" time="0.0">
    <ignored/>
  </testcase> <!-- AssignedCompliancesRgisterReturnChallanCount -->
  <testcase classname="testCases.All_Client_Portal_TestCases" name="RegionalDocDownload" time="0.0">
    <ignored/>
  </testcase> <!-- RegionalDocDownload -->
  <testcase classname="testCases.All_Client_Portal_TestCases" name="RCCompliedCountVerification" time="0.0">
    <ignored/>
  </testcase> <!-- RCCompliedCountVerification -->
  <testcase classname="testCases.All_Client_Portal_TestCases" name="ExpiredRegistrationsEdit" time="0.0">
    <ignored/>
  </testcase> <!-- ExpiredRegistrationsEdit -->
  <testcase classname="testCases.All_Client_Portal_TestCases" name="CriticalDocumentSubFolder" time="0.0">
    <ignored/>
  </testcase> <!-- CriticalDocumentSubFolder -->
  <testcase classname="testCases.All_Client_Portal_TestCases" name="exportOpen" time="0.0">
    <ignored/>
  </testcase> <!-- exportOpen -->
  <testcase classname="testCases.All_Client_Portal_TestCases" name="OpenNoticesback" time="0.0">
    <ignored/>
  </testcase> <!-- OpenNoticesback -->
  <testcase classname="testCases.All_Client_Portal_TestCases" name="OpenNotice_BrowseUploadValidation" time="0.0">
    <ignored/>
  </testcase> <!-- OpenNotice_BrowseUploadValidation -->
  <testcase classname="testCases.All_Client_Portal_TestCases" name="RegistrationSearch" time="0.0">
    <ignored/>
  </testcase> <!-- RegistrationSearch -->
  <testcase classname="testCases.All_Client_Portal_TestCases" name="OpenNoticesView" time="0.0">
    <ignored/>
  </testcase> <!-- OpenNoticesView -->
  <testcase classname="testCases.All_Client_Portal_TestCases" name="NoticeViewEditDocumentDownload" time="0.0">
    <ignored/>
  </testcase> <!-- NoticeViewEditDocumentDownload -->
  <testcase classname="testCases.All_Client_Portal_TestCases" name="searchECOverdue" time="0.0">
    <ignored/>
  </testcase> <!-- searchECOverdue -->
  <testcase classname="testCases.All_Client_Portal_TestCases" name="RegistrationActiveEditInitiateActionSubmit" time="0.0">
    <ignored/>
  </testcase> <!-- RegistrationActiveEditInitiateActionSubmit -->
  <testcase classname="testCases.All_Client_Portal_TestCases" name="RegistrationActiveEditView" time="0.0">
    <ignored/>
  </testcase> <!-- RegistrationActiveEditView -->
  <testcase classname="testCases.All_Client_Portal_TestCases" name="SearchBoxExistiongLicense" time="0.0">
    <ignored/>
  </testcase> <!-- SearchBoxExistiongLicense -->
  <testcase classname="testCases.All_Client_Portal_TestCases" name="ExsitingLicenseExport" time="0.0">
    <ignored/>
  </testcase> <!-- ExsitingLicenseExport -->
  <testcase classname="testCases.All_Client_Portal_TestCases" name="ECOverduePagination" time="0.0">
    <ignored/>
  </testcase> <!-- ECOverduePagination -->
  <testcase classname="testCases.All_Client_Portal_TestCases" name="NoticeEditDocumentRepositoryDownload" time="0.0">
    <ignored/>
  </testcase> <!-- NoticeEditDocumentRepositoryDownload -->
  <testcase classname="testCases.All_Client_Portal_TestCases" name="NoticeStatusOpenHyperLinkCount" time="0.0">
    <ignored/>
  </testcase> <!-- NoticeStatusOpenHyperLinkCount -->
  <testcase classname="testCases.All_Client_Portal_TestCases" name="RegistrationSHistorySearch" time="0.0">
    <ignored/>
  </testcase> <!-- RegistrationSHistorySearch -->
  <testcase classname="testCases.All_Client_Portal_TestCases" name="exportEC" time="0.0">
    <ignored/>
  </testcase> <!-- exportEC -->
  <testcase classname="testCases.All_Client_Portal_TestCases" name="IUHistoryDCh" time="0.0">
    <ignored/>
  </testcase> <!-- IUHistoryDCh -->
  <testcase classname="testCases.All_Client_Portal_TestCases" name="EditIcon" time="0.0">
    <ignored/>
  </testcase> <!-- EditIcon -->
  <testcase classname="testCases.All_Client_Portal_TestCases" name="ExistingLicenseViewIcon" time="0.0">
    <ignored/>
  </testcase> <!-- ExistingLicenseViewIcon -->
  <testcase classname="testCases.All_Client_Portal_TestCases" name="RegionalDocView" time="0.0">
    <ignored/>
  </testcase> <!-- RegionalDocView -->
  <testcase classname="testCases.All_Client_Portal_TestCases" name="RegistrationRepositoryExportBtn" time="0.0">
    <ignored/>
  </testcase> <!-- RegistrationRepositoryExportBtn -->
  <testcase classname="testCases.All_Client_Portal_TestCases" name="exportER" time="0.0">
    <ignored/>
  </testcase> <!-- exportER -->
  <testcase classname="testCases.All_Client_Portal_TestCases" name="NoticeSearchClear" time="0.0">
    <ignored/>
  </testcase> <!-- NoticeSearchClear -->
  <testcase classname="testCases.All_Client_Portal_TestCases" name="NoticeViewEditTabs" time="0.0">
    <ignored/>
  </testcase> <!-- NoticeViewEditTabs -->
  <testcase classname="testCases.All_Client_Portal_TestCases" name="ClosedView" time="0.0">
    <ignored/>
  </testcase> <!-- ClosedView -->
  <testcase classname="testCases.All_Client_Portal_TestCases" name="exportERE" time="0.0">
    <ignored/>
  </testcase> <!-- exportERE -->
  <testcase classname="testCases.All_Client_Portal_TestCases" name="RegistrationSHistoryExport" time="0.0">
    <ignored/>
  </testcase> <!-- RegistrationSHistoryExport -->
  <testcase classname="testCases.All_Client_Portal_TestCases" name="ERviewBack" time="0.0">
    <ignored/>
  </testcase> <!-- ERviewBack -->
  <testcase classname="testCases.All_Client_Portal_TestCases" name="assignedCompRegisterExport" time="0.0">
    <ignored/>
  </testcase> <!-- assignedCompRegisterExport -->
  <testcase classname="testCases.All_Client_Portal_TestCases" name="ActiveSearch" time="0.0">
    <ignored/>
  </testcase> <!-- ActiveSearch -->
  <testcase classname="testCases.All_Client_Portal_TestCases" name="ViewAddNewNotices" time="0.0">
    <ignored/>
  </testcase> <!-- ViewAddNewNotices -->
  <testcase classname="testCases.All_Client_Portal_TestCases" name="ViewOverDownloadRCComplied" time="0.0">
    <ignored/>
  </testcase> <!-- ViewOverDownloadRCComplied -->
  <testcase classname="testCases.All_Client_Portal_TestCases" name="ChallanComplianceDoc" time="0.0">
    <ignored/>
  </testcase> <!-- ChallanComplianceDoc -->
  <testcase classname="testCases.All_Client_Portal_TestCases" name="SearchBoxMasterAbstract" time="0.0">
    <ignored/>
  </testcase> <!-- SearchBoxMasterAbstract -->
  <testcase classname="testCases.All_Client_Portal_TestCases" name="RegistrationStatusEditClearbtn" time="0.0">
    <ignored/>
  </testcase> <!-- RegistrationStatusEditClearbtn -->
  <testcase classname="testCases.All_Client_Portal_TestCases" name="NoticeSearch" time="0.0">
    <ignored/>
  </testcase> <!-- NoticeSearch -->
  <testcase classname="testCases.All_Client_Portal_TestCases" name="DownloadActiveEx" time="0.0">
    <ignored/>
  </testcase> <!-- DownloadActiveEx -->
  <testcase classname="testCases.All_Client_Portal_TestCases" name="ECOverdue" time="0.0">
    <ignored/>
  </testcase> <!-- ECOverdue -->
  <testcase classname="testCases.All_Client_Portal_TestCases" name="OpenNoticesEditDelete" time="0.0">
    <ignored/>
  </testcase> <!-- OpenNoticesEditDelete -->
  <testcase classname="testCases.All_Client_Portal_TestCases" name="searchEcComplied" time="0.0">
    <ignored/>
  </testcase> <!-- searchEcComplied -->
  <testcase classname="testCases.All_Client_Portal_TestCases" name="RegistrationActiveEditExport" time="0.0">
    <ignored/>
  </testcase> <!-- RegistrationActiveEditExport -->
  <testcase classname="testCases.All_Client_Portal_TestCases" name="InputUploadReturn" time="0.0">
    <ignored/>
  </testcase> <!-- InputUploadReturn -->
  <testcase classname="testCases.All_Client_Portal_TestCases" name="IUHistoryCh" time="0.0">
    <ignored/>
  </testcase> <!-- IUHistoryCh -->
  <testcase classname="testCases.All_Client_Portal_TestCases" name="IUHistoryDSA" time="0.0">
    <ignored/>
  </testcase> <!-- IUHistoryDSA -->
  <testcase classname="testCases.All_Client_Portal_TestCases" name="CriticalDocument" time="0.0">
    <ignored/>
  </testcase> <!-- CriticalDocument -->
  <testcase classname="testCases.All_Client_Portal_TestCases" name="assignedCompReturnExport" time="0.0">
    <ignored/>
  </testcase> <!-- assignedCompReturnExport -->
  <testcase classname="testCases.All_Client_Portal_TestCases" name="ExistingLicenseDownload" time="0.0">
    <ignored/>
  </testcase> <!-- ExistingLicenseDownload -->
  <testcase classname="testCases.All_Client_Portal_TestCases" name="ExistingNoticesNo" time="0.0">
    <ignored/>
  </testcase> <!-- ExistingNoticesNo -->
  <testcase classname="testCases.All_Client_Portal_TestCases" name="EditIconsMiniTabs" time="0.0">
    <ignored/>
  </testcase> <!-- EditIconsMiniTabs -->
  <testcase classname="testCases.All_Client_Portal_TestCases" name="criticalDocumentsCancelAndDelete" time="0.0">
    <ignored/>
  </testcase> <!-- criticalDocumentsCancelAndDelete -->
  <testcase classname="testCases.All_Client_Portal_TestCases" name="NoticeStatusOpenClosedCountWithTotalNotices" time="0.0">
    <ignored/>
  </testcase> <!-- NoticeStatusOpenClosedCountWithTotalNotices -->
  <testcase classname="testCases.All_Client_Portal_TestCases" name="NoticeDocMandatory" time="0.0">
    <ignored/>
  </testcase> <!-- NoticeDocMandatory -->
</testsuite> <!-- Default test -->
