<?xml version="1.0" encoding="UTF-8"?>
<!-- Generated by org.testng.reporters.JUnitXMLReporter -->
<testsuite ignored="7" hostname="TRPL-PUN-0268" failures="0" tests="1" name="Default test" time="24.434" errors="0" timestamp="2026-02-28T05:44:15 IST">
  <testcase classname="testCases.SMETestCase" name="CoordinatorLogo" time="15.519"/>
  <testcase classname="testCases.SMETestCase" name="CountMatch" time="0.0">
    <ignored/>
  </testcase> <!-- CountMatch -->
  <testcase classname="testCases.SMETestCase" name="NoticeEditDownload" time="0.0">
    <ignored/>
  </testcase> <!-- NoticeEditDownload -->
  <testcase classname="testCases.SMETestCase" name="NoticeSearchBox" time="0.0">
    <ignored/>
  </testcase> <!-- NoticeSearchBox -->
  <testcase classname="testCases.SMETestCase" name="NoticeExportBtn" time="0.0">
    <ignored/>
  </testcase> <!-- NoticeExportBtn -->
  <testcase classname="testCases.SMETestCase" name="Overdue" time="0.0">
    <ignored/>
  </testcase> <!-- Overdue -->
  <testcase classname="testCases.SMETestCase" name="PendingAction" time="0.0">
    <ignored/>
  </testcase> <!-- PendingAction -->
  <testcase classname="testCases.SMETestCase" name="Closed" time="0.0">
    <ignored/>
  </testcase> <!-- Closed -->
</testsuite> <!-- Default test -->
