<?xml version="1.0" encoding="UTF-8"?>
<!-- Generated by org.testng.reporters.JUnitXMLReporter -->
<testsuite ignored="0" hostname="TRPL-PUN-0268" failures="1" tests="27" name="Default test" time="1428.107" errors="0" timestamp="2025-10-30T20:13:10 IST">
  <testcase classname="testCases.RCPTestCase" name="RCPLogo" time="23.563"/>
  <testcase classname="testCases.RCPTestCase" name="RCPcolumnExpandIcon" time="44.287"/>
  <testcase classname="testCases.RCPTestCase" name="RegistrationCountMatch" time="20.597"/>
  <testcase classname="testCases.RCPTestCase" name="RegistrationPendingApplicationExport" time="32.46"/>
  <testcase classname="testCases.RCPTestCase" name="RegistrationPendingAction" time="19.993"/>
  <testcase classname="testCases.RCPTestCase" name="RegistrationAppliedAwatingDeptExport" time="33.134"/>
  <testcase classname="testCases.RCPTestCase" name="RegistrationOverdue" time="18.019"/>
  <testcase classname="testCases.RCPTestCase" name="RegistrationOverdueExport" time="43.849"/>
  <testcase classname="testCases.RCPTestCase" name="RegistrationClosed" time="19.983"/>
  <testcase classname="testCases.RCPTestCase" name="RegistrationClosedExport" time="48.804"/>
  <testcase classname="testCases.RCPTestCase" name="ExportBtn" time="32.155"/>
  <testcase classname="testCases.RCPTestCase" name="SearchBox" time="56.384"/>
  <testcase classname="testCases.RCPTestCase" name="EditIcon" time="10.531"/>
  <testcase classname="testCases.RCPTestCase" name="OTAReport" time="59.027"/>
  <testcase classname="testCases.RCPTestCase" name="EditSubmittedToDept" time="55.927"/>
  <testcase classname="testCases.RCPTestCase" name="EditClosureVerification" time="109.68"/>
  <testcase classname="testCases.RCPTestCase" name="EditTabsVerification" time="37.239"/>
  <testcase classname="testCases.RCPTestCase" name="editDocumentSectionDocReqOTActivity" time="27.294"/>
  <testcase classname="testCases.RCPTestCase" name="documentRepositoryDownloads" time="28.86"/>
  <testcase classname="testCases.RCPTestCase" name="ExistingLicenseCountMatch" time="34.477"/>
  <testcase classname="testCases.RCPTestCase" name="ExistingLicenseendingAction" time="21.547"/>
  <testcase classname="testCases.RCPTestCase" name="ExistingLicenseOverdue" time="21.56"/>
  <testcase classname="testCases.RCPTestCase" name="ExistingLicenseClosed" time="21.933"/>
  <testcase classname="testCases.RCPTestCase" name="ExsitingLicenseExport" time="35.246"/>
  <testcase classname="testCases.RCPTestCase" name="SearchBoxExistiongLicense" time="20.326"/>
  <testcase classname="testCases.RCPTestCase" name="ExistingLicenseViewIcon" time="10.71">
    <failure type="org.openqa.selenium.ElementClickInterceptedException" message="element click intercepted: Element is not clickable at point (757, 618)
  (Session info: chrome=141.0.7390.123)
Build info: version: &amp;apos;3.141.0&amp;apos;, revision: &amp;apos;2ecb7d9a&amp;apos;, time: &amp;apos;2018-10-31T20:09:30&amp;apos;
System info: host: &amp;apos;TRPL-PUN-0268&amp;apos;, ip: &amp;apos;192.168.1.3&amp;apos;, os.name: &amp;apos;Windows 11&amp;apos;, os.arch: &amp;apos;amd64&amp;apos;, os.version: &amp;apos;10.0&amp;apos;, java.version: &amp;apos;23.0.1&amp;apos;
Driver info: org.openqa.selenium.chrome.ChromeDriver
Capabilities {acceptInsecureCerts: false, browserName: chrome, browserVersion: 141.0.7390.123, chrome: {chromedriverVersion: 140.0.7339.207 (17230b545fd..., userDataDir: C:\Users\bilali\AppData\Loc...}, fedcm:accounts: true, goog:chromeOptions: {debuggerAddress: localhost:54450}, javascriptEnabled: true, networkConnectionEnabled: false, pageLoadStrategy: normal, platform: WINDOWS, platformName: WINDOWS, proxy: Proxy(), setWindowRect: true, strictFileInteractability: false, timeouts: {implicit: 0, pageLoad: 300000, script: 30000}, unhandledPromptBehavior: dismiss and notify, webauthn:extension:credBlob: true, webauthn:extension:largeBlob: true, webauthn:extension:minPinLength: true, webauthn:extension:prf: true, webauthn:virtualAuthenticators: true}
Session ID: 724390a03615788ff62f24d2c86e956d">
      <![CDATA[org.openqa.selenium.ElementClickInterceptedException: element click intercepted: Element is not clickable at point (757, 618)
  (Session info: chrome=141.0.7390.123)
Build info: version: '3.141.0', revision: '2ecb7d9a', time: '2018-10-31T20:09:30'
System info: host: 'TRPL-PUN-0268', ip: '192.168.1.3', os.name: 'Windows 11', os.arch: 'amd64', os.version: '10.0', java.version: '23.0.1'
Driver info: org.openqa.selenium.chrome.ChromeDriver
Capabilities {acceptInsecureCerts: false, browserName: chrome, browserVersion: 141.0.7390.123, chrome: {chromedriverVersion: 140.0.7339.207 (17230b545fd..., userDataDir: C:\Users\bilali\AppData\Loc...}, fedcm:accounts: true, goog:chromeOptions: {debuggerAddress: localhost:54450}, javascriptEnabled: true, networkConnectionEnabled: false, pageLoadStrategy: normal, platform: WINDOWS, platformName: WINDOWS, proxy: Proxy(), setWindowRect: true, strictFileInteractability: false, timeouts: {implicit: 0, pageLoad: 300000, script: 30000}, unhandledPromptBehavior: dismiss and notify, webauthn:extension:credBlob: true, webauthn:extension:largeBlob: true, webauthn:extension:minPinLength: true, webauthn:extension:prf: true, webauthn:virtualAuthenticators: true}
Session ID: 724390a03615788ff62f24d2c86e956d
at java.base/jdk.internal.reflect.DirectConstructorHandleAccessor.newInstance(DirectConstructorHandleAccessor.java:62)
at java.base/java.lang.reflect.Constructor.newInstanceWithCaller(Constructor.java:501)
at java.base/java.lang.reflect.Constructor.newInstance(Constructor.java:485)
at org.openqa.selenium.remote.http.W3CHttpResponseCodec.createException(W3CHttpResponseCodec.java:187)
at org.openqa.selenium.remote.http.W3CHttpResponseCodec.decode(W3CHttpResponseCodec.java:122)
at org.openqa.selenium.remote.http.W3CHttpResponseCodec.decode(W3CHttpResponseCodec.java:49)
at org.openqa.selenium.remote.HttpCommandExecutor.execute(HttpCommandExecutor.java:158)
at org.openqa.selenium.remote.service.DriverCommandExecutor.execute(DriverCommandExecutor.java:83)
at org.openqa.selenium.remote.RemoteWebDriver.execute(RemoteWebDriver.java:552)
at org.openqa.selenium.remote.RemoteWebElement.execute(RemoteWebElement.java:285)
at org.openqa.selenium.remote.RemoteWebElement.click(RemoteWebElement.java:84)
at rcp.RCPMethod.ExistingLicenseViewIcon(RCPMethod.java:2000)
at testCases.RCPTestCase.ExistingLicenseViewIcon(RCPTestCase.java:388)
at java.base/jdk.internal.reflect.DirectMethodHandleAccessor.invoke(DirectMethodHandleAccessor.java:103)
at java.base/java.lang.reflect.Method.invoke(Method.java:580)
at org.testng.internal.invokers.MethodInvocationHelper.invokeMethod(MethodInvocationHelper.java:139)
at org.testng.internal.invokers.TestInvoker.invokeMethod(TestInvoker.java:677)
at org.testng.internal.invokers.TestInvoker.invokeTestMethod(TestInvoker.java:221)
at org.testng.internal.invokers.MethodRunner.runInSequence(MethodRunner.java:50)
at org.testng.internal.invokers.TestInvoker$MethodInvocationAgent.invoke(TestInvoker.java:969)
at org.testng.internal.invokers.TestInvoker.invokeTestMethods(TestInvoker.java:194)
at org.testng.internal.invokers.TestMethodWorker.invokeTestMethods(TestMethodWorker.java:148)
at org.testng.internal.invokers.TestMethodWorker.run(TestMethodWorker.java:128)
at java.base/java.util.ArrayList.forEach(ArrayList.java:1597)
at org.testng.TestRunner.privateRun(TestRunner.java:829)
at org.testng.TestRunner.run(TestRunner.java:602)
at org.testng.SuiteRunner.runTest(SuiteRunner.java:437)
at org.testng.SuiteRunner.runSequentially(SuiteRunner.java:431)
at org.testng.SuiteRunner.privateRun(SuiteRunner.java:391)
at org.testng.SuiteRunner.run(SuiteRunner.java:330)
at org.testng.SuiteRunnerWorker.runSuite(SuiteRunnerWorker.java:52)
at org.testng.SuiteRunnerWorker.run(SuiteRunnerWorker.java:95)
at org.testng.TestNG.runSuitesSequentially(TestNG.java:1256)
at org.testng.TestNG.runSuitesLocally(TestNG.java:1176)
at org.testng.TestNG.runSuites(TestNG.java:1099)
at org.testng.TestNG.run(TestNG.java:1067)
at org.testng.remote.AbstractRemoteTestNG.run(AbstractRemoteTestNG.java:115)
at org.testng.remote.RemoteTestNG.initAndRun(RemoteTestNG.java:293)
at org.testng.remote.RemoteTestNG.main(RemoteTestNG.java:91)
]]>
    </failure>
  </testcase> <!-- ExistingLicenseViewIcon -->
  <testcase classname="testCases.RCPTestCase" name="ExistingLicenseDownload" time="39.555"/>
</testsuite> <!-- Default test -->
