<?xml version="1.0" encoding="UTF-8"?>
<testng-results ignored="0" total="63" passed="54" failed="9" skipped="0">
  <reporter-output>
  </reporter-output>
  <suite started-at="2026-04-08T00:16:18 IST" name="Default suite" finished-at="2026-04-08T02:38:35 IST" duration-ms="8537410">
    <groups>
    </groups>
    <test started-at="2026-04-08T00:16:18 IST" name="Default test" finished-at="2026-04-08T02:38:35 IST" duration-ms="8537410">
      <class name="testCases.All_Performer_TestCases">
        <test-method is-config="true" signature="setBrowser()[pri:0, instance:testCases.All_Performer_TestCases@4e50c791]" started-at="2026-04-08T00:16:18 IST" name="setBrowser" finished-at="2026-04-08T00:16:18 IST" duration-ms="786" status="PASS">
          <reporter-output>
          </reporter-output>
        </test-method> <!-- setBrowser -->
        <test-method is-config="true" signature="Login()[pri:0, instance:testCases.All_Performer_TestCases@4e50c791]" started-at="2026-04-08T00:16:19 IST" name="Login" finished-at="2026-04-08T00:16:29 IST" duration-ms="10004" status="PASS">
          <reporter-output>
          </reporter-output>
        </test-method> <!-- Login -->
        <test-method signature="CompanyLogo()[pri:1, instance:testCases.All_Performer_TestCases@4e50c791]" started-at="2026-04-08T00:16:29 IST" name="CompanyLogo" finished-at="2026-04-08T00:16:41 IST" duration-ms="12450" status="PASS">
          <reporter-output>
          </reporter-output>
        </test-method> <!-- CompanyLogo -->
        <test-method is-config="true" signature="afterMethod(org.testng.ITestResult)[pri:0, instance:testCases.All_Performer_TestCases@4e50c791]" started-at="2026-04-08T00:16:41 IST" name="afterMethod" finished-at="2026-04-08T00:16:42 IST" duration-ms="1407" status="PASS">
          <params>
            <param index="0">
              <value>
                <![CDATA[[TestResult name=CompanyLogo status=SUCCESS method=All_Performer_TestCases.CompanyLogo()[pri:1, instance:testCases.All_Performer_TestCases@4e50c791] output={null}]]]>
              </value>
            </param>
          </params>
          <reporter-output>
          </reporter-output>
        </test-method> <!-- afterMethod -->
        <test-method is-config="true" signature="Login()[pri:0, instance:testCases.All_Performer_TestCases@4e50c791]" started-at="2026-04-08T00:16:42 IST" name="Login" finished-at="2026-04-08T00:16:49 IST" duration-ms="6722" status="PASS">
          <reporter-output>
          </reporter-output>
        </test-method> <!-- Login -->
        <test-method signature="Logout()[pri:2, instance:testCases.All_Performer_TestCases@4e50c791]" started-at="2026-04-08T00:16:49 IST" name="Logout" finished-at="2026-04-08T00:17:16 IST" duration-ms="26476" status="PASS">
          <reporter-output>
          </reporter-output>
        </test-method> <!-- Logout -->
        <test-method is-config="true" signature="afterMethod(org.testng.ITestResult)[pri:0, instance:testCases.All_Performer_TestCases@4e50c791]" started-at="2026-04-08T00:17:16 IST" name="afterMethod" finished-at="2026-04-08T00:17:17 IST" duration-ms="1793" status="PASS">
          <params>
            <param index="0">
              <value>
                <![CDATA[[TestResult name=Logout status=SUCCESS method=All_Performer_TestCases.Logout()[pri:2, instance:testCases.All_Performer_TestCases@4e50c791] output={null}]]]>
              </value>
            </param>
          </params>
          <reporter-output>
          </reporter-output>
        </test-method> <!-- afterMethod -->
        <test-method is-config="true" signature="Login()[pri:0, instance:testCases.All_Performer_TestCases@4e50c791]" started-at="2026-04-08T00:17:17 IST" name="Login" finished-at="2026-04-08T00:17:24 IST" duration-ms="6883" status="PASS">
          <reporter-output>
          </reporter-output>
        </test-method> <!-- Login -->
        <test-method signature="ChangePass()[pri:4, instance:testCases.All_Performer_TestCases@4e50c791]" started-at="2026-04-08T00:17:24 IST" name="ChangePass" finished-at="2026-04-08T00:17:44 IST" duration-ms="19647" status="PASS">
          <reporter-output>
          </reporter-output>
        </test-method> <!-- ChangePass -->
        <test-method is-config="true" signature="afterMethod(org.testng.ITestResult)[pri:0, instance:testCases.All_Performer_TestCases@4e50c791]" started-at="2026-04-08T00:17:44 IST" name="afterMethod" finished-at="2026-04-08T00:17:45 IST" duration-ms="1364" status="PASS">
          <params>
            <param index="0">
              <value>
                <![CDATA[[TestResult name=ChangePass status=SUCCESS method=All_Performer_TestCases.ChangePass()[pri:4, instance:testCases.All_Performer_TestCases@4e50c791] output={null}]]]>
              </value>
            </param>
          </params>
          <reporter-output>
          </reporter-output>
        </test-method> <!-- afterMethod -->
        <test-method is-config="true" signature="Login()[pri:0, instance:testCases.All_Performer_TestCases@4e50c791]" started-at="2026-04-08T00:17:45 IST" name="Login" finished-at="2026-04-08T00:17:54 IST" duration-ms="8287" status="PASS">
          <reporter-output>
          </reporter-output>
        </test-method> <!-- Login -->
        <test-method signature="EntitiesSearch()[pri:5, instance:testCases.All_Performer_TestCases@4e50c791]" started-at="2026-04-08T00:17:54 IST" name="EntitiesSearch" finished-at="2026-04-08T00:18:01 IST" duration-ms="7289" status="PASS">
          <reporter-output>
          </reporter-output>
        </test-method> <!-- EntitiesSearch -->
        <test-method is-config="true" signature="afterMethod(org.testng.ITestResult)[pri:0, instance:testCases.All_Performer_TestCases@4e50c791]" started-at="2026-04-08T00:18:01 IST" name="afterMethod" finished-at="2026-04-08T00:18:02 IST" duration-ms="1337" status="PASS">
          <params>
            <param index="0">
              <value>
                <![CDATA[[TestResult name=EntitiesSearch status=SUCCESS method=All_Performer_TestCases.EntitiesSearch()[pri:5, instance:testCases.All_Performer_TestCases@4e50c791] output={null}]]]>
              </value>
            </param>
          </params>
          <reporter-output>
          </reporter-output>
        </test-method> <!-- afterMethod -->
        <test-method is-config="true" signature="Login()[pri:0, instance:testCases.All_Performer_TestCases@4e50c791]" started-at="2026-04-08T00:18:02 IST" name="Login" finished-at="2026-04-08T00:18:09 IST" duration-ms="6332" status="PASS">
          <reporter-output>
          </reporter-output>
        </test-method> <!-- Login -->
        <test-method signature="Corporate_Verification()[pri:6, instance:testCases.All_Performer_TestCases@4e50c791]" started-at="2026-04-08T00:18:09 IST" name="Corporate_Verification" finished-at="2026-04-08T00:19:35 IST" duration-ms="86587" status="PASS">
          <reporter-output>
          </reporter-output>
        </test-method> <!-- Corporate_Verification -->
        <test-method is-config="true" signature="afterMethod(org.testng.ITestResult)[pri:0, instance:testCases.All_Performer_TestCases@4e50c791]" started-at="2026-04-08T00:19:35 IST" name="afterMethod" finished-at="2026-04-08T00:19:36 IST" duration-ms="1366" status="PASS">
          <params>
            <param index="0">
              <value>
                <![CDATA[[TestResult name=Corporate_Verification status=SUCCESS method=All_Performer_TestCases.Corporate_Verification()[pri:6, instance:testCases.All_Performer_TestCases@4e50c791] output={null}]]]>
              </value>
            </param>
          </params>
          <reporter-output>
          </reporter-output>
        </test-method> <!-- afterMethod -->
        <test-method is-config="true" signature="Login()[pri:0, instance:testCases.All_Performer_TestCases@4e50c791]" started-at="2026-04-08T00:19:36 IST" name="Login" finished-at="2026-04-08T00:19:44 IST" duration-ms="7217" status="PASS">
          <reporter-output>
          </reporter-output>
        </test-method> <!-- Login -->
        <test-method signature="CorporateEntity_Verification()[pri:7, instance:testCases.All_Performer_TestCases@4e50c791]" started-at="2026-04-08T00:19:44 IST" name="CorporateEntity_Verification" finished-at="2026-04-08T00:21:14 IST" duration-ms="89793" status="PASS">
          <reporter-output>
          </reporter-output>
        </test-method> <!-- CorporateEntity_Verification -->
        <test-method is-config="true" signature="afterMethod(org.testng.ITestResult)[pri:0, instance:testCases.All_Performer_TestCases@4e50c791]" started-at="2026-04-08T00:21:14 IST" name="afterMethod" finished-at="2026-04-08T00:21:15 IST" duration-ms="1324" status="PASS">
          <params>
            <param index="0">
              <value>
                <![CDATA[[TestResult name=CorporateEntity_Verification status=SUCCESS method=All_Performer_TestCases.CorporateEntity_Verification()[pri:7, instance:testCases.All_Performer_TestCases@4e50c791] output={null}]]]>
              </value>
            </param>
          </params>
          <reporter-output>
          </reporter-output>
        </test-method> <!-- afterMethod -->
        <test-method is-config="true" signature="Login()[pri:0, instance:testCases.All_Performer_TestCases@4e50c791]" started-at="2026-04-08T00:21:15 IST" name="Login" finished-at="2026-04-08T00:21:22 IST" duration-ms="7384" status="PASS">
          <reporter-output>
          </reporter-output>
        </test-method> <!-- Login -->
        <test-method signature="CorporateEntity_Edit()[pri:8, instance:testCases.All_Performer_TestCases@4e50c791]" started-at="2026-04-08T00:21:22 IST" name="CorporateEntity_Edit" finished-at="2026-04-08T00:22:59 IST" duration-ms="97039" status="FAIL">
          <exception class="org.openqa.selenium.NoSuchElementException">
            <message>
              <![CDATA[no such element: Unable to locate element: {"method":"xpath","selector":"//button[normalize-space()='next']"}
  (Session info: chrome=146.0.7680.178)
For documentation on this error, please visit: https://www.selenium.dev/documentation/webdriver/troubleshooting/errors#nosuchelementexception
Build info: version: '4.39.0', revision: '126f156aee'
System info: os.name: 'Windows 11', os.arch: 'amd64', os.version: '10.0', java.version: '23.0.1'
Driver info: org.openqa.selenium.chrome.ChromeDriver
Command: [da8bbe04d3b29d9c90fc584040538e3b, findElement {value=//button[normalize-space()='next'], using=xpath}]
Capabilities {acceptInsecureCerts: false, browserName: chrome, browserVersion: 146.0.7680.178, chrome: {chromedriverVersion: 146.0.7680.165 (4b989da09e1..., userDataDir: C:\Users\bilali\AppData\Loc...}, fedcm:accounts: true, goog:chromeOptions: {debuggerAddress: localhost:53705}, goog:processID: 18520, networkConnectionEnabled: false, pageLoadStrategy: normal, platformName: windows, proxy: Proxy(), se:cdp: ws://localhost:53705/devtoo..., se:cdpVersion: 146.0.7680.178, setWindowRect: true, strictFileInteractability: false, timeouts: {implicit: 0, pageLoad: 300000, script: 30000}, unhandledPromptBehavior: dismiss and notify, webauthn:extension:credBlob: true, webauthn:extension:largeBlob: true, webauthn:extension:minPinLength: true, webauthn:extension:prf: true, webauthn:virtualAuthenticators: true}
Session ID: da8bbe04d3b29d9c90fc584040538e3b]]>
            </message>
            <full-stacktrace>
              <![CDATA[org.openqa.selenium.NoSuchElementException: no such element: Unable to locate element: {"method":"xpath","selector":"//button[normalize-space()='next']"}
  (Session info: chrome=146.0.7680.178)
For documentation on this error, please visit: https://www.selenium.dev/documentation/webdriver/troubleshooting/errors#nosuchelementexception
Build info: version: '4.39.0', revision: '126f156aee'
System info: os.name: 'Windows 11', os.arch: 'amd64', os.version: '10.0', java.version: '23.0.1'
Driver info: org.openqa.selenium.chrome.ChromeDriver
Command: [da8bbe04d3b29d9c90fc584040538e3b, findElement {value=//button[normalize-space()='next'], using=xpath}]
Capabilities {acceptInsecureCerts: false, browserName: chrome, browserVersion: 146.0.7680.178, chrome: {chromedriverVersion: 146.0.7680.165 (4b989da09e1..., userDataDir: C:\Users\bilali\AppData\Loc...}, fedcm:accounts: true, goog:chromeOptions: {debuggerAddress: localhost:53705}, goog:processID: 18520, networkConnectionEnabled: false, pageLoadStrategy: normal, platformName: windows, proxy: Proxy(), se:cdp: ws://localhost:53705/devtoo..., se:cdpVersion: 146.0.7680.178, setWindowRect: true, strictFileInteractability: false, timeouts: {implicit: 0, pageLoad: 300000, script: 30000}, unhandledPromptBehavior: dismiss and notify, webauthn:extension:credBlob: true, webauthn:extension:largeBlob: true, webauthn:extension:minPinLength: true, webauthn:extension:prf: true, webauthn:virtualAuthenticators: true}
Session ID: da8bbe04d3b29d9c90fc584040538e3b
at java.base/jdk.internal.reflect.DirectConstructorHandleAccessor.newInstance(DirectConstructorHandleAccessor.java:62)
at java.base/java.lang.reflect.Constructor.newInstanceWithCaller(Constructor.java:501)
at java.base/java.lang.reflect.Constructor.newInstance(Constructor.java:485)
at org.openqa.selenium.remote.ErrorCodec.decode(ErrorCodec.java:167)
at org.openqa.selenium.remote.codec.w3c.W3CHttpResponseCodec.decode(W3CHttpResponseCodec.java:142)
at org.openqa.selenium.remote.codec.w3c.W3CHttpResponseCodec.decode(W3CHttpResponseCodec.java:49)
at org.openqa.selenium.remote.HttpCommandExecutor.execute(HttpCommandExecutor.java:215)
at org.openqa.selenium.remote.service.DriverCommandExecutor.invokeExecute(DriverCommandExecutor.java:216)
at org.openqa.selenium.remote.service.DriverCommandExecutor.execute(DriverCommandExecutor.java:174)
at org.openqa.selenium.remote.RemoteWebDriver.execute(RemoteWebDriver.java:561)
at org.openqa.selenium.remote.ElementLocation$ElementFinder$2.findElement(ElementLocation.java:166)
at org.openqa.selenium.remote.ElementLocation.findElement(ElementLocation.java:60)
at org.openqa.selenium.remote.RemoteWebDriver.findElement(RemoteWebDriver.java:384)
at org.openqa.selenium.remote.RemoteWebDriver.findElement(RemoteWebDriver.java:378)
at login.LoginLocators.next(LoginLocators.java:1722)
at performer.PerformerMethod.CorporateEntity_Edit(PerformerMethod.java:293)
at testCases.All_Performer_TestCases.CorporateEntity_Edit(All_Performer_TestCases.java:182)
at java.base/jdk.internal.reflect.DirectMethodHandleAccessor.invoke(DirectMethodHandleAccessor.java:103)
at java.base/java.lang.reflect.Method.invoke(Method.java:580)
at org.testng.internal.invokers.MethodInvocationHelper.invokeMethod(MethodInvocationHelper.java:139)
at org.testng.internal.invokers.TestInvoker.invokeMethod(TestInvoker.java:677)
at org.testng.internal.invokers.TestInvoker.invokeTestMethod(TestInvoker.java:221)
at org.testng.internal.invokers.MethodRunner.runInSequence(MethodRunner.java:50)
at org.testng.internal.invokers.TestInvoker$MethodInvocationAgent.invoke(TestInvoker.java:969)
at org.testng.internal.invokers.TestInvoker.invokeTestMethods(TestInvoker.java:194)
at org.testng.internal.invokers.TestMethodWorker.invokeTestMethods(TestMethodWorker.java:148)
at org.testng.internal.invokers.TestMethodWorker.run(TestMethodWorker.java:128)
at java.base/java.util.ArrayList.forEach(ArrayList.java:1597)
at org.testng.TestRunner.privateRun(TestRunner.java:829)
at org.testng.TestRunner.run(TestRunner.java:602)
at org.testng.SuiteRunner.runTest(SuiteRunner.java:437)
at org.testng.SuiteRunner.runSequentially(SuiteRunner.java:431)
at org.testng.SuiteRunner.privateRun(SuiteRunner.java:391)
at org.testng.SuiteRunner.run(SuiteRunner.java:330)
at org.testng.SuiteRunnerWorker.runSuite(SuiteRunnerWorker.java:52)
at org.testng.SuiteRunnerWorker.run(SuiteRunnerWorker.java:95)
at org.testng.TestNG.runSuitesSequentially(TestNG.java:1256)
at org.testng.TestNG.runSuitesLocally(TestNG.java:1176)
at org.testng.TestNG.runSuites(TestNG.java:1099)
at org.testng.TestNG.run(TestNG.java:1067)
at org.testng.remote.AbstractRemoteTestNG.run(AbstractRemoteTestNG.java:115)
at org.testng.remote.RemoteTestNG.initAndRun(RemoteTestNG.java:293)
at org.testng.remote.RemoteTestNG.main(RemoteTestNG.java:91)
]]>
            </full-stacktrace>
          </exception> <!-- org.openqa.selenium.NoSuchElementException -->
          <reporter-output>
          </reporter-output>
        </test-method> <!-- CorporateEntity_Edit -->
        <test-method is-config="true" signature="afterMethod(org.testng.ITestResult)[pri:0, instance:testCases.All_Performer_TestCases@4e50c791]" started-at="2026-04-08T00:22:59 IST" name="afterMethod" finished-at="2026-04-08T00:23:01 IST" duration-ms="1346" status="PASS">
          <params>
            <param index="0">
              <value>
                <![CDATA[[TestResult name=CorporateEntity_Edit status=FAILURE method=All_Performer_TestCases.CorporateEntity_Edit()[pri:8, instance:testCases.All_Performer_TestCases@4e50c791] output={null}]]]>
              </value>
            </param>
          </params>
          <reporter-output>
          </reporter-output>
        </test-method> <!-- afterMethod -->
        <test-method is-config="true" signature="Login()[pri:0, instance:testCases.All_Performer_TestCases@4e50c791]" started-at="2026-04-08T00:23:01 IST" name="Login" finished-at="2026-04-08T00:23:08 IST" duration-ms="7820" status="PASS">
          <reporter-output>
          </reporter-output>
        </test-method> <!-- Login -->
        <test-method signature="EntityExcelDownload()[pri:9, instance:testCases.All_Performer_TestCases@4e50c791]" started-at="2026-04-08T00:23:08 IST" name="EntityExcelDownload" finished-at="2026-04-08T00:24:14 IST" duration-ms="65277" status="PASS">
          <reporter-output>
          </reporter-output>
        </test-method> <!-- EntityExcelDownload -->
        <test-method is-config="true" signature="afterMethod(org.testng.ITestResult)[pri:0, instance:testCases.All_Performer_TestCases@4e50c791]" started-at="2026-04-08T00:24:14 IST" name="afterMethod" finished-at="2026-04-08T00:24:15 IST" duration-ms="1358" status="PASS">
          <params>
            <param index="0">
              <value>
                <![CDATA[[TestResult name=EntityExcelDownload status=SUCCESS method=All_Performer_TestCases.EntityExcelDownload()[pri:9, instance:testCases.All_Performer_TestCases@4e50c791] output={null}]]]>
              </value>
            </param>
          </params>
          <reporter-output>
          </reporter-output>
        </test-method> <!-- afterMethod -->
        <test-method is-config="true" signature="Login()[pri:0, instance:testCases.All_Performer_TestCases@4e50c791]" started-at="2026-04-08T00:24:15 IST" name="Login" finished-at="2026-04-08T00:24:23 IST" duration-ms="7668" status="PASS">
          <reporter-output>
          </reporter-output>
        </test-method> <!-- Login -->
        <test-method signature="anchorDashboardSummary()[pri:9, instance:testCases.All_Performer_TestCases@4e50c791]" started-at="2026-04-08T00:24:23 IST" name="anchorDashboardSummary" finished-at="2026-04-08T00:24:23 IST" duration-ms="46" status="FAIL">
          <exception class="org.openqa.selenium.NoSuchElementException">
            <message>
              <![CDATA[no such element: Unable to locate element: {"method":"css selector","selector":"button[title='AnchorDashboardSummary Export']"}
  (Session info: chrome=146.0.7680.178)
For documentation on this error, please visit: https://www.selenium.dev/documentation/webdriver/troubleshooting/errors#nosuchelementexception
Build info: version: '4.39.0', revision: '126f156aee'
System info: os.name: 'Windows 11', os.arch: 'amd64', os.version: '10.0', java.version: '23.0.1'
Driver info: org.openqa.selenium.chrome.ChromeDriver
Command: [7c8ad2f7479411c74581b5c9d37bed3c, findElement {value=button[title='AnchorDashboardSummary Export'], using=css selector}]
Capabilities {acceptInsecureCerts: false, browserName: chrome, browserVersion: 146.0.7680.178, chrome: {chromedriverVersion: 146.0.7680.165 (4b989da09e1..., userDataDir: C:\Users\bilali\AppData\Loc...}, fedcm:accounts: true, goog:chromeOptions: {debuggerAddress: localhost:52106}, goog:processID: 33752, networkConnectionEnabled: false, pageLoadStrategy: normal, platformName: windows, proxy: Proxy(), se:cdp: ws://localhost:52106/devtoo..., se:cdpVersion: 146.0.7680.178, setWindowRect: true, strictFileInteractability: false, timeouts: {implicit: 0, pageLoad: 300000, script: 30000}, unhandledPromptBehavior: dismiss and notify, webauthn:extension:credBlob: true, webauthn:extension:largeBlob: true, webauthn:extension:minPinLength: true, webauthn:extension:prf: true, webauthn:virtualAuthenticators: true}
Session ID: 7c8ad2f7479411c74581b5c9d37bed3c]]>
            </message>
            <full-stacktrace>
              <![CDATA[org.openqa.selenium.NoSuchElementException: no such element: Unable to locate element: {"method":"css selector","selector":"button[title='AnchorDashboardSummary Export']"}
  (Session info: chrome=146.0.7680.178)
For documentation on this error, please visit: https://www.selenium.dev/documentation/webdriver/troubleshooting/errors#nosuchelementexception
Build info: version: '4.39.0', revision: '126f156aee'
System info: os.name: 'Windows 11', os.arch: 'amd64', os.version: '10.0', java.version: '23.0.1'
Driver info: org.openqa.selenium.chrome.ChromeDriver
Command: [7c8ad2f7479411c74581b5c9d37bed3c, findElement {value=button[title='AnchorDashboardSummary Export'], using=css selector}]
Capabilities {acceptInsecureCerts: false, browserName: chrome, browserVersion: 146.0.7680.178, chrome: {chromedriverVersion: 146.0.7680.165 (4b989da09e1..., userDataDir: C:\Users\bilali\AppData\Loc...}, fedcm:accounts: true, goog:chromeOptions: {debuggerAddress: localhost:52106}, goog:processID: 33752, networkConnectionEnabled: false, pageLoadStrategy: normal, platformName: windows, proxy: Proxy(), se:cdp: ws://localhost:52106/devtoo..., se:cdpVersion: 146.0.7680.178, setWindowRect: true, strictFileInteractability: false, timeouts: {implicit: 0, pageLoad: 300000, script: 30000}, unhandledPromptBehavior: dismiss and notify, webauthn:extension:credBlob: true, webauthn:extension:largeBlob: true, webauthn:extension:minPinLength: true, webauthn:extension:prf: true, webauthn:virtualAuthenticators: true}
Session ID: 7c8ad2f7479411c74581b5c9d37bed3c
at java.base/jdk.internal.reflect.DirectConstructorHandleAccessor.newInstance(DirectConstructorHandleAccessor.java:62)
at java.base/java.lang.reflect.Constructor.newInstanceWithCaller(Constructor.java:501)
at java.base/java.lang.reflect.Constructor.newInstance(Constructor.java:485)
at org.openqa.selenium.remote.ErrorCodec.decode(ErrorCodec.java:167)
at org.openqa.selenium.remote.codec.w3c.W3CHttpResponseCodec.decode(W3CHttpResponseCodec.java:142)
at org.openqa.selenium.remote.codec.w3c.W3CHttpResponseCodec.decode(W3CHttpResponseCodec.java:49)
at org.openqa.selenium.remote.HttpCommandExecutor.execute(HttpCommandExecutor.java:215)
at org.openqa.selenium.remote.service.DriverCommandExecutor.invokeExecute(DriverCommandExecutor.java:216)
at org.openqa.selenium.remote.service.DriverCommandExecutor.execute(DriverCommandExecutor.java:174)
at org.openqa.selenium.remote.RemoteWebDriver.execute(RemoteWebDriver.java:561)
at org.openqa.selenium.remote.ElementLocation$ElementFinder$2.findElement(ElementLocation.java:166)
at org.openqa.selenium.remote.ElementLocation.findElement(ElementLocation.java:60)
at org.openqa.selenium.remote.RemoteWebDriver.findElement(RemoteWebDriver.java:384)
at org.openqa.selenium.remote.RemoteWebDriver.findElement(RemoteWebDriver.java:378)
at performer.PerformerLocator.anchorDashboardSummary(PerformerLocator.java:48)
at distributor.MethodsD.anchorDashboardSummary(MethodsD.java:1012)
at testCases.All_Performer_TestCases.anchorDashboardSummary(All_Performer_TestCases.java:206)
at java.base/jdk.internal.reflect.DirectMethodHandleAccessor.invoke(DirectMethodHandleAccessor.java:103)
at java.base/java.lang.reflect.Method.invoke(Method.java:580)
at org.testng.internal.invokers.MethodInvocationHelper.invokeMethod(MethodInvocationHelper.java:139)
at org.testng.internal.invokers.TestInvoker.invokeMethod(TestInvoker.java:677)
at org.testng.internal.invokers.TestInvoker.invokeTestMethod(TestInvoker.java:221)
at org.testng.internal.invokers.MethodRunner.runInSequence(MethodRunner.java:50)
at org.testng.internal.invokers.TestInvoker$MethodInvocationAgent.invoke(TestInvoker.java:969)
at org.testng.internal.invokers.TestInvoker.invokeTestMethods(TestInvoker.java:194)
at org.testng.internal.invokers.TestMethodWorker.invokeTestMethods(TestMethodWorker.java:148)
at org.testng.internal.invokers.TestMethodWorker.run(TestMethodWorker.java:128)
at java.base/java.util.ArrayList.forEach(ArrayList.java:1597)
at org.testng.TestRunner.privateRun(TestRunner.java:829)
at org.testng.TestRunner.run(TestRunner.java:602)
at org.testng.SuiteRunner.runTest(SuiteRunner.java:437)
at org.testng.SuiteRunner.runSequentially(SuiteRunner.java:431)
at org.testng.SuiteRunner.privateRun(SuiteRunner.java:391)
at org.testng.SuiteRunner.run(SuiteRunner.java:330)
at org.testng.SuiteRunnerWorker.runSuite(SuiteRunnerWorker.java:52)
at org.testng.SuiteRunnerWorker.run(SuiteRunnerWorker.java:95)
at org.testng.TestNG.runSuitesSequentially(TestNG.java:1256)
at org.testng.TestNG.runSuitesLocally(TestNG.java:1176)
at org.testng.TestNG.runSuites(TestNG.java:1099)
at org.testng.TestNG.run(TestNG.java:1067)
at org.testng.remote.AbstractRemoteTestNG.run(AbstractRemoteTestNG.java:115)
at org.testng.remote.RemoteTestNG.initAndRun(RemoteTestNG.java:293)
at org.testng.remote.RemoteTestNG.main(RemoteTestNG.java:91)
]]>
            </full-stacktrace>
          </exception> <!-- org.openqa.selenium.NoSuchElementException -->
          <reporter-output>
          </reporter-output>
        </test-method> <!-- anchorDashboardSummary -->
        <test-method is-config="true" signature="afterMethod(org.testng.ITestResult)[pri:0, instance:testCases.All_Performer_TestCases@4e50c791]" started-at="2026-04-08T00:24:23 IST" name="afterMethod" finished-at="2026-04-08T00:24:24 IST" duration-ms="1309" status="PASS">
          <params>
            <param index="0">
              <value>
                <![CDATA[[TestResult name=anchorDashboardSummary status=FAILURE method=All_Performer_TestCases.anchorDashboardSummary()[pri:9, instance:testCases.All_Performer_TestCases@4e50c791] output={null}]]]>
              </value>
            </param>
          </params>
          <reporter-output>
          </reporter-output>
        </test-method> <!-- afterMethod -->
        <test-method is-config="true" signature="Login()[pri:0, instance:testCases.All_Performer_TestCases@4e50c791]" started-at="2026-04-08T00:24:24 IST" name="Login" finished-at="2026-04-08T00:24:31 IST" duration-ms="6800" status="PASS">
          <reporter-output>
          </reporter-output>
        </test-method> <!-- Login -->
        <test-method signature="PortalLogin()[pri:10, instance:testCases.All_Performer_TestCases@4e50c791]" started-at="2026-04-08T00:24:31 IST" name="PortalLogin" finished-at="2026-04-08T00:25:00 IST" duration-ms="29003" status="PASS">
          <reporter-output>
          </reporter-output>
        </test-method> <!-- PortalLogin -->
        <test-method is-config="true" signature="afterMethod(org.testng.ITestResult)[pri:0, instance:testCases.All_Performer_TestCases@4e50c791]" started-at="2026-04-08T00:25:00 IST" name="afterMethod" finished-at="2026-04-08T00:25:01 IST" duration-ms="1321" status="PASS">
          <params>
            <param index="0">
              <value>
                <![CDATA[[TestResult name=PortalLogin status=SUCCESS method=All_Performer_TestCases.PortalLogin()[pri:10, instance:testCases.All_Performer_TestCases@4e50c791] output={null}]]]>
              </value>
            </param>
          </params>
          <reporter-output>
          </reporter-output>
        </test-method> <!-- afterMethod -->
        <test-method is-config="true" signature="Login()[pri:0, instance:testCases.All_Performer_TestCases@4e50c791]" started-at="2026-04-08T00:25:01 IST" name="Login" finished-at="2026-04-08T00:25:06 IST" duration-ms="4448" status="PASS">
          <reporter-output>
          </reporter-output>
        </test-method> <!-- Login -->
        <test-method signature="ComplianceBox()[pri:11, instance:testCases.All_Performer_TestCases@4e50c791]" started-at="2026-04-08T00:25:06 IST" name="ComplianceBox" finished-at="2026-04-08T00:27:23 IST" duration-ms="137185" status="PASS">
          <reporter-output>
          </reporter-output>
        </test-method> <!-- ComplianceBox -->
        <test-method is-config="true" signature="afterMethod(org.testng.ITestResult)[pri:0, instance:testCases.All_Performer_TestCases@4e50c791]" started-at="2026-04-08T00:27:23 IST" name="afterMethod" finished-at="2026-04-08T00:27:24 IST" duration-ms="1385" status="PASS">
          <params>
            <param index="0">
              <value>
                <![CDATA[[TestResult name=ComplianceBox status=SUCCESS method=All_Performer_TestCases.ComplianceBox()[pri:11, instance:testCases.All_Performer_TestCases@4e50c791] output={null}]]]>
              </value>
            </param>
          </params>
          <reporter-output>
          </reporter-output>
        </test-method> <!-- afterMethod -->
        <test-method is-config="true" signature="Login()[pri:0, instance:testCases.All_Performer_TestCases@4e50c791]" started-at="2026-04-08T00:27:24 IST" name="Login" finished-at="2026-04-08T00:27:31 IST" duration-ms="7100" status="PASS">
          <reporter-output>
          </reporter-output>
        </test-method> <!-- Login -->
        <test-method signature="ComplianceFilter1()[pri:12, instance:testCases.All_Performer_TestCases@4e50c791]" started-at="2026-04-08T00:27:31 IST" name="ComplianceFilter1" finished-at="2026-04-08T00:29:21 IST" duration-ms="109785" status="PASS">
          <reporter-output>
          </reporter-output>
        </test-method> <!-- ComplianceFilter1 -->
        <test-method is-config="true" signature="afterMethod(org.testng.ITestResult)[pri:0, instance:testCases.All_Performer_TestCases@4e50c791]" started-at="2026-04-08T00:29:21 IST" name="afterMethod" finished-at="2026-04-08T00:29:22 IST" duration-ms="1343" status="PASS">
          <params>
            <param index="0">
              <value>
                <![CDATA[[TestResult name=ComplianceFilter1 status=SUCCESS method=All_Performer_TestCases.ComplianceFilter1()[pri:12, instance:testCases.All_Performer_TestCases@4e50c791] output={null}]]]>
              </value>
            </param>
          </params>
          <reporter-output>
          </reporter-output>
        </test-method> <!-- afterMethod -->
        <test-method is-config="true" signature="Login()[pri:0, instance:testCases.All_Performer_TestCases@4e50c791]" started-at="2026-04-08T00:29:22 IST" name="Login" finished-at="2026-04-08T00:29:29 IST" duration-ms="6900" status="PASS">
          <reporter-output>
          </reporter-output>
        </test-method> <!-- Login -->
        <test-method signature="UpcomingBox()[pri:13, instance:testCases.All_Performer_TestCases@4e50c791]" started-at="2026-04-08T00:29:29 IST" name="UpcomingBox" finished-at="2026-04-08T00:33:24 IST" duration-ms="234881" status="FAIL">
          <exception class="org.openqa.selenium.NoSuchElementException">
            <message>
              <![CDATA[no such element: Unable to locate element: {"method":"css selector","selector":"body > app-root > div > app-layout > section > div > div > app-compliance-dashboard > app-dashboard-compliance-popup > kendo-dialog > div.k-window.k-dialog.ng-tns-c1063677181-1 > kendo-dialog-titlebar > div > button > kendo-icon-wrapper > kendo-svgicon"}
  (Session info: chrome=146.0.7680.178)
For documentation on this error, please visit: https://www.selenium.dev/documentation/webdriver/troubleshooting/errors#nosuchelementexception
Build info: version: '4.39.0', revision: '126f156aee'
System info: os.name: 'Windows 11', os.arch: 'amd64', os.version: '10.0', java.version: '23.0.1'
Driver info: org.openqa.selenium.chrome.ChromeDriver
Command: [ba74ea16a2d2764d7a9d004129857bd6, findElement {value=body > app-root > div > app-layout > section > div > div > app-compliance-dashboard > app-dashboard-compliance-popup > kendo-dialog > div.k-window.k-dialog.ng-tns-c1063677181-1 > kendo-dialog-titlebar > div > button > kendo-icon-wrapper > kendo-svgicon, using=css selector}]
Capabilities {acceptInsecureCerts: false, browserName: chrome, browserVersion: 146.0.7680.178, chrome: {chromedriverVersion: 146.0.7680.165 (4b989da09e1..., userDataDir: C:\Users\bilali\AppData\Loc...}, fedcm:accounts: true, goog:chromeOptions: {debuggerAddress: localhost:55334}, goog:processID: 36492, networkConnectionEnabled: false, pageLoadStrategy: normal, platformName: windows, proxy: Proxy(), se:cdp: ws://localhost:55334/devtoo..., se:cdpVersion: 146.0.7680.178, setWindowRect: true, strictFileInteractability: false, timeouts: {implicit: 0, pageLoad: 300000, script: 30000}, unhandledPromptBehavior: dismiss and notify, webauthn:extension:credBlob: true, webauthn:extension:largeBlob: true, webauthn:extension:minPinLength: true, webauthn:extension:prf: true, webauthn:virtualAuthenticators: true}
Session ID: ba74ea16a2d2764d7a9d004129857bd6]]>
            </message>
            <full-stacktrace>
              <![CDATA[org.openqa.selenium.NoSuchElementException: no such element: Unable to locate element: {"method":"css selector","selector":"body > app-root > div > app-layout > section > div > div > app-compliance-dashboard > app-dashboard-compliance-popup > kendo-dialog > div.k-window.k-dialog.ng-tns-c1063677181-1 > kendo-dialog-titlebar > div > button > kendo-icon-wrapper > kendo-svgicon"}
  (Session info: chrome=146.0.7680.178)
For documentation on this error, please visit: https://www.selenium.dev/documentation/webdriver/troubleshooting/errors#nosuchelementexception
Build info: version: '4.39.0', revision: '126f156aee'
System info: os.name: 'Windows 11', os.arch: 'amd64', os.version: '10.0', java.version: '23.0.1'
Driver info: org.openqa.selenium.chrome.ChromeDriver
Command: [ba74ea16a2d2764d7a9d004129857bd6, findElement {value=body > app-root > div > app-layout > section > div > div > app-compliance-dashboard > app-dashboard-compliance-popup > kendo-dialog > div.k-window.k-dialog.ng-tns-c1063677181-1 > kendo-dialog-titlebar > div > button > kendo-icon-wrapper > kendo-svgicon, using=css selector}]
Capabilities {acceptInsecureCerts: false, browserName: chrome, browserVersion: 146.0.7680.178, chrome: {chromedriverVersion: 146.0.7680.165 (4b989da09e1..., userDataDir: C:\Users\bilali\AppData\Loc...}, fedcm:accounts: true, goog:chromeOptions: {debuggerAddress: localhost:55334}, goog:processID: 36492, networkConnectionEnabled: false, pageLoadStrategy: normal, platformName: windows, proxy: Proxy(), se:cdp: ws://localhost:55334/devtoo..., se:cdpVersion: 146.0.7680.178, setWindowRect: true, strictFileInteractability: false, timeouts: {implicit: 0, pageLoad: 300000, script: 30000}, unhandledPromptBehavior: dismiss and notify, webauthn:extension:credBlob: true, webauthn:extension:largeBlob: true, webauthn:extension:minPinLength: true, webauthn:extension:prf: true, webauthn:virtualAuthenticators: true}
Session ID: ba74ea16a2d2764d7a9d004129857bd6
at java.base/jdk.internal.reflect.DirectConstructorHandleAccessor.newInstance(DirectConstructorHandleAccessor.java:62)
at java.base/java.lang.reflect.Constructor.newInstanceWithCaller(Constructor.java:501)
at java.base/java.lang.reflect.Constructor.newInstance(Constructor.java:485)
at org.openqa.selenium.remote.ErrorCodec.decode(ErrorCodec.java:167)
at org.openqa.selenium.remote.codec.w3c.W3CHttpResponseCodec.decode(W3CHttpResponseCodec.java:142)
at org.openqa.selenium.remote.codec.w3c.W3CHttpResponseCodec.decode(W3CHttpResponseCodec.java:49)
at org.openqa.selenium.remote.HttpCommandExecutor.execute(HttpCommandExecutor.java:215)
at org.openqa.selenium.remote.service.DriverCommandExecutor.invokeExecute(DriverCommandExecutor.java:216)
at org.openqa.selenium.remote.service.DriverCommandExecutor.execute(DriverCommandExecutor.java:174)
at org.openqa.selenium.remote.RemoteWebDriver.execute(RemoteWebDriver.java:561)
at org.openqa.selenium.remote.ElementLocation$ElementFinder$2.findElement(ElementLocation.java:166)
at org.openqa.selenium.remote.ElementLocation.findElement(ElementLocation.java:60)
at org.openqa.selenium.remote.RemoteWebDriver.findElement(RemoteWebDriver.java:384)
at org.openqa.selenium.remote.RemoteWebDriver.findElement(RemoteWebDriver.java:378)
at login.LoginLocators.ClosePopUp(LoginLocators.java:425)
at distributor.MethodsD.UpcomingBox(MethodsD.java:1984)
at testCases.All_Performer_TestCases.UpcomingBox(All_Performer_TestCases.java:254)
at java.base/jdk.internal.reflect.DirectMethodHandleAccessor.invoke(DirectMethodHandleAccessor.java:103)
at java.base/java.lang.reflect.Method.invoke(Method.java:580)
at org.testng.internal.invokers.MethodInvocationHelper.invokeMethod(MethodInvocationHelper.java:139)
at org.testng.internal.invokers.TestInvoker.invokeMethod(TestInvoker.java:677)
at org.testng.internal.invokers.TestInvoker.invokeTestMethod(TestInvoker.java:221)
at org.testng.internal.invokers.MethodRunner.runInSequence(MethodRunner.java:50)
at org.testng.internal.invokers.TestInvoker$MethodInvocationAgent.invoke(TestInvoker.java:969)
at org.testng.internal.invokers.TestInvoker.invokeTestMethods(TestInvoker.java:194)
at org.testng.internal.invokers.TestMethodWorker.invokeTestMethods(TestMethodWorker.java:148)
at org.testng.internal.invokers.TestMethodWorker.run(TestMethodWorker.java:128)
at java.base/java.util.ArrayList.forEach(ArrayList.java:1597)
at org.testng.TestRunner.privateRun(TestRunner.java:829)
at org.testng.TestRunner.run(TestRunner.java:602)
at org.testng.SuiteRunner.runTest(SuiteRunner.java:437)
at org.testng.SuiteRunner.runSequentially(SuiteRunner.java:431)
at org.testng.SuiteRunner.privateRun(SuiteRunner.java:391)
at org.testng.SuiteRunner.run(SuiteRunner.java:330)
at org.testng.SuiteRunnerWorker.runSuite(SuiteRunnerWorker.java:52)
at org.testng.SuiteRunnerWorker.run(SuiteRunnerWorker.java:95)
at org.testng.TestNG.runSuitesSequentially(TestNG.java:1256)
at org.testng.TestNG.runSuitesLocally(TestNG.java:1176)
at org.testng.TestNG.runSuites(TestNG.java:1099)
at org.testng.TestNG.run(TestNG.java:1067)
at org.testng.remote.AbstractRemoteTestNG.run(AbstractRemoteTestNG.java:115)
at org.testng.remote.RemoteTestNG.initAndRun(RemoteTestNG.java:293)
at org.testng.remote.RemoteTestNG.main(RemoteTestNG.java:91)
]]>
            </full-stacktrace>
          </exception> <!-- org.openqa.selenium.NoSuchElementException -->
          <reporter-output>
          </reporter-output>
        </test-method> <!-- UpcomingBox -->
        <test-method is-config="true" signature="afterMethod(org.testng.ITestResult)[pri:0, instance:testCases.All_Performer_TestCases@4e50c791]" started-at="2026-04-08T00:33:24 IST" name="afterMethod" finished-at="2026-04-08T00:33:26 IST" duration-ms="1456" status="PASS">
          <params>
            <param index="0">
              <value>
                <![CDATA[[TestResult name=UpcomingBox status=FAILURE method=All_Performer_TestCases.UpcomingBox()[pri:13, instance:testCases.All_Performer_TestCases@4e50c791] output={null}]]]>
              </value>
            </param>
          </params>
          <reporter-output>
          </reporter-output>
        </test-method> <!-- afterMethod -->
        <test-method is-config="true" signature="Login()[pri:0, instance:testCases.All_Performer_TestCases@4e50c791]" started-at="2026-04-08T00:33:26 IST" name="Login" finished-at="2026-04-08T00:33:33 IST" duration-ms="7570" status="PASS">
          <reporter-output>
          </reporter-output>
        </test-method> <!-- Login -->
        <test-method signature="UpcomingFilter()[pri:14, instance:testCases.All_Performer_TestCases@4e50c791]" started-at="2026-04-08T00:33:33 IST" name="UpcomingFilter" finished-at="2026-04-08T00:36:11 IST" duration-ms="157783" status="PASS">
          <reporter-output>
          </reporter-output>
        </test-method> <!-- UpcomingFilter -->
        <test-method is-config="true" signature="afterMethod(org.testng.ITestResult)[pri:0, instance:testCases.All_Performer_TestCases@4e50c791]" started-at="2026-04-08T00:36:11 IST" name="afterMethod" finished-at="2026-04-08T00:36:12 IST" duration-ms="1395" status="PASS">
          <params>
            <param index="0">
              <value>
                <![CDATA[[TestResult name=UpcomingFilter status=SUCCESS method=All_Performer_TestCases.UpcomingFilter()[pri:14, instance:testCases.All_Performer_TestCases@4e50c791] output={null}]]]>
              </value>
            </param>
          </params>
          <reporter-output>
          </reporter-output>
        </test-method> <!-- afterMethod -->
        <test-method is-config="true" signature="Login()[pri:0, instance:testCases.All_Performer_TestCases@4e50c791]" started-at="2026-04-08T00:36:12 IST" name="Login" finished-at="2026-04-08T00:36:20 IST" duration-ms="7122" status="PASS">
          <reporter-output>
          </reporter-output>
        </test-method> <!-- Login -->
        <test-method signature="compliancesCount()[pri:14, instance:testCases.All_Performer_TestCases@4e50c791]" started-at="2026-04-08T00:36:20 IST" name="compliancesCount" finished-at="2026-04-08T00:37:53 IST" duration-ms="93127" status="PASS">
          <reporter-output>
          </reporter-output>
        </test-method> <!-- compliancesCount -->
        <test-method is-config="true" signature="afterMethod(org.testng.ITestResult)[pri:0, instance:testCases.All_Performer_TestCases@4e50c791]" started-at="2026-04-08T00:37:53 IST" name="afterMethod" finished-at="2026-04-08T00:37:54 IST" duration-ms="1364" status="PASS">
          <params>
            <param index="0">
              <value>
                <![CDATA[[TestResult name=compliancesCount status=SUCCESS method=All_Performer_TestCases.compliancesCount()[pri:14, instance:testCases.All_Performer_TestCases@4e50c791] output={null}]]]>
              </value>
            </param>
          </params>
          <reporter-output>
          </reporter-output>
        </test-method> <!-- afterMethod -->
        <test-method is-config="true" signature="Login()[pri:0, instance:testCases.All_Performer_TestCases@4e50c791]" started-at="2026-04-08T00:37:54 IST" name="Login" finished-at="2026-04-08T00:38:01 IST" duration-ms="7103" status="PASS">
          <reporter-output>
          </reporter-output>
        </test-method> <!-- Login -->
        <test-method signature="OverdueBox()[pri:15, instance:testCases.All_Performer_TestCases@4e50c791]" started-at="2026-04-08T00:38:01 IST" name="OverdueBox" finished-at="2026-04-08T00:41:57 IST" duration-ms="235876" status="FAIL">
          <exception class="org.openqa.selenium.NoSuchElementException">
            <message>
              <![CDATA[no such element: Unable to locate element: {"method":"css selector","selector":"body > app-root > div > app-layout > section > div > div > app-compliance-dashboard > app-dashboard-compliance-popup > kendo-dialog > div.k-window.k-dialog.ng-tns-c1063677181-1 > kendo-dialog-titlebar > div > button > kendo-icon-wrapper > kendo-svgicon"}
  (Session info: chrome=146.0.7680.178)
For documentation on this error, please visit: https://www.selenium.dev/documentation/webdriver/troubleshooting/errors#nosuchelementexception
Build info: version: '4.39.0', revision: '126f156aee'
System info: os.name: 'Windows 11', os.arch: 'amd64', os.version: '10.0', java.version: '23.0.1'
Driver info: org.openqa.selenium.chrome.ChromeDriver
Command: [d61a1319f1777f5f3922d399e568e750, findElement {value=body > app-root > div > app-layout > section > div > div > app-compliance-dashboard > app-dashboard-compliance-popup > kendo-dialog > div.k-window.k-dialog.ng-tns-c1063677181-1 > kendo-dialog-titlebar > div > button > kendo-icon-wrapper > kendo-svgicon, using=css selector}]
Capabilities {acceptInsecureCerts: false, browserName: chrome, browserVersion: 146.0.7680.178, chrome: {chromedriverVersion: 146.0.7680.165 (4b989da09e1..., userDataDir: C:\Users\bilali\AppData\Loc...}, fedcm:accounts: true, goog:chromeOptions: {debuggerAddress: localhost:56580}, goog:processID: 23764, networkConnectionEnabled: false, pageLoadStrategy: normal, platformName: windows, proxy: Proxy(), se:cdp: ws://localhost:56580/devtoo..., se:cdpVersion: 146.0.7680.178, setWindowRect: true, strictFileInteractability: false, timeouts: {implicit: 0, pageLoad: 300000, script: 30000}, unhandledPromptBehavior: dismiss and notify, webauthn:extension:credBlob: true, webauthn:extension:largeBlob: true, webauthn:extension:minPinLength: true, webauthn:extension:prf: true, webauthn:virtualAuthenticators: true}
Session ID: d61a1319f1777f5f3922d399e568e750]]>
            </message>
            <full-stacktrace>
              <![CDATA[org.openqa.selenium.NoSuchElementException: no such element: Unable to locate element: {"method":"css selector","selector":"body > app-root > div > app-layout > section > div > div > app-compliance-dashboard > app-dashboard-compliance-popup > kendo-dialog > div.k-window.k-dialog.ng-tns-c1063677181-1 > kendo-dialog-titlebar > div > button > kendo-icon-wrapper > kendo-svgicon"}
  (Session info: chrome=146.0.7680.178)
For documentation on this error, please visit: https://www.selenium.dev/documentation/webdriver/troubleshooting/errors#nosuchelementexception
Build info: version: '4.39.0', revision: '126f156aee'
System info: os.name: 'Windows 11', os.arch: 'amd64', os.version: '10.0', java.version: '23.0.1'
Driver info: org.openqa.selenium.chrome.ChromeDriver
Command: [d61a1319f1777f5f3922d399e568e750, findElement {value=body > app-root > div > app-layout > section > div > div > app-compliance-dashboard > app-dashboard-compliance-popup > kendo-dialog > div.k-window.k-dialog.ng-tns-c1063677181-1 > kendo-dialog-titlebar > div > button > kendo-icon-wrapper > kendo-svgicon, using=css selector}]
Capabilities {acceptInsecureCerts: false, browserName: chrome, browserVersion: 146.0.7680.178, chrome: {chromedriverVersion: 146.0.7680.165 (4b989da09e1..., userDataDir: C:\Users\bilali\AppData\Loc...}, fedcm:accounts: true, goog:chromeOptions: {debuggerAddress: localhost:56580}, goog:processID: 23764, networkConnectionEnabled: false, pageLoadStrategy: normal, platformName: windows, proxy: Proxy(), se:cdp: ws://localhost:56580/devtoo..., se:cdpVersion: 146.0.7680.178, setWindowRect: true, strictFileInteractability: false, timeouts: {implicit: 0, pageLoad: 300000, script: 30000}, unhandledPromptBehavior: dismiss and notify, webauthn:extension:credBlob: true, webauthn:extension:largeBlob: true, webauthn:extension:minPinLength: true, webauthn:extension:prf: true, webauthn:virtualAuthenticators: true}
Session ID: d61a1319f1777f5f3922d399e568e750
at java.base/jdk.internal.reflect.DirectConstructorHandleAccessor.newInstance(DirectConstructorHandleAccessor.java:62)
at java.base/java.lang.reflect.Constructor.newInstanceWithCaller(Constructor.java:501)
at java.base/java.lang.reflect.Constructor.newInstance(Constructor.java:485)
at org.openqa.selenium.remote.ErrorCodec.decode(ErrorCodec.java:167)
at org.openqa.selenium.remote.codec.w3c.W3CHttpResponseCodec.decode(W3CHttpResponseCodec.java:142)
at org.openqa.selenium.remote.codec.w3c.W3CHttpResponseCodec.decode(W3CHttpResponseCodec.java:49)
at org.openqa.selenium.remote.HttpCommandExecutor.execute(HttpCommandExecutor.java:215)
at org.openqa.selenium.remote.service.DriverCommandExecutor.invokeExecute(DriverCommandExecutor.java:216)
at org.openqa.selenium.remote.service.DriverCommandExecutor.execute(DriverCommandExecutor.java:174)
at org.openqa.selenium.remote.RemoteWebDriver.execute(RemoteWebDriver.java:561)
at org.openqa.selenium.remote.ElementLocation$ElementFinder$2.findElement(ElementLocation.java:166)
at org.openqa.selenium.remote.ElementLocation.findElement(ElementLocation.java:60)
at org.openqa.selenium.remote.RemoteWebDriver.findElement(RemoteWebDriver.java:384)
at org.openqa.selenium.remote.RemoteWebDriver.findElement(RemoteWebDriver.java:378)
at login.LoginLocators.ClosePopUp(LoginLocators.java:425)
at distributor.MethodsD.OverdueBox(MethodsD.java:2133)
at testCases.All_Performer_TestCases.OverdueBox(All_Performer_TestCases.java:287)
at java.base/jdk.internal.reflect.DirectMethodHandleAccessor.invoke(DirectMethodHandleAccessor.java:103)
at java.base/java.lang.reflect.Method.invoke(Method.java:580)
at org.testng.internal.invokers.MethodInvocationHelper.invokeMethod(MethodInvocationHelper.java:139)
at org.testng.internal.invokers.TestInvoker.invokeMethod(TestInvoker.java:677)
at org.testng.internal.invokers.TestInvoker.invokeTestMethod(TestInvoker.java:221)
at org.testng.internal.invokers.MethodRunner.runInSequence(MethodRunner.java:50)
at org.testng.internal.invokers.TestInvoker$MethodInvocationAgent.invoke(TestInvoker.java:969)
at org.testng.internal.invokers.TestInvoker.invokeTestMethods(TestInvoker.java:194)
at org.testng.internal.invokers.TestMethodWorker.invokeTestMethods(TestMethodWorker.java:148)
at org.testng.internal.invokers.TestMethodWorker.run(TestMethodWorker.java:128)
at java.base/java.util.ArrayList.forEach(ArrayList.java:1597)
at org.testng.TestRunner.privateRun(TestRunner.java:829)
at org.testng.TestRunner.run(TestRunner.java:602)
at org.testng.SuiteRunner.runTest(SuiteRunner.java:437)
at org.testng.SuiteRunner.runSequentially(SuiteRunner.java:431)
at org.testng.SuiteRunner.privateRun(SuiteRunner.java:391)
at org.testng.SuiteRunner.run(SuiteRunner.java:330)
at org.testng.SuiteRunnerWorker.runSuite(SuiteRunnerWorker.java:52)
at org.testng.SuiteRunnerWorker.run(SuiteRunnerWorker.java:95)
at org.testng.TestNG.runSuitesSequentially(TestNG.java:1256)
at org.testng.TestNG.runSuitesLocally(TestNG.java:1176)
at org.testng.TestNG.runSuites(TestNG.java:1099)
at org.testng.TestNG.run(TestNG.java:1067)
at org.testng.remote.AbstractRemoteTestNG.run(AbstractRemoteTestNG.java:115)
at org.testng.remote.RemoteTestNG.initAndRun(RemoteTestNG.java:293)
at org.testng.remote.RemoteTestNG.main(RemoteTestNG.java:91)
]]>
            </full-stacktrace>
          </exception> <!-- org.openqa.selenium.NoSuchElementException -->
          <reporter-output>
          </reporter-output>
        </test-method> <!-- OverdueBox -->
        <test-method is-config="true" signature="afterMethod(org.testng.ITestResult)[pri:0, instance:testCases.All_Performer_TestCases@4e50c791]" started-at="2026-04-08T00:41:57 IST" name="afterMethod" finished-at="2026-04-08T00:41:58 IST" duration-ms="1359" status="PASS">
          <params>
            <param index="0">
              <value>
                <![CDATA[[TestResult name=OverdueBox status=FAILURE method=All_Performer_TestCases.OverdueBox()[pri:15, instance:testCases.All_Performer_TestCases@4e50c791] output={null}]]]>
              </value>
            </param>
          </params>
          <reporter-output>
          </reporter-output>
        </test-method> <!-- afterMethod -->
        <test-method is-config="true" signature="Login()[pri:0, instance:testCases.All_Performer_TestCases@4e50c791]" started-at="2026-04-08T00:41:58 IST" name="Login" finished-at="2026-04-08T00:42:06 IST" duration-ms="8014" status="PASS">
          <reporter-output>
          </reporter-output>
        </test-method> <!-- Login -->
        <test-method signature="OverdueFilter()[pri:16, instance:testCases.All_Performer_TestCases@4e50c791]" started-at="2026-04-08T00:42:06 IST" name="OverdueFilter" finished-at="2026-04-08T00:44:36 IST" duration-ms="149567" status="PASS">
          <reporter-output>
          </reporter-output>
        </test-method> <!-- OverdueFilter -->
        <test-method is-config="true" signature="afterMethod(org.testng.ITestResult)[pri:0, instance:testCases.All_Performer_TestCases@4e50c791]" started-at="2026-04-08T00:44:36 IST" name="afterMethod" finished-at="2026-04-08T00:44:37 IST" duration-ms="1330" status="PASS">
          <params>
            <param index="0">
              <value>
                <![CDATA[[TestResult name=OverdueFilter status=SUCCESS method=All_Performer_TestCases.OverdueFilter()[pri:16, instance:testCases.All_Performer_TestCases@4e50c791] output={null}]]]>
              </value>
            </param>
          </params>
          <reporter-output>
          </reporter-output>
        </test-method> <!-- afterMethod -->
        <test-method is-config="true" signature="Login()[pri:0, instance:testCases.All_Performer_TestCases@4e50c791]" started-at="2026-04-08T00:44:37 IST" name="Login" finished-at="2026-04-08T00:44:45 IST" duration-ms="7396" status="PASS">
          <reporter-output>
          </reporter-output>
        </test-method> <!-- Login -->
        <test-method signature="overdueRedirectionWorkspace()[pri:17, instance:testCases.All_Performer_TestCases@4e50c791]" started-at="2026-04-08T00:44:45 IST" name="overdueRedirectionWorkspace" finished-at="2026-04-08T00:46:02 IST" duration-ms="77711" status="PASS">
          <reporter-output>
          </reporter-output>
        </test-method> <!-- overdueRedirectionWorkspace -->
        <test-method is-config="true" signature="afterMethod(org.testng.ITestResult)[pri:0, instance:testCases.All_Performer_TestCases@4e50c791]" started-at="2026-04-08T00:46:02 IST" name="afterMethod" finished-at="2026-04-08T00:46:04 IST" duration-ms="1374" status="PASS">
          <params>
            <param index="0">
              <value>
                <![CDATA[[TestResult name=overdueRedirectionWorkspace status=SUCCESS method=All_Performer_TestCases.overdueRedirectionWorkspace()[pri:17, instance:testCases.All_Performer_TestCases@4e50c791] output={null}]]]>
              </value>
            </param>
          </params>
          <reporter-output>
          </reporter-output>
        </test-method> <!-- afterMethod -->
        <test-method is-config="true" signature="Login()[pri:0, instance:testCases.All_Performer_TestCases@4e50c791]" started-at="2026-04-08T00:46:04 IST" name="Login" finished-at="2026-04-08T00:46:11 IST" duration-ms="7028" status="PASS">
          <reporter-output>
          </reporter-output>
        </test-method> <!-- Login -->
        <test-method signature="PendingActionBox()[pri:18, instance:testCases.All_Performer_TestCases@4e50c791]" started-at="2026-04-08T00:46:11 IST" name="PendingActionBox" finished-at="2026-04-08T00:48:51 IST" duration-ms="160003" status="FAIL">
          <exception class="org.openqa.selenium.ElementClickInterceptedException">
            <message>
              <![CDATA[element click intercepted: Element <span class="k-input-value-text">...</span> is not clickable at point (749, 73). Other element would receive the click: <div class="k-overlay ng-tns-c3353508803-3 ng-trigger ng-trigger-overlayAppear"></div>
  (Session info: chrome=146.0.7680.178)
Build info: version: '4.39.0', revision: '126f156aee'
System info: os.name: 'Windows 11', os.arch: 'amd64', os.version: '10.0', java.version: '23.0.1'
Driver info: org.openqa.selenium.chrome.ChromeDriver
Command: [c36c3b42f16174d2b7981cdf92da5ed4, clickElement {id=f.067932324871F9FD960A8CE4AEA8F9F7.d.6FB3AE82C86B9315AC3F3ACFFF56B640.e.352}]
Capabilities {acceptInsecureCerts: false, browserName: chrome, browserVersion: 146.0.7680.178, chrome: {chromedriverVersion: 146.0.7680.165 (4b989da09e1..., userDataDir: C:\Users\bilali\AppData\Loc...}, fedcm:accounts: true, goog:chromeOptions: {debuggerAddress: localhost:59543}, goog:processID: 35096, networkConnectionEnabled: false, pageLoadStrategy: normal, platformName: windows, proxy: Proxy(), se:cdp: ws://localhost:59543/devtoo..., se:cdpVersion: 146.0.7680.178, setWindowRect: true, strictFileInteractability: false, timeouts: {implicit: 0, pageLoad: 300000, script: 30000}, unhandledPromptBehavior: dismiss and notify, webauthn:extension:credBlob: true, webauthn:extension:largeBlob: true, webauthn:extension:minPinLength: true, webauthn:extension:prf: true, webauthn:virtualAuthenticators: true}
Element: [[ChromeDriver: chrome on windows (c36c3b42f16174d2b7981cdf92da5ed4)] -> xpath: (//span[@class='k-input-value-text'])[5]]
Session ID: c36c3b42f16174d2b7981cdf92da5ed4]]>
            </message>
            <full-stacktrace>
              <![CDATA[org.openqa.selenium.ElementClickInterceptedException: element click intercepted: Element <span class="k-input-value-text">...</span> is not clickable at point (749, 73). Other element would receive the click: <div class="k-overlay ng-tns-c3353508803-3 ng-trigger ng-trigger-overlayAppear"></div>
  (Session info: chrome=146.0.7680.178)
Build info: version: '4.39.0', revision: '126f156aee'
System info: os.name: 'Windows 11', os.arch: 'amd64', os.version: '10.0', java.version: '23.0.1'
Driver info: org.openqa.selenium.chrome.ChromeDriver
Command: [c36c3b42f16174d2b7981cdf92da5ed4, clickElement {id=f.067932324871F9FD960A8CE4AEA8F9F7.d.6FB3AE82C86B9315AC3F3ACFFF56B640.e.352}]
Capabilities {acceptInsecureCerts: false, browserName: chrome, browserVersion: 146.0.7680.178, chrome: {chromedriverVersion: 146.0.7680.165 (4b989da09e1..., userDataDir: C:\Users\bilali\AppData\Loc...}, fedcm:accounts: true, goog:chromeOptions: {debuggerAddress: localhost:59543}, goog:processID: 35096, networkConnectionEnabled: false, pageLoadStrategy: normal, platformName: windows, proxy: Proxy(), se:cdp: ws://localhost:59543/devtoo..., se:cdpVersion: 146.0.7680.178, setWindowRect: true, strictFileInteractability: false, timeouts: {implicit: 0, pageLoad: 300000, script: 30000}, unhandledPromptBehavior: dismiss and notify, webauthn:extension:credBlob: true, webauthn:extension:largeBlob: true, webauthn:extension:minPinLength: true, webauthn:extension:prf: true, webauthn:virtualAuthenticators: true}
Element: [[ChromeDriver: chrome on windows (c36c3b42f16174d2b7981cdf92da5ed4)] -> xpath: (//span[@class='k-input-value-text'])[5]]
Session ID: c36c3b42f16174d2b7981cdf92da5ed4
at java.base/jdk.internal.reflect.DirectConstructorHandleAccessor.newInstance(DirectConstructorHandleAccessor.java:62)
at java.base/java.lang.reflect.Constructor.newInstanceWithCaller(Constructor.java:501)
at java.base/java.lang.reflect.Constructor.newInstance(Constructor.java:485)
at org.openqa.selenium.remote.ErrorCodec.decode(ErrorCodec.java:167)
at org.openqa.selenium.remote.codec.w3c.W3CHttpResponseCodec.decode(W3CHttpResponseCodec.java:142)
at org.openqa.selenium.remote.codec.w3c.W3CHttpResponseCodec.decode(W3CHttpResponseCodec.java:49)
at org.openqa.selenium.remote.HttpCommandExecutor.execute(HttpCommandExecutor.java:215)
at org.openqa.selenium.remote.service.DriverCommandExecutor.invokeExecute(DriverCommandExecutor.java:216)
at org.openqa.selenium.remote.service.DriverCommandExecutor.execute(DriverCommandExecutor.java:174)
at org.openqa.selenium.remote.RemoteWebDriver.execute(RemoteWebDriver.java:561)
at org.openqa.selenium.remote.RemoteWebElement.execute(RemoteWebElement.java:223)
at org.openqa.selenium.remote.RemoteWebElement.click(RemoteWebElement.java:76)
at distributor.MethodsD.PendingActionBox(MethodsD.java:2256)
at testCases.All_Performer_TestCases.PendingActionBox(All_Performer_TestCases.java:332)
at java.base/jdk.internal.reflect.DirectMethodHandleAccessor.invoke(DirectMethodHandleAccessor.java:103)
at java.base/java.lang.reflect.Method.invoke(Method.java:580)
at org.testng.internal.invokers.MethodInvocationHelper.invokeMethod(MethodInvocationHelper.java:139)
at org.testng.internal.invokers.TestInvoker.invokeMethod(TestInvoker.java:677)
at org.testng.internal.invokers.TestInvoker.invokeTestMethod(TestInvoker.java:221)
at org.testng.internal.invokers.MethodRunner.runInSequence(MethodRunner.java:50)
at org.testng.internal.invokers.TestInvoker$MethodInvocationAgent.invoke(TestInvoker.java:969)
at org.testng.internal.invokers.TestInvoker.invokeTestMethods(TestInvoker.java:194)
at org.testng.internal.invokers.TestMethodWorker.invokeTestMethods(TestMethodWorker.java:148)
at org.testng.internal.invokers.TestMethodWorker.run(TestMethodWorker.java:128)
at java.base/java.util.ArrayList.forEach(ArrayList.java:1597)
at org.testng.TestRunner.privateRun(TestRunner.java:829)
at org.testng.TestRunner.run(TestRunner.java:602)
at org.testng.SuiteRunner.runTest(SuiteRunner.java:437)
at org.testng.SuiteRunner.runSequentially(SuiteRunner.java:431)
at org.testng.SuiteRunner.privateRun(SuiteRunner.java:391)
at org.testng.SuiteRunner.run(SuiteRunner.java:330)
at org.testng.SuiteRunnerWorker.runSuite(SuiteRunnerWorker.java:52)
at org.testng.SuiteRunnerWorker.run(SuiteRunnerWorker.java:95)
at org.testng.TestNG.runSuitesSequentially(TestNG.java:1256)
at org.testng.TestNG.runSuitesLocally(TestNG.java:1176)
at org.testng.TestNG.runSuites(TestNG.java:1099)
at org.testng.TestNG.run(TestNG.java:1067)
at org.testng.remote.AbstractRemoteTestNG.run(AbstractRemoteTestNG.java:115)
at org.testng.remote.RemoteTestNG.initAndRun(RemoteTestNG.java:293)
at org.testng.remote.RemoteTestNG.main(RemoteTestNG.java:91)
]]>
            </full-stacktrace>
          </exception> <!-- org.openqa.selenium.ElementClickInterceptedException -->
          <reporter-output>
          </reporter-output>
        </test-method> <!-- PendingActionBox -->
        <test-method is-config="true" signature="afterMethod(org.testng.ITestResult)[pri:0, instance:testCases.All_Performer_TestCases@4e50c791]" started-at="2026-04-08T00:48:51 IST" name="afterMethod" finished-at="2026-04-08T00:48:52 IST" duration-ms="1434" status="PASS">
          <params>
            <param index="0">
              <value>
                <![CDATA[[TestResult name=PendingActionBox status=FAILURE method=All_Performer_TestCases.PendingActionBox()[pri:18, instance:testCases.All_Performer_TestCases@4e50c791] output={null}]]]>
              </value>
            </param>
          </params>
          <reporter-output>
          </reporter-output>
        </test-method> <!-- afterMethod -->
        <test-method is-config="true" signature="Login()[pri:0, instance:testCases.All_Performer_TestCases@4e50c791]" started-at="2026-04-08T00:48:52 IST" name="Login" finished-at="2026-04-08T00:49:00 IST" duration-ms="7407" status="PASS">
          <reporter-output>
          </reporter-output>
        </test-method> <!-- Login -->
        <test-method signature="PendingActionFilter()[pri:19, instance:testCases.All_Performer_TestCases@4e50c791]" started-at="2026-04-08T00:49:00 IST" name="PendingActionFilter" finished-at="2026-04-08T00:51:38 IST" duration-ms="158593" status="PASS">
          <reporter-output>
          </reporter-output>
        </test-method> <!-- PendingActionFilter -->
        <test-method is-config="true" signature="afterMethod(org.testng.ITestResult)[pri:0, instance:testCases.All_Performer_TestCases@4e50c791]" started-at="2026-04-08T00:51:38 IST" name="afterMethod" finished-at="2026-04-08T00:51:40 IST" duration-ms="1341" status="PASS">
          <params>
            <param index="0">
              <value>
                <![CDATA[[TestResult name=PendingActionFilter status=SUCCESS method=All_Performer_TestCases.PendingActionFilter()[pri:19, instance:testCases.All_Performer_TestCases@4e50c791] output={null}]]]>
              </value>
            </param>
          </params>
          <reporter-output>
          </reporter-output>
        </test-method> <!-- afterMethod -->
        <test-method is-config="true" signature="Login()[pri:0, instance:testCases.All_Performer_TestCases@4e50c791]" started-at="2026-04-08T00:51:40 IST" name="Login" finished-at="2026-04-08T00:51:47 IST" duration-ms="7126" status="PASS">
          <reporter-output>
          </reporter-output>
        </test-method> <!-- Login -->
        <test-method signature="PendingReviewBox()[pri:20, instance:testCases.All_Performer_TestCases@4e50c791]" started-at="2026-04-08T00:51:47 IST" name="PendingReviewBox" finished-at="2026-04-08T00:54:53 IST" duration-ms="185911" status="PASS">
          <reporter-output>
          </reporter-output>
        </test-method> <!-- PendingReviewBox -->
        <test-method is-config="true" signature="afterMethod(org.testng.ITestResult)[pri:0, instance:testCases.All_Performer_TestCases@4e50c791]" started-at="2026-04-08T00:54:53 IST" name="afterMethod" finished-at="2026-04-08T00:54:54 IST" duration-ms="1388" status="PASS">
          <params>
            <param index="0">
              <value>
                <![CDATA[[TestResult name=PendingReviewBox status=SUCCESS method=All_Performer_TestCases.PendingReviewBox()[pri:20, instance:testCases.All_Performer_TestCases@4e50c791] output={null}]]]>
              </value>
            </param>
          </params>
          <reporter-output>
          </reporter-output>
        </test-method> <!-- afterMethod -->
        <test-method is-config="true" signature="Login()[pri:0, instance:testCases.All_Performer_TestCases@4e50c791]" started-at="2026-04-08T00:54:54 IST" name="Login" finished-at="2026-04-08T00:55:01 IST" duration-ms="7195" status="PASS">
          <reporter-output>
          </reporter-output>
        </test-method> <!-- Login -->
        <test-method signature="PendingReviewFilter()[pri:21, instance:testCases.All_Performer_TestCases@4e50c791]" started-at="2026-04-08T00:55:01 IST" name="PendingReviewFilter" finished-at="2026-04-08T00:56:50 IST" duration-ms="108370" status="PASS">
          <reporter-output>
          </reporter-output>
        </test-method> <!-- PendingReviewFilter -->
        <test-method is-config="true" signature="afterMethod(org.testng.ITestResult)[pri:0, instance:testCases.All_Performer_TestCases@4e50c791]" started-at="2026-04-08T00:56:50 IST" name="afterMethod" finished-at="2026-04-08T00:56:51 IST" duration-ms="1388" status="PASS">
          <params>
            <param index="0">
              <value>
                <![CDATA[[TestResult name=PendingReviewFilter status=SUCCESS method=All_Performer_TestCases.PendingReviewFilter()[pri:21, instance:testCases.All_Performer_TestCases@4e50c791] output={null}]]]>
              </value>
            </param>
          </params>
          <reporter-output>
          </reporter-output>
        </test-method> <!-- afterMethod -->
        <test-method is-config="true" signature="Login()[pri:0, instance:testCases.All_Performer_TestCases@4e50c791]" started-at="2026-04-08T00:56:51 IST" name="Login" finished-at="2026-04-08T00:56:59 IST" duration-ms="7969" status="PASS">
          <reporter-output>
          </reporter-output>
        </test-method> <!-- Login -->
        <test-method signature="RegisterUpcoming()[pri:22, instance:testCases.All_Performer_TestCases@4e50c791]" started-at="2026-04-08T00:56:59 IST" name="RegisterUpcoming" finished-at="2026-04-08T01:00:26 IST" duration-ms="207147" status="PASS">
          <reporter-output>
          </reporter-output>
        </test-method> <!-- RegisterUpcoming -->
        <test-method is-config="true" signature="afterMethod(org.testng.ITestResult)[pri:0, instance:testCases.All_Performer_TestCases@4e50c791]" started-at="2026-04-08T01:00:26 IST" name="afterMethod" finished-at="2026-04-08T01:00:27 IST" duration-ms="1373" status="PASS">
          <params>
            <param index="0">
              <value>
                <![CDATA[[TestResult name=RegisterUpcoming status=SUCCESS method=All_Performer_TestCases.RegisterUpcoming()[pri:22, instance:testCases.All_Performer_TestCases@4e50c791] output={null}]]]>
              </value>
            </param>
          </params>
          <reporter-output>
          </reporter-output>
        </test-method> <!-- afterMethod -->
        <test-method is-config="true" signature="Login()[pri:0, instance:testCases.All_Performer_TestCases@4e50c791]" started-at="2026-04-08T01:00:27 IST" name="Login" finished-at="2026-04-08T01:00:35 IST" duration-ms="7472" status="PASS">
          <reporter-output>
          </reporter-output>
        </test-method> <!-- Login -->
        <test-method signature="RegisterOverdue()[pri:23, instance:testCases.All_Performer_TestCases@4e50c791]" started-at="2026-04-08T01:00:35 IST" name="RegisterOverdue" finished-at="2026-04-08T01:02:59 IST" duration-ms="144136" status="PASS">
          <reporter-output>
          </reporter-output>
        </test-method> <!-- RegisterOverdue -->
        <test-method is-config="true" signature="afterMethod(org.testng.ITestResult)[pri:0, instance:testCases.All_Performer_TestCases@4e50c791]" started-at="2026-04-08T01:02:59 IST" name="afterMethod" finished-at="2026-04-08T01:03:00 IST" duration-ms="1354" status="PASS">
          <params>
            <param index="0">
              <value>
                <![CDATA[[TestResult name=RegisterOverdue status=SUCCESS method=All_Performer_TestCases.RegisterOverdue()[pri:23, instance:testCases.All_Performer_TestCases@4e50c791] output={null}]]]>
              </value>
            </param>
          </params>
          <reporter-output>
          </reporter-output>
        </test-method> <!-- afterMethod -->
        <test-method is-config="true" signature="Login()[pri:0, instance:testCases.All_Performer_TestCases@4e50c791]" started-at="2026-04-08T01:03:00 IST" name="Login" finished-at="2026-04-08T01:03:07 IST" duration-ms="6808" status="PASS">
          <reporter-output>
          </reporter-output>
        </test-method> <!-- Login -->
        <test-method signature="RegisterOverdueFilter()[pri:24, instance:testCases.All_Performer_TestCases@4e50c791]" started-at="2026-04-08T01:03:07 IST" name="RegisterOverdueFilter" finished-at="2026-04-08T01:06:19 IST" duration-ms="191558" status="PASS">
          <reporter-output>
          </reporter-output>
        </test-method> <!-- RegisterOverdueFilter -->
        <test-method is-config="true" signature="afterMethod(org.testng.ITestResult)[pri:0, instance:testCases.All_Performer_TestCases@4e50c791]" started-at="2026-04-08T01:06:19 IST" name="afterMethod" finished-at="2026-04-08T01:06:20 IST" duration-ms="1353" status="PASS">
          <params>
            <param index="0">
              <value>
                <![CDATA[[TestResult name=RegisterOverdueFilter status=SUCCESS method=All_Performer_TestCases.RegisterOverdueFilter()[pri:24, instance:testCases.All_Performer_TestCases@4e50c791] output={null}]]]>
              </value>
            </param>
          </params>
          <reporter-output>
          </reporter-output>
        </test-method> <!-- afterMethod -->
        <test-method is-config="true" signature="Login()[pri:0, instance:testCases.All_Performer_TestCases@4e50c791]" started-at="2026-04-08T01:06:20 IST" name="Login" finished-at="2026-04-08T01:06:29 IST" duration-ms="8473" status="PASS">
          <reporter-output>
          </reporter-output>
        </test-method> <!-- Login -->
        <test-method signature="ReturnUpcoming()[pri:26, instance:testCases.All_Performer_TestCases@4e50c791]" started-at="2026-04-08T01:06:29 IST" name="ReturnUpcoming" finished-at="2026-04-08T01:08:47 IST" duration-ms="138056" status="PASS">
          <reporter-output>
          </reporter-output>
        </test-method> <!-- ReturnUpcoming -->
        <test-method is-config="true" signature="afterMethod(org.testng.ITestResult)[pri:0, instance:testCases.All_Performer_TestCases@4e50c791]" started-at="2026-04-08T01:08:47 IST" name="afterMethod" finished-at="2026-04-08T01:08:48 IST" duration-ms="1327" status="PASS">
          <params>
            <param index="0">
              <value>
                <![CDATA[[TestResult name=ReturnUpcoming status=SUCCESS method=All_Performer_TestCases.ReturnUpcoming()[pri:26, instance:testCases.All_Performer_TestCases@4e50c791] output={null}]]]>
              </value>
            </param>
          </params>
          <reporter-output>
          </reporter-output>
        </test-method> <!-- afterMethod -->
        <test-method is-config="true" signature="Login()[pri:0, instance:testCases.All_Performer_TestCases@4e50c791]" started-at="2026-04-08T01:08:48 IST" name="Login" finished-at="2026-04-08T01:08:56 IST" duration-ms="8165" status="PASS">
          <reporter-output>
          </reporter-output>
        </test-method> <!-- Login -->
        <test-method signature="ReturnUpcomingFilter2()[pri:27, instance:testCases.All_Performer_TestCases@4e50c791]" started-at="2026-04-08T01:08:56 IST" name="ReturnUpcomingFilter2" finished-at="2026-04-08T01:11:30 IST" duration-ms="153863" status="PASS">
          <reporter-output>
          </reporter-output>
        </test-method> <!-- ReturnUpcomingFilter2 -->
        <test-method is-config="true" signature="afterMethod(org.testng.ITestResult)[pri:0, instance:testCases.All_Performer_TestCases@4e50c791]" started-at="2026-04-08T01:11:30 IST" name="afterMethod" finished-at="2026-04-08T01:11:31 IST" duration-ms="1341" status="PASS">
          <params>
            <param index="0">
              <value>
                <![CDATA[[TestResult name=ReturnUpcomingFilter2 status=SUCCESS method=All_Performer_TestCases.ReturnUpcomingFilter2()[pri:27, instance:testCases.All_Performer_TestCases@4e50c791] output={null}]]]>
              </value>
            </param>
          </params>
          <reporter-output>
          </reporter-output>
        </test-method> <!-- afterMethod -->
        <test-method is-config="true" signature="Login()[pri:0, instance:testCases.All_Performer_TestCases@4e50c791]" started-at="2026-04-08T01:11:31 IST" name="Login" finished-at="2026-04-08T01:11:38 IST" duration-ms="6851" status="PASS">
          <reporter-output>
          </reporter-output>
        </test-method> <!-- Login -->
        <test-method signature="ReturnOverdue()[pri:28, instance:testCases.All_Performer_TestCases@4e50c791]" started-at="2026-04-08T01:11:38 IST" name="ReturnOverdue" finished-at="2026-04-08T01:13:50 IST" duration-ms="132217" status="PASS">
          <reporter-output>
          </reporter-output>
        </test-method> <!-- ReturnOverdue -->
        <test-method is-config="true" signature="afterMethod(org.testng.ITestResult)[pri:0, instance:testCases.All_Performer_TestCases@4e50c791]" started-at="2026-04-08T01:13:50 IST" name="afterMethod" finished-at="2026-04-08T01:13:52 IST" duration-ms="1345" status="PASS">
          <params>
            <param index="0">
              <value>
                <![CDATA[[TestResult name=ReturnOverdue status=SUCCESS method=All_Performer_TestCases.ReturnOverdue()[pri:28, instance:testCases.All_Performer_TestCases@4e50c791] output={null}]]]>
              </value>
            </param>
          </params>
          <reporter-output>
          </reporter-output>
        </test-method> <!-- afterMethod -->
        <test-method is-config="true" signature="Login()[pri:0, instance:testCases.All_Performer_TestCases@4e50c791]" started-at="2026-04-08T01:13:52 IST" name="Login" finished-at="2026-04-08T01:13:59 IST" duration-ms="7280" status="PASS">
          <reporter-output>
          </reporter-output>
        </test-method> <!-- Login -->
        <test-method signature="ReturnOverdueFilter2()[pri:29, instance:testCases.All_Performer_TestCases@4e50c791]" started-at="2026-04-08T01:13:59 IST" name="ReturnOverdueFilter2" finished-at="2026-04-08T01:17:13 IST" duration-ms="194335" status="PASS">
          <reporter-output>
          </reporter-output>
        </test-method> <!-- ReturnOverdueFilter2 -->
        <test-method is-config="true" signature="afterMethod(org.testng.ITestResult)[pri:0, instance:testCases.All_Performer_TestCases@4e50c791]" started-at="2026-04-08T01:17:13 IST" name="afterMethod" finished-at="2026-04-08T01:17:15 IST" duration-ms="1433" status="PASS">
          <params>
            <param index="0">
              <value>
                <![CDATA[[TestResult name=ReturnOverdueFilter2 status=SUCCESS method=All_Performer_TestCases.ReturnOverdueFilter2()[pri:29, instance:testCases.All_Performer_TestCases@4e50c791] output={null}]]]>
              </value>
            </param>
          </params>
          <reporter-output>
          </reporter-output>
        </test-method> <!-- afterMethod -->
        <test-method is-config="true" signature="Login()[pri:0, instance:testCases.All_Performer_TestCases@4e50c791]" started-at="2026-04-08T01:17:15 IST" name="Login" finished-at="2026-04-08T01:17:22 IST" duration-ms="7338" status="PASS">
          <reporter-output>
          </reporter-output>
        </test-method> <!-- Login -->
        <test-method signature="ReturnAction()[pri:30, instance:testCases.All_Performer_TestCases@4e50c791]" started-at="2026-04-08T01:17:22 IST" name="ReturnAction" finished-at="2026-04-08T01:17:53 IST" duration-ms="31055" status="PASS">
          <reporter-output>
          </reporter-output>
        </test-method> <!-- ReturnAction -->
        <test-method is-config="true" signature="afterMethod(org.testng.ITestResult)[pri:0, instance:testCases.All_Performer_TestCases@4e50c791]" started-at="2026-04-08T01:17:53 IST" name="afterMethod" finished-at="2026-04-08T01:17:55 IST" duration-ms="1320" status="PASS">
          <params>
            <param index="0">
              <value>
                <![CDATA[[TestResult name=ReturnAction status=SUCCESS method=All_Performer_TestCases.ReturnAction()[pri:30, instance:testCases.All_Performer_TestCases@4e50c791] output={null}]]]>
              </value>
            </param>
          </params>
          <reporter-output>
          </reporter-output>
        </test-method> <!-- afterMethod -->
        <test-method is-config="true" signature="Login()[pri:0, instance:testCases.All_Performer_TestCases@4e50c791]" started-at="2026-04-08T01:17:55 IST" name="Login" finished-at="2026-04-08T01:18:02 IST" duration-ms="7416" status="PASS">
          <reporter-output>
          </reporter-output>
        </test-method> <!-- Login -->
        <test-method signature="ReturnActionFilter()[pri:31, instance:testCases.All_Performer_TestCases@4e50c791]" started-at="2026-04-08T01:18:02 IST" name="ReturnActionFilter" finished-at="2026-04-08T01:19:13 IST" duration-ms="70811" status="FAIL">
          <exception class="org.openqa.selenium.NoSuchElementException">
            <message>
              <![CDATA[no such element: Unable to locate element: {"method":"xpath","selector":"//span[contains(text(),'Tirupathi_Branch Andra')]"}
  (Session info: chrome=146.0.7680.178)
For documentation on this error, please visit: https://www.selenium.dev/documentation/webdriver/troubleshooting/errors#nosuchelementexception
Build info: version: '4.39.0', revision: '126f156aee'
System info: os.name: 'Windows 11', os.arch: 'amd64', os.version: '10.0', java.version: '23.0.1'
Driver info: org.openqa.selenium.chrome.ChromeDriver
Command: [e7187878b6f5cb92bec25da1b89a97ed, findElement {value=//span[contains(text(),'Tirupathi_Branch Andra')], using=xpath}]
Capabilities {acceptInsecureCerts: false, browserName: chrome, browserVersion: 146.0.7680.178, chrome: {chromedriverVersion: 146.0.7680.165 (4b989da09e1..., userDataDir: C:\Users\bilali\AppData\Loc...}, fedcm:accounts: true, goog:chromeOptions: {debuggerAddress: localhost:52420}, goog:processID: 18896, networkConnectionEnabled: false, pageLoadStrategy: normal, platformName: windows, proxy: Proxy(), se:cdp: ws://localhost:52420/devtoo..., se:cdpVersion: 146.0.7680.178, setWindowRect: true, strictFileInteractability: false, timeouts: {implicit: 0, pageLoad: 300000, script: 30000}, unhandledPromptBehavior: dismiss and notify, webauthn:extension:credBlob: true, webauthn:extension:largeBlob: true, webauthn:extension:minPinLength: true, webauthn:extension:prf: true, webauthn:virtualAuthenticators: true}
Session ID: e7187878b6f5cb92bec25da1b89a97ed]]>
            </message>
            <full-stacktrace>
[...]
          <exception class="org.openqa.selenium.NoSuchElementException">
            <message>
              <![CDATA[Unable to find element with locator By.xpath: //span[normalize-space()='Manage Masters']
For documentation on this error, please visit: https://www.selenium.dev/documentation/webdriver/troubleshooting/errors#nosuchelementexception
Build info: version: '4.39.0', revision: '126f156aee'
System info: os.name: 'Windows 11', os.arch: 'amd64', os.version: '10.0', java.version: '23.0.1'
Driver info: driver.version: RemoteWebDriver]]>
            </message>
            <full-stacktrace>
              <![CDATA[org.openqa.selenium.NoSuchElementException: Unable to find element with locator By.xpath: //span[normalize-space()='Manage Masters']
For documentation on this error, please visit: https://www.selenium.dev/documentation/webdriver/troubleshooting/errors#nosuchelementexception
Build info: version: '4.39.0', revision: '126f156aee'
System info: os.name: 'Windows 11', os.arch: 'amd64', os.version: '10.0', java.version: '23.0.1'
Driver info: driver.version: RemoteWebDriver
at org.openqa.selenium.remote.ElementLocation$ElementFinder$2.findElement(ElementLocation.java:169)
at org.openqa.selenium.remote.ElementLocation.findElement(ElementLocation.java:60)
at org.openqa.selenium.remote.RemoteWebDriver.findElement(RemoteWebDriver.java:384)
at org.openqa.selenium.remote.RemoteWebDriver.findElement(RemoteWebDriver.java:378)
at performer.PerformerLocator.clickManageMaster(PerformerLocator.java:1378)
at performer.PerformerMethod.leaveTypeExport(PerformerMethod.java:6629)
at testCases.All_Performer_TestCases.leaveTypeExport(All_Performer_TestCases.java:883)
at java.base/jdk.internal.reflect.DirectMethodHandleAccessor.invoke(DirectMethodHandleAccessor.java:103)
at java.base/java.lang.reflect.Method.invoke(Method.java:580)
at org.testng.internal.invokers.MethodInvocationHelper.invokeMethod(MethodInvocationHelper.java:139)
at org.testng.internal.invokers.TestInvoker.invokeMethod(TestInvoker.java:677)
at org.testng.internal.invokers.TestInvoker.invokeTestMethod(TestInvoker.java:221)
at org.testng.internal.invokers.MethodRunner.runInSequence(MethodRunner.java:50)
at org.testng.internal.invokers.TestInvoker$MethodInvocationAgent.invoke(TestInvoker.java:969)
at org.testng.internal.invokers.TestInvoker.invokeTestMethods(TestInvoker.java:194)
at org.testng.internal.invokers.TestMethodWorker.invokeTestMethods(TestMethodWorker.java:148)
at org.testng.internal.invokers.TestMethodWorker.run(TestMethodWorker.java:128)
at java.base/java.util.ArrayList.forEach(ArrayList.java:1597)
at org.testng.TestRunner.privateRun(TestRunner.java:829)
at org.testng.TestRunner.run(TestRunner.java:602)
at org.testng.SuiteRunner.runTest(SuiteRunner.java:437)
at org.testng.SuiteRunner.runSequentially(SuiteRunner.java:431)
at org.testng.SuiteRunner.privateRun(SuiteRunner.java:391)
at org.testng.SuiteRunner.run(SuiteRunner.java:330)
at org.testng.SuiteRunnerWorker.runSuite(SuiteRunnerWorker.java:52)
at org.testng.SuiteRunnerWorker.run(SuiteRunnerWorker.java:95)
at org.testng.TestNG.runSuitesSequentially(TestNG.java:1256)
at org.testng.TestNG.runSuitesLocally(TestNG.java:1176)
at org.testng.TestNG.runSuites(TestNG.java:1099)
at org.testng.TestNG.run(TestNG.java:1067)
at org.testng.remote.AbstractRemoteTestNG.run(AbstractRemoteTestNG.java:115)
at org.testng.remote.RemoteTestNG.initAndRun(RemoteTestNG.java:293)
at org.testng.remote.RemoteTestNG.main(RemoteTestNG.java:91)
]]>
            </full-stacktrace>
          </exception> <!-- org.openqa.selenium.NoSuchElementException -->
          <reporter-output>
          </reporter-output>
        </test-method> <!-- leaveTypeExport -->
        <test-method is-config="true" signature="afterMethod(org.testng.ITestResult)[pri:0, instance:testCases.All_Performer_TestCases@4e50c791]" started-at="2026-04-08T02:30:30 IST" name="afterMethod" finished-at="2026-04-08T02:31:01 IST" duration-ms="31345" status="PASS">
          <params>
            <param index="0">
              <value>
                <![CDATA[[TestResult name=leaveTypeExport status=FAILURE method=All_Performer_TestCases.leaveTypeExport()[pri:59, instance:testCases.All_Performer_TestCases@4e50c791] output={null}]]]>
              </value>
            </param>
          </params>
          <reporter-output>
          </reporter-output>
        </test-method> <!-- afterMethod -->
        <test-method is-config="true" signature="Login()[pri:0, instance:testCases.All_Performer_TestCases@4e50c791]" started-at="2026-04-08T02:31:01 IST" name="Login" finished-at="2026-04-08T02:31:08 IST" duration-ms="6837" status="PASS">
          <reporter-output>
          </reporter-output>
        </test-method> <!-- Login -->
        <test-method signature="PaycodeMappingSearchField()[pri:60, instance:testCases.All_Performer_TestCases@4e50c791]" started-at="2026-04-08T02:31:08 IST" name="PaycodeMappingSearchField" finished-at="2026-04-08T02:31:48 IST" duration-ms="40088" status="PASS">
          <reporter-output>
          </reporter-output>
        </test-method> <!-- PaycodeMappingSearchField -->
        <test-method is-config="true" signature="afterMethod(org.testng.ITestResult)[pri:0, instance:testCases.All_Performer_TestCases@4e50c791]" started-at="2026-04-08T02:31:48 IST" name="afterMethod" finished-at="2026-04-08T02:31:49 IST" duration-ms="1307" status="PASS">
          <params>
            <param index="0">
              <value>
                <![CDATA[[TestResult name=PaycodeMappingSearchField status=SUCCESS method=All_Performer_TestCases.PaycodeMappingSearchField()[pri:60, instance:testCases.All_Performer_TestCases@4e50c791] output={null}]]]>
              </value>
            </param>
          </params>
          <reporter-output>
          </reporter-output>
        </test-method> <!-- afterMethod -->
        <test-method is-config="true" signature="Login()[pri:0, instance:testCases.All_Performer_TestCases@4e50c791]" started-at="2026-04-08T02:31:49 IST" name="Login" finished-at="2026-04-08T02:31:56 IST" duration-ms="6515" status="PASS">
          <reporter-output>
          </reporter-output>
        </test-method> <!-- Login -->
        <test-method signature="PaycodeMappingAddNew()[pri:61, instance:testCases.All_Performer_TestCases@4e50c791]" started-at="2026-04-08T02:31:56 IST" name="PaycodeMappingAddNew" finished-at="2026-04-08T02:32:42 IST" duration-ms="46547" status="PASS">
          <reporter-output>
          </reporter-output>
        </test-method> <!-- PaycodeMappingAddNew -->
        <test-method is-config="true" signature="afterMethod(org.testng.ITestResult)[pri:0, instance:testCases.All_Performer_TestCases@4e50c791]" started-at="2026-04-08T02:32:42 IST" name="afterMethod" finished-at="2026-04-08T02:32:43 IST" duration-ms="1316" status="PASS">
          <params>
            <param index="0">
              <value>
                <![CDATA[[TestResult name=PaycodeMappingAddNew status=SUCCESS method=All_Performer_TestCases.PaycodeMappingAddNew()[pri:61, instance:testCases.All_Performer_TestCases@4e50c791] output={null}]]]>
              </value>
            </param>
          </params>
          <reporter-output>
          </reporter-output>
        </test-method> <!-- afterMethod -->
        <test-method is-config="true" signature="Login()[pri:0, instance:testCases.All_Performer_TestCases@4e50c791]" started-at="2026-04-08T02:32:43 IST" name="Login" finished-at="2026-04-08T02:32:50 IST" duration-ms="6331" status="PASS">
          <reporter-output>
          </reporter-output>
        </test-method> <!-- Login -->
        <test-method signature="PaycodeMappingEditUpdate()[pri:62, instance:testCases.All_Performer_TestCases@4e50c791]" started-at="2026-04-08T02:32:50 IST" name="PaycodeMappingEditUpdate" finished-at="2026-04-08T02:33:10 IST" duration-ms="19814" status="FAIL">
          <exception class="org.openqa.selenium.NoSuchElementException">
            <message>
              <![CDATA[no such element: Unable to locate element: {"method":"xpath","selector":"//h4[@class='f-label']"}
  (Session info: chrome=146.0.7680.178)
For documentation on this error, please visit: https://www.selenium.dev/documentation/webdriver/troubleshooting/errors#nosuchelementexception
Build info: version: '4.39.0', revision: '126f156aee'
System info: os.name: 'Windows 11', os.arch: 'amd64', os.version: '10.0', java.version: '23.0.1'
Driver info: org.openqa.selenium.chrome.ChromeDriver
Command: [eab649a3b0eb4aaa54039602762b6495, findElement {value=//h4[@class='f-label'], using=xpath}]
Capabilities {acceptInsecureCerts: false, browserName: chrome, browserVersion: 146.0.7680.178, chrome: {chromedriverVersion: 146.0.7680.165 (4b989da09e1..., userDataDir: C:\Users\bilali\AppData\Loc...}, fedcm:accounts: true, goog:chromeOptions: {debuggerAddress: localhost:63372}, goog:processID: 35628, networkConnectionEnabled: false, pageLoadStrategy: normal, platformName: windows, proxy: Proxy(), se:cdp: ws://localhost:63372/devtoo..., se:cdpVersion: 146.0.7680.178, setWindowRect: true, strictFileInteractability: false, timeouts: {implicit: 0, pageLoad: 300000, script: 30000}, unhandledPromptBehavior: dismiss and notify, webauthn:extension:credBlob: true, webauthn:extension:largeBlob: true, webauthn:extension:minPinLength: true, webauthn:extension:prf: true, webauthn:virtualAuthenticators: true}
Session ID: eab649a3b0eb4aaa54039602762b6495]]>
            </message>
            <full-stacktrace>
              <![CDATA[org.openqa.selenium.NoSuchElementException: no such element: Unable to locate element: {"method":"xpath","selector":"//h4[@class='f-label']"}
  (Session info: chrome=146.0.7680.178)
For documentation on this error, please visit: https://www.selenium.dev/documentation/webdriver/troubleshooting/errors#nosuchelementexception
Build info: version: '4.39.0', revision: '126f156aee'
System info: os.name: 'Windows 11', os.arch: 'amd64', os.version: '10.0', java.version: '23.0.1'
Driver info: org.openqa.selenium.chrome.ChromeDriver
Command: [eab649a3b0eb4aaa54039602762b6495, findElement {value=//h4[@class='f-label'], using=xpath}]
Capabilities {acceptInsecureCerts: false, browserName: chrome, browserVersion: 146.0.7680.178, chrome: {chromedriverVersion: 146.0.7680.165 (4b989da09e1..., userDataDir: C:\Users\bilali\AppData\Loc...}, fedcm:accounts: true, goog:chromeOptions: {debuggerAddress: localhost:63372}, goog:processID: 35628, networkConnectionEnabled: false, pageLoadStrategy: normal, platformName: windows, proxy: Proxy(), se:cdp: ws://localhost:63372/devtoo..., se:cdpVersion: 146.0.7680.178, setWindowRect: true, strictFileInteractability: false, timeouts: {implicit: 0, pageLoad: 300000, script: 30000}, unhandledPromptBehavior: dismiss and notify, webauthn:extension:credBlob: true, webauthn:extension:largeBlob: true, webauthn:extension:minPinLength: true, webauthn:extension:prf: true, webauthn:virtualAuthenticators: true}
Session ID: eab649a3b0eb4aaa54039602762b6495
at java.base/jdk.internal.reflect.DirectConstructorHandleAccessor.newInstance(DirectConstructorHandleAccessor.java:62)
at java.base/java.lang.reflect.Constructor.newInstanceWithCaller(Constructor.java:501)
at java.base/java.lang.reflect.Constructor.newInstance(Constructor.java:485)
at org.openqa.selenium.remote.ErrorCodec.decode(ErrorCodec.java:167)
at org.openqa.selenium.remote.codec.w3c.W3CHttpResponseCodec.decode(W3CHttpResponseCodec.java:142)
at org.openqa.selenium.remote.codec.w3c.W3CHttpResponseCodec.decode(W3CHttpResponseCodec.java:49)
at org.openqa.selenium.remote.HttpCommandExecutor.execute(HttpCommandExecutor.java:215)
at org.openqa.selenium.remote.service.DriverCommandExecutor.invokeExecute(DriverCommandExecutor.java:216)
at org.openqa.selenium.remote.service.DriverCommandExecutor.execute(DriverCommandExecutor.java:174)
at org.openqa.selenium.remote.RemoteWebDriver.execute(RemoteWebDriver.java:561)
at org.openqa.selenium.remote.ElementLocation$ElementFinder$2.findElement(ElementLocation.java:166)
at org.openqa.selenium.remote.ElementLocation.findElement(ElementLocation.java:60)
at org.openqa.selenium.remote.RemoteWebDriver.findElement(RemoteWebDriver.java:384)
at org.openqa.selenium.remote.RemoteWebDriver.findElement(RemoteWebDriver.java:378)
at performer.PerformerMethod.PaycodeMappingEditUpdate(PerformerMethod.java:7286)
at testCases.All_Performer_TestCases.PaycodeMappingEditUpdate(All_Performer_TestCases.java:915)
at java.base/jdk.internal.reflect.DirectMethodHandleAccessor.invoke(DirectMethodHandleAccessor.java:103)
at java.base/java.lang.reflect.Method.invoke(Method.java:580)
at org.testng.internal.invokers.MethodInvocationHelper.invokeMethod(MethodInvocationHelper.java:139)
at org.testng.internal.invokers.TestInvoker.invokeMethod(TestInvoker.java:677)
at org.testng.internal.invokers.TestInvoker.invokeTestMethod(TestInvoker.java:221)
at org.testng.internal.invokers.MethodRunner.runInSequence(MethodRunner.java:50)
at org.testng.internal.invokers.TestInvoker$MethodInvocationAgent.invoke(TestInvoker.java:969)
at org.testng.internal.invokers.TestInvoker.invokeTestMethods(TestInvoker.java:194)
at org.testng.internal.invokers.TestMethodWorker.invokeTestMethods(TestMethodWorker.java:148)
at org.testng.internal.invokers.TestMethodWorker.run(TestMethodWorker.java:128)
at java.base/java.util.ArrayList.forEach(ArrayList.java:1597)
at org.testng.TestRunner.privateRun(TestRunner.java:829)
at org.testng.TestRunner.run(TestRunner.java:602)
at org.testng.SuiteRunner.runTest(SuiteRunner.java:437)
at org.testng.SuiteRunner.runSequentially(SuiteRunner.java:431)
at org.testng.SuiteRunner.privateRun(SuiteRunner.java:391)
at org.testng.SuiteRunner.run(SuiteRunner.java:330)
at org.testng.SuiteRunnerWorker.runSuite(SuiteRunnerWorker.java:52)
at org.testng.SuiteRunnerWorker.run(SuiteRunnerWorker.java:95)
at org.testng.TestNG.runSuitesSequentially(TestNG.java:1256)
at org.testng.TestNG.runSuitesLocally(TestNG.java:1176)
at org.testng.TestNG.runSuites(TestNG.java:1099)
at org.testng.TestNG.run(TestNG.java:1067)
at org.testng.remote.AbstractRemoteTestNG.run(AbstractRemoteTestNG.java:115)
at org.testng.remote.RemoteTestNG.initAndRun(RemoteTestNG.java:293)
at org.testng.remote.RemoteTestNG.main(RemoteTestNG.java:91)
]]>
            </full-stacktrace>
          </exception> <!-- org.openqa.selenium.NoSuchElementException -->
          <reporter-output>
          </reporter-output>
        </test-method> <!-- PaycodeMappingEditUpdate -->
        <test-method is-config="true" signature="afterMethod(org.testng.ITestResult)[pri:0, instance:testCases.All_Performer_TestCases@4e50c791]" started-at="2026-04-08T02:33:10 IST" name="afterMethod" finished-at="2026-04-08T02:33:11 IST" duration-ms="1333" status="PASS">
          <params>
            <param index="0">
              <value>
                <![CDATA[[TestResult name=PaycodeMappingEditUpdate status=FAILURE method=All_Performer_TestCases.PaycodeMappingEditUpdate()[pri:62, instance:testCases.All_Performer_TestCases@4e50c791] output={null}]]]>
              </value>
            </param>
          </params>
          <reporter-output>
          </reporter-output>
        </test-method> <!-- afterMethod -->
        <test-method is-config="true" signature="Login()[pri:0, instance:testCases.All_Performer_TestCases@4e50c791]" started-at="2026-04-08T02:33:11 IST" name="Login" finished-at="2026-04-08T02:33:17 IST" duration-ms="6378" status="PASS">
          <reporter-output>
          </reporter-output>
        </test-method> <!-- Login -->
        <test-method signature="PaycodeMappingUpload()[pri:63, instance:testCases.All_Performer_TestCases@4e50c791]" started-at="2026-04-08T02:33:17 IST" name="PaycodeMappingUpload" finished-at="2026-04-08T02:34:15 IST" duration-ms="58080" status="PASS">
          <reporter-output>
          </reporter-output>
        </test-method> <!-- PaycodeMappingUpload -->
        <test-method is-config="true" signature="afterMethod(org.testng.ITestResult)[pri:0, instance:testCases.All_Performer_TestCases@4e50c791]" started-at="2026-04-08T02:34:15 IST" name="afterMethod" finished-at="2026-04-08T02:34:17 IST" duration-ms="1346" status="PASS">
          <params>
            <param index="0">
              <value>
                <![CDATA[[TestResult name=PaycodeMappingUpload status=SUCCESS method=All_Performer_TestCases.PaycodeMappingUpload()[pri:63, instance:testCases.All_Performer_TestCases@4e50c791] output={null}]]]>
              </value>
            </param>
          </params>
          <reporter-output>
          </reporter-output>
        </test-method> <!-- afterMethod -->
        <test-method is-config="true" signature="Login()[pri:0, instance:testCases.All_Performer_TestCases@4e50c791]" started-at="2026-04-08T02:34:17 IST" name="Login" finished-at="2026-04-08T02:34:25 IST" duration-ms="8510" status="PASS">
          <reporter-output>
          </reporter-output>
        </test-method> <!-- Login -->
        <test-method signature="PaycodeMappingUploadInvalid()[pri:64, instance:testCases.All_Performer_TestCases@4e50c791]" started-at="2026-04-08T02:34:25 IST" name="PaycodeMappingUploadInvalid" finished-at="2026-04-08T02:35:12 IST" duration-ms="47103" status="PASS">
          <reporter-output>
          </reporter-output>
        </test-method> <!-- PaycodeMappingUploadInvalid -->
        <test-method is-config="true" signature="afterMethod(org.testng.ITestResult)[pri:0, instance:testCases.All_Performer_TestCases@4e50c791]" started-at="2026-04-08T02:35:12 IST" name="afterMethod" finished-at="2026-04-08T02:35:14 IST" duration-ms="1341" status="PASS">
          <params>
            <param index="0">
              <value>
                <![CDATA[[TestResult name=PaycodeMappingUploadInvalid status=SUCCESS method=All_Performer_TestCases.PaycodeMappingUploadInvalid()[pri:64, instance:testCases.All_Performer_TestCases@4e50c791] output={null}]]]>
              </value>
            </param>
          </params>
          <reporter-output>
          </reporter-output>
        </test-method> <!-- afterMethod -->
        <test-method is-config="true" signature="Login()[pri:0, instance:testCases.All_Performer_TestCases@4e50c791]" started-at="2026-04-08T02:35:14 IST" name="Login" finished-at="2026-04-08T02:35:20 IST" duration-ms="6770" status="PASS">
          <reporter-output>
          </reporter-output>
        </test-method> <!-- Login -->
        <test-method signature="MastersStaturyDoc()[pri:65, instance:testCases.All_Performer_TestCases@4e50c791]" started-at="2026-04-08T02:35:20 IST" name="MastersStaturyDoc" finished-at="2026-04-08T02:38:34 IST" duration-ms="193208" status="PASS">
          <reporter-output>
          </reporter-output>
        </test-method> <!-- MastersStaturyDoc -->
        <test-method is-config="true" signature="afterMethod(org.testng.ITestResult)[pri:0, instance:testCases.All_Performer_TestCases@4e50c791]" started-at="2026-04-08T02:38:34 IST" name="afterMethod" finished-at="2026-04-08T02:38:35 IST" duration-ms="1359" status="PASS">
          <params>
            <param index="0">
              <value>
                <![CDATA[[TestResult name=MastersStaturyDoc status=SUCCESS method=All_Performer_TestCases.MastersStaturyDoc()[pri:65, instance:testCases.All_Performer_TestCases@4e50c791] output={null}]]]>
              </value>
            </param>
          </params>
          <reporter-output>
          </reporter-output>
        </test-method> <!-- afterMethod -->
        <test-method is-config="true" signature="Closing()[pri:0, instance:testCases.All_Performer_TestCases@4e50c791]" started-at="2026-04-08T02:38:35 IST" name="Closing" finished-at="2026-04-08T02:38:35 IST" duration-ms="2" status="PASS">
          <reporter-output>
          </reporter-output>
        </test-method> <!-- Closing -->
      </class> <!-- testCases.All_Performer_TestCases -->
    </test> <!-- Default test -->
  </suite> <!-- Default suite -->
</testng-results>
