<?xml version="1.0" encoding="UTF-8"?>
<testng-results ignored="59" total="60" passed="1" failed="0" skipped="0">
  <reporter-output>
  </reporter-output>
  <suite started-at="2026-02-27T10:04:39 IST" name="Default suite" finished-at="2026-02-27T10:10:45 IST" duration-ms="366675">
    <groups>
    </groups>
    <test started-at="2026-02-27T10:04:39 IST" name="Default test" finished-at="2026-02-27T10:10:45 IST" duration-ms="366675">
      <class name="testCases.All_Performer_TestCases">
        <test-method is-config="true" signature="setBrowser()[pri:0, instance:testCases.All_Performer_TestCases@4961f6af]" started-at="2026-02-27T10:04:39 IST" name="setBrowser" finished-at="2026-02-27T10:04:40 IST" duration-ms="1027" status="PASS">
          <reporter-output>
          </reporter-output>
        </test-method> <!-- setBrowser -->
        <test-method is-config="true" signature="Login()[pri:0, instance:testCases.All_Performer_TestCases@4961f6af]" started-at="2026-02-27T10:04:40 IST" name="Login" finished-at="2026-02-27T10:04:48 IST" duration-ms="8358" status="PASS">
          <reporter-output>
          </reporter-output>
        </test-method> <!-- Login -->
        <test-method signature="Complied()[pri:35, instance:testCases.All_Performer_TestCases@4961f6af]" started-at="2026-02-27T10:04:48 IST" name="Complied" finished-at="2026-02-27T10:10:44 IST" duration-ms="355525" status="PASS">
          <reporter-output>
          </reporter-output>
        </test-method> <!-- Complied -->
        <test-method is-config="true" signature="afterMethod(org.testng.ITestResult)[pri:0, instance:testCases.All_Performer_TestCases@4961f6af]" started-at="2026-02-27T10:10:44 IST" name="afterMethod" finished-at="2026-02-27T10:10:45 IST" duration-ms="1628" status="PASS">
          <params>
            <param index="0">
              <value>
                <![CDATA[[TestResult name=Complied status=SUCCESS method=All_Performer_TestCases.Complied()[pri:35, instance:testCases.All_Performer_TestCases@4961f6af] output={null}]]]>
              </value>
            </param>
          </params>
          <reporter-output>
          </reporter-output>
        </test-method> <!-- afterMethod -->
        <test-method is-config="true" signature="Closing()[pri:0, instance:testCases.All_Performer_TestCases@4961f6af]" started-at="2026-02-27T10:10:45 IST" name="Closing" finished-at="2026-02-27T10:10:45 IST" duration-ms="1" status="PASS">
          <reporter-output>
          </reporter-output>
        </test-method> <!-- Closing -->
      </class> <!-- testCases.All_Performer_TestCases -->
    </test> <!-- Default test -->
  </suite> <!-- Default suite -->
</testng-results>
