<?xml version="1.0" encoding="UTF-8"?>
<!-- Generated by org.testng.reporters.JUnitReportReporter -->
<testsuite hostname="TRPL-PUN-0268" failures="0" tests="7" name="testCases.SMETestCase" time="510.164" errors="0" timestamp="2025-09-28T13:00:27 IST" skipped="0">
  <testcase classname="testCases.SMETestCase" name="CountMatch" time="96.173"/>
  <system-out/>
  <testcase classname="testCases.SMETestCase" name="PendingAction" time="100.139"/>
  <system-out/>
  <testcase classname="testCases.SMETestCase" name="Overdue" time="108.173"/>
  <system-out/>
  <testcase classname="testCases.SMETestCase" name="Closed" time="101.945"/>
  <system-out/>
  <testcase classname="testCases.SMETestCase" name="NoticeExportBtn" time="42.753"/>
  <system-out/>
  <testcase classname="testCases.SMETestCase" name="NoticeSearchBox" time="30.945"/>
  <system-out/>
  <testcase classname="testCases.SMETestCase" name="NoticeEditDownload" time="30.036"/>
  <system-out/>
</testsuite> <!-- testCases.SMETestCase -->
